Start testing: Jul 21 21:27 �й���׼ʱ��
----------------------------------------------------------
1/8 Testing: CaesuraSyncTestAssets
1/8 Test: CaesuraSyncTestAssets
Command: "C:/Program Files/CMake/bin/cmake.exe" "-P" "D:/文件存放处/codex/Caesura(AmeKAG)/build-architecture-verify/tests/sync_caesura_test_assets_Debug.cmake"
Directory: D:/文件存放处/codex/Caesura(AmeKAG)/build-architecture-verify/tests
"CaesuraSyncTestAssets" start time: Jul 21 21:27 �й���׼ʱ��
Output:
----------------------------------------------------------
<end of output>
Test time =   0.04 sec
----------------------------------------------------------
Test Passed.
"CaesuraSyncTestAssets" end time: Jul 21 21:27 �й���׼ʱ��
"CaesuraSyncTestAssets" time elapsed: 00:00:00
----------------------------------------------------------

2/8 Testing: CaesuraUnitTests
2/8 Test: CaesuraUnitTests
Command: "D:/文件存放处/codex/Caesura(AmeKAG)/build-architecture-verify/tests/Debug/CaesuraTests.exe"
Directory: D:/文件存放处/codex/Caesura(AmeKAG)/build-architecture-verify/tests/Debug
"CaesuraUnitTests" start time: Jul 21 21:27 �й���׼ʱ��
Output:
----------------------------------------------------------
[AsyncLoader] Asset not found: test.png
[AsyncLoader] Asset not found: test.png
[AsyncLoader] Path rejected: ../secret.png
[doctest] doctest version is "2.5.0"
[doctest] run with "--help" for options
[AssetManager] Initialized (dir providers).
[AsyncLoader] Initialized via JobSystem (max 16 pending)
[AsyncLoader] Shutdown complete.
[JobSystem] Initialized: 15 worker(s) (hw=16)
[AssetManager] Initialized (dir providers).
[AsyncLoader] Initialized via JobSystem (max 16 pending)
[AsyncLoader] Shutdown complete.
[JobSystem] Worker 2 started.
[JobSystem] Worker 2 stopped.
[JobSystem] Worker 5 started.
[JobSystem] Worker 5 stopped.
[JobSystem] Worker 6 started.
[JobSystem] Worker 6 stopped.
[JobSystem] Worker 1 started.
[JobSystem] Worker 1 stopped.
[JobSystem] Worker 4 started.
[JobSystem] Worker 4 stopped.
[JobSystem] Worker 13 started.
[JobSystem] Worker 13 stopped.
[JobSystem] Worker 14 started.
[JobSystem] Worker 14 stopped.
[JobSystem] Worker 9 started.
[JobSystem] Worker 9 stopped.
[JobSystem] Worker 10 started.
[JobSystem] Worker 10 stopped.
[JobSystem] Worker 11 started.
[JobSystem] Worker 11 stopped.
[JobSystem] Worker 12 started.
[JobSystem] Worker 12 stopped.
[JobSystem] Worker 0 started.
[JobSystem] Worker 0 stopped.
[JobSystem] Worker 7 started.
[JobSystem] Worker 7 stopped.
[JobSystem] Worker 3 started.
[JobSystem] Worker 3 stopped.
[JobSystem] Worker 8 started.
[JobSystem] Worker 8 stopped.
[JobSystem] Shutdown complete.
[JobSystem] Worker 0 started.
[JobSystem] Worker 1 started.
[JobSystem] Initialized: 15 worker(s) (hw=16)
[AssetManager] Initialized (dir providers).
[AsyncLoader] Initialized via JobSystem (max 16 pending)
[JobSystem] Worker 2 started.
[AsyncLoader] Enqueued #1: test.png (texture) [pending=1]
[JobSystem] Worker 3 started.
[JobSystem] Worker 4 started.
[JobSystem] Worker 5 started.
[JobSystem] Worker 6 started.
[JobSystem] Worker 7 started.
[JobSystem] Worker 9 started.
[JobSystem] Worker 8 started.
[JobSystem] Worker 11 started.
[JobSystem] Worker 10 started.
[JobSystem] Worker 12 started.
[JobSystem] Worker 13 started.
[JobSystem] Worker 14 started.
[AsyncLoader] Shutdown complete.
[JobSystem] Worker 2 stopped.
[JobSystem] Worker 10 stopped.
[JobSystem] Worker 6 stopped.
[JobSystem] Worker 1 stopped.
[JobSystem] Worker 4 stopped.
[JobSystem] Worker 14 stopped.
[JobSystem] Worker 3 stopped.
[JobSystem] Worker 7 stopped.
[JobSystem] Worker 9 stopped.
[JobSystem] Worker 11 stopped.
[JobSystem] Worker 8 stopped.
[JobSystem] Worker 5 stopped.
[JobSystem] Worker 0 stopped.
[JobSystem] Worker 12 stopped.
[JobSystem] Worker 13 stopped.
[JobSystem] Shutdown complete.
[JobSystem] Worker 0 started.
[JobSystem] Worker 3 started.
[JobSystem] Worker 2 started.
[JobSystem] Initialized: 15 worker(s) (hw=16)
[AssetManager] Initialized (dir providers).
[AsyncLoader] Initialized via JobSystem (max 16 pending)
[JobSystem] Worker 1 started.
[AsyncLoader] Enqueued #1: test.png (texture) [pending=1]
[AsyncLoader] All loads cancelled.
[JobSystem] Worker 4 started.
[JobSystem] Worker 5 started.
[JobSystem] Worker 6 started.
[JobSystem] Worker 7 started.
[JobSystem] Worker 8 started.
[JobSystem] Worker 9 started.
[JobSystem] Worker 10 started.
[JobSystem] Worker 11 started.
[JobSystem] Worker 12 started.
[JobSystem] Worker 13 started.
[JobSystem] Worker 14 started.
[AsyncLoader] Shutdown complete.
[JobSystem] Worker 5 stopped.
[JobSystem] Worker 1 stopped.
[JobSystem] Worker 13 stopped.
[JobSystem] Worker 9 stopped.
[JobSystem] Worker 7 stopped.
[JobSystem] Worker 12 stopped.
[JobSystem] Worker 11 stopped.
[JobSystem] Worker 4 stopped.
[JobSystem] Worker 10 stopped.
[JobSystem] Worker 14 stopped.
[JobSystem] Worker 8 stopped.
[JobSystem] Worker 2 stopped.
[JobSystem] Worker 3 stopped.
[JobSystem] Worker 6 stopped.
[JobSystem] Worker 0 stopped.
[JobSystem] Shutdown complete.
[JobSystem] Worker 0 started.
[JobSystem] Worker 4 started.
[JobSystem] Worker 7 started.
[JobSystem] Worker 3 started.
[JobSystem] Initialized: 15 worker(s) (hw=16)
[AssetManager] Initialized (dir providers).
[AsyncLoader] Initialized via JobSystem (max 16 pending)
[JobSystem] Worker 12 started.
[AsyncLoader] Shutdown complete.
[JobSystem] Worker 3 stopped.
[JobSystem[AsyncLoader] Asset not found: a.png
[AsyncLoader] Asset not found: b.png
[AsyncLoader] Asset not found: test.png
[AsyncLoader] Asset not found: a.png
[AsyncLoader] Asset not found: b.png
[AsyncLoader] Path rejected: ../secret.png
[AsyncLoader] JobSystem unavailable; rejecting: test.png
] Worker 7 stopped.
[JobSystem] Worker 12 stopped.
[JobSystem] Worker 4 stopped.
[JobSystem] Worker 6 started.
[JobSystem] Worker 6 stopped.
[JobSystem] Worker 0 stopped.
[JobSystem] Worker 5 started.
[JobSystem] Worker 5 stopped.
[JobSystem] Worker 2 started.
[JobSystem] Worker 2 stopped.
[JobSystem] Worker 8 started.
[JobSystem] Worker 8 stopped.
[JobSystem] Worker 9 started.
[JobSystem] Worker 9 stopped.
[JobSystem] Worker 10 started.
[JobSystem] Worker 10 stopped.
[JobSystem] Worker 11 started.
[JobSystem] Worker 11 stopped.
[JobSystem] Worker 1 started.
[JobSystem] Worker 1 stopped.
[JobSystem] Worker 13 started.
[JobSystem] Worker 13 stopped.
[JobSystem] Worker 14 started.
[JobSystem] Worker 14 stopped.
[JobSystem] Shutdown complete.
[JobSystem] Worker 0 started.
[JobSystem] Worker 1 started.
[JobSystem] Worker 2 started.
[JobSystem] Worker 3 started.
[JobSystem] Initialized: 15 worker(s) (hw=16)
[AssetManager] Initialized (dir providers).
[AsyncLoader] Initialized via JobSystem (max 16 pending)
[JobSystem] Worker 10 started.
[AsyncLoader] Enqueued #1: a.png (texture) [pending=1]
[AsyncLoader] Enqueued #2: b.png (texture) [pending=2]
[AsyncLoader] All loads cancelled.
[JobSystem] Worker 5 started.
[JobSystem] Worker 6 started.
[JobSystem] Worker 7 started.
[JobSystem] Worker 8 started.
[JobSystem] Worker 9 started.
[JobSystem] Worker 11 started.
[JobSystem] Worker 4 started.
[JobSystem] Worker 12 started.
[JobSystem] Worker 13 started.
[JobSystem] Worker 14 started.
[AsyncLoader] Shutdown complete.
[JobSystem] Worker 7 stopped.
[JobSystem] Worker 1 stopped.
[JobSystem] Worker 11 stopped.
[JobSystem] Worker 3 stopped.
[JobSystem] Worker 10 stopped.
[JobSystem] Worker 9 stopped.
[JobSystem] Worker 5 stopped.
[JobSystem] Worker 8 stopped.
[JobSystem] Worker 6 stopped.
[JobSystem] Worker 13 stopped.
[JobSystem] Worker 12 stopped.
[JobSystem] Worker 2 stopped.
[JobSystem] Worker 14 stopped.
[JobSystem] Worker 0 stopped.
[JobSystem] Worker 4 stopped.
[JobSystem] Shutdown complete.
[JobSystem] Worker 0 started.
[JobSystem] Worker 1 started.
[JobSystem] Worker 2 started.
[JobSystem] Worker 3 started.
[JobSystem] Initialized: 15 worker(s) (hw=16)
[AssetManager] Initialized (dir providers).
[AsyncLoader] Initialized via JobSystem (max 16 pending)
[AsyncLoader] Shutdown complete.
[JobSystem] Worker 3 stopped.
[JobSystem] Worker 2 stopped.
[JobSystem] Worker 1 stopped.
[JobSystem] Worker 0 stopped.
[JobSystem] Worker 13 started.
[JobSystem] Worker 13 stopped.
[JobSystem] Worker 6 started.
[JobSystem] Worker 6 stopped.
[JobSystem] Worker 7 started.
[JobSystem] Worker 7 stopped.
[JobSystem] Worker 8 started.
[JobSystem] Worker 8 stopped.
[JobSystem] Worker 9 started.
[JobSystem] Worker 9 stopped.
[JobSystem] Worker 11 started.
[JobSystem] Worker 11 stopped.
[JobSystem] Worker 10 started.
[JobSystem] Worker 10 stopped.
[JobSystem] Worker 12 started.
[JobSystem] Worker 12 stopped.
[JobSystem] Worker 4 started.
[JobSystem] Worker 4 stopped.
[JobSystem] Worker 14 started.
[JobSystem] Worker 14 stopped.
[JobSystem] Worker 5 started.
[JobSystem] Worker 5 stopped.
[JobSystem] Shutdown complete.
[AssetManager] Initialized (dir providers).
[AsyncLoader] Initialized via JobSystem (max 16 pending)
[AsyncLoader] Enqueued #1: test.png (texture) [pending=1]
[AsyncLoader] Shutdown complete.
[AssetManager] Initialized (dir providers).
[AsyncLoader] Initialized via JobSystem (max 16 pending)
[AsyncLoader] Enqueued #1: a.png (texture) [pending=1]
[AsyncLoader] Enqueued #2: b.png (texture) [pending=2]
[AsyncLoader] All loads cancelled.
[AsyncLoader] Shutdown complete.
[AssetManager] Initialized (dir providers).
[AsyncLoader] Initialized via JobSystem (max 16 pending)
[AsyncLoader] Shutdown complete.
[AssetManager] Initialized (dir providers).
[AsyncLoader] Initialized via JobSystem (max 16 pending)
[AsyncLoader] Shutdown complete.
[Audio] SoLoud initialized: 3 buses (BGM, VOICE, SE) ready.
[Audio] SoLoud shut down.
[Audio] SoLoud initialized: 3 buses (BGM, VOICE, SE) ready.
[Audio] SoLoud shut down.
[Audio] SoLoud initialized: 3 buses (BGM, VOICE,[Audio] Failed to load: nonexistent.wav
[Audio] Failed to load: nonexistent.wav
[Audio] Failed to load: nonexistent.wav
[Audio] Failed to load: nonexistent.wav
[Audio] Failed to load: nonexistent.wav
[Audio] Failed to load: nonexistent.wav
[Audio] Failed to load: nonexistent.wav
[Audio] Failed to load: nonexistent.wav
[Audio] Failed to load: nonexistent.wav
[Audio] Failed to load: nonexistent.wav
[Audio] Failed to load: nonexistent.wav
[Audio] Failed to load: CMakeLists.txt
[Audio] Failed to load: 
 SE) ready.
[Audio] Bus bgm volume = 0.80
[Audio] Bus voice volume = 0.60
[Audio] SoLoud shut down.
[Audio] SoLoud initialized: 3 buses (BGM, VOICE, SE) ready.
[Audio] Bus bgm fade to 0.00 over 0.50s
[Audio] Bus voice fade to 0.50 over 1.00s
[Audio] Bus se fade to 1.00 over 0.30s
[Audio] SoLoud shut down.
[Audio] SoLoud initialized: 3 buses (BGM, VOICE, SE) ready.
[Audio] SoLoud shut down.
[Audio] SoLoud initialized: 3 buses (BGM, VOICE, SE) ready.
[Audio] SoLoud shut down.
[Audio] SoLoud initialized: 3 buses (BGM, VOICE, SE) ready.
[Audio] SoLoud shut down.
[Audio] SoLoud initialized: 3 buses (BGM, VOICE, SE) ready.
[Audio] SE: tests/audio/silence.wav (handle 12292)
[Audio] SE: all sound effects stopped.
[Audio] SoLoud shut down.
[Audio] SoLoud initialized: 3 buses (BGM, VOICE, SE) ready.
[Audio] SE: tests/audio/silence.flac (handle 12292)
[Audio] SE: all sound effects stopped.
[Audio] SoLoud shut down.
[Audio] SoLoud initialized: 3 buses (BGM, VOICE, SE) ready.
[Audio] SoLoud shut down.
[Audio] SoLoud initialized: 3 buses (BGM, VOICE, SE) ready.
[Audio] BGM: tests/audio/silence.wav (handle 12292, fade 0.0s)
[Audio] SoLoud shut down.
[Audio] SoLoud initialized: 3 buses (BGM, VOICE, SE) ready.
[Audio] Voice: tests/audio/silence.wav (handle 12292)
[Audio] SoLoud shut down.
[Audio] SoLoud initialized: 3 buses (BGM, VOICE, SE) ready.
[Audio] SE 3D: tests/audio/silence.wav at (0.0,0.0,-5.0) h=12292
[Audio] SE: all sound effects stopped.
[Audio] SoLoud shut down.
[Audio] SoLoud initialized: 3 buses (BGM, VOICE, SE) ready.
[Audio] SE: tests/audio/silence.wav (handle 12292)
[Audio] SoLoud shut down.
[Audio] SoLoud initialized: 3 buses (BGM, VOICE, SE) ready.
[Audio] SoLoud shut down.
[Audio] SoLoud initialized: 3 buses (BGM, VOICE, SE) ready.
[Audio] SoLoud shut down.
[Audio] SoLoud initialized: 3 buses (BGM, VOICE, SE) ready.
[Audio] SoLoud shut down.
[Audio] SoLoud initialized: 3 buses (BGM, VOICE, SE) ready.
[Audio] SoLoud shut down.
[Audio] SoLoud initialized: 3 buses (BGM, VOICE, SE) ready.
[Audio] SE: tests/audio/silence.wav (handle 12292)
[Audio] Wave cache flushed.
[Audio] Wave cache flushed.
[Audio] SoLoud shut down.
[Audio] SoLoud initialized: 3 buses (BGM, VOICE, SE) ready.
[Audio] SoLoud shut down.
[Audio] SoLoud initialized: 3 buses (BGM, VOICE, SE) ready.
[Audio] SoLoud shut down.
[Audio] SoLoud initialized: 3 buses (BGM, VOICE, SE) ready.
[Audio] BGM: tests/audio/silence.wav (handle 12292, fade 0.0s)
[Audio] SoLoud shut down.
[Audio] SoLoud initialized: 3 buses (BGM, VOICE, SE) ready.
[Audio] SE: tests/audio/silence.wav (handle 12292)
[Audio] SE 3D: tests/audio/silence.wav at (0.0,0.0,-1.0) h=16389
[Audio] SE: all sound effects stopped.
[Audio] SE: all sound effects stopped.
[Audio] SoLoud shut down.
[Audio] SoLoud initialized: 3 buses (BGM, VOICE, SE) ready.
[Audio] SE: tests/audio/silence.wav (handle 12292)
[Audio] SoLoud shut down.
[Audio] SoLoud initialized: 3 buses (BGM, VOICE, SE) ready.
[Audio] SE: tests/audio/silence.wav (handle 12292)
[Audio] SoLoud shut down.
[Audio] SoLoud initialized: 3 buses (BGM, VOICE, SE) ready.
[Audio] BGM: tests/audio/silence.wav (handle 12292, fade 0.0s)
[Audio] BGM: tests/audio/silence.wav (handle 16389, fade 0.0s)
[Audio] Voice: tests/audio/silence.wav (handle 20484)
[Audio] Voice: tests/audio/silence.wav (handle 24581)
[Audio] SoLoud shut down.
[Audio] SoLoud initialized: 3 buses (BGM, VOICE, SE) ready.
[Audio] BGM: tests/audio/silence.wav (handle 12292, fade 0.0s)
[Audio] BGM: tests/audio/silence.wav (handle 16389, fade 10.0s)
[Audio] SoLoud shut down.
[Audio] SoLoud initialized: 3 buses (BGM, VOICE, SE) ready.
[Audio] BGM: tests/audio/silence.wav (handle 12292, fade 0.0s)
[Audio] BGM: tests/audio/silence.wav (handle 16389, fade 10.0s)
[Audio] BGM: tests/audio/silence.wav (handle 20486, fade 10.0s)
[Audio] SoLoud shut down.
[Audio] SoLoud initialized: 3 buses (BGM, VOICE, SE) ready.
[Audio] BGM: tests/audio/silence.wav (handle 12292, fade 0.0s)
[Audio] BGM: tests/audio/silence.wav (handle 16389, fade 10.0s)
[Audio] Voice: tests/audio/silence.wav (handle 20486)
[Audio] Voice[BackendRegistry] Unknown render backend: vulkan
[BackendRegistry] Unknown audio backend: fmod
[BackendRegistry] Unknown platform backend: glfw
[BackendRegistry] Unknown render backend: nonexistent
[DebugManager] init: path traversal blocked: ../etc
[DebugManager] Logging to: logs/caesura_2026-07-21_21-27-59.log
[ENGINE] [ERROR] test error
[DebugManager] Logging to: logs/caesura_2026-07-21_21-27-59.log
: tests/audio/silence.wav (handle 24583)
[Audio] SE: tests/audio/silence.wav (handle 28680)
[Audio] SE 3D: tests/audio/silence.wav at (0.0,0.0,-1.0) h=32777
[Audio] SoLoud shut down.
[Audio] SoLoud initialized: 3 buses (BGM, VOICE, SE) ready.
[Audio] SoLoud shut down.
[Audio] SoLoud initialized: 3 buses (BGM, VOICE, SE) ready.
[Audio] SoLoud shut down.
[Audio] SoLoud initialized: 3 buses (BGM, VOICE, SE) ready.
[Audio] Bus bgm volume = 0.75
[Audio] Bus voice volume = 0.50
[Audio] Bus se volume = 0.90
[Audio] SoLoud shut down.
[Render] Using NullRenderDevice.
[Platform] Using NullPlatformBackend.
[Lua] Engine (backend selection) module registered.
[thread] open=1 hasFile=1 numFiles=1
[thread] data.size=5
[TextureBudget] Developer override: Tier 0 (128MB (Low), 128 MB)
[TextureBudget] Developer override: Tier 5 (4GB (DevOverride), 4096 MB)
[TextureBudget] System RAM: 15 GB -> Tier 3 (1GB (Mainstream), 1024 MB)
[TextureBudget] Developer override: Tier 5 (4GB (DevOverride), 4096 MB)
[TextureBudget] System RAM: 15 GB -> Tier 3 (1GB (Mainstream), 1024 MB)
[TextureBudget] Developer override: Tier 0 (128MB (Low), 128 MB)
[TextureBudget] Developer override: Tier 5 (4GB (DevOverride), 4096 MB)
[ENGINE] [INFO] unit test message
[ENGINE] [INFO] msg 0
[ENGINE] [INFO] msg 1
[ENGINE] [INFO] msg 2
[ENGINE] [INFO] msg 3
[ENGINE] [INFO] msg 4
[ENGINE] [INFO] msg 5
[ENGINE] [INFO] msg 6
[ENGINE] [INFO] msg 7
[ENGINE] [INFO] msg 8
[ENGINE] [INFO] msg 9
[ENGINE] [INFO] msg 10
[ENGINE] [INFO] msg 11
[ENGINE] [INFO] msg 12
[ENGINE] [INFO] msg 13
[ENGINE] [INFO] msg 14
[ENGINE] [INFO] msg 15
[ENGINE] [INFO] msg 16
[ENGINE] [INFO] msg 17
[ENGINE] [INFO] msg 18
[ENGINE] [INFO] msg 19
[ENGINE] [INFO] msg 20
[ENGINE] [INFO] msg 21
[ENGINE] [INFO] msg 22
[ENGINE] [INFO] msg 23
[ENGINE] [INFO] msg 24
[ENGINE] [INFO] msg 25
[ENGINE] [INFO] msg 26
[ENGINE] [INFO] msg 27
[ENGINE] [INFO] msg 28
[ENGINE] [INFO] msg 29
[ENGINE] [INFO] msg 30
[ENGINE] [INFO] msg 31
[ENGINE] [INFO] msg 32
[ENGINE] [INFO] msg 33
[ENGINE] [INFO] msg 34
[ENGINE] [INFO] msg 35
[ENGINE] [INFO] msg 36
[ENGINE] [INFO] msg 37
[ENGINE] [INFO] msg 38
[ENGINE] [INFO] msg 39
[ENGINE] [INFO] msg 40
[ENGINE] [INFO] msg 41
[ENGINE] [INFO] msg 42
[ENGINE] [INFO] msg 43
[ENGINE] [INFO] msg 44
[ENGINE] [INFO] msg 45
[ENGINE] [INFO] msg 46
[ENGINE] [INFO] msg 47
[ENGINE] [INFO] msg 48
[ENGINE] [INFO] msg 49
[ENGINE] [INFO] msg 50
[ENGINE] [INFO] msg 51
[ENGINE] [INFO] msg 52
[ENGINE] [INFO] msg 53
[ENGINE] [INFO] msg 54
[ENGINE] [INFO] msg 55
[ENGINE] [INFO] msg 56
[ENGINE] [INFO] msg 57
[ENGINE] [INFO] msg 58
[ENGINE] [INFO] msg 59
[ENGINE] [INFO] msg 60
[ENGINE] [INFO] msg 61
[ENGINE] [INFO] msg 62
[ENGINE] [INFO] msg 63
[ENGINE] [INFO] msg 64
[ENGINE] [INFO] msg 65
[ENGINE] [INFO] msg 66
[ENGINE] [INFO] msg 67
[ENGINE] [INFO] msg 68
[ENGINE] [INFO] msg 69
[ENGINE] [INFO] msg 70
[ENGINE] [INFO] msg 71
[ENGINE] [INFO] msg 72
[ENGINE] [INFO] msg 73
[ENGINE] [INFO] msg 74
[ENGINE] [INFO] msg 75
[ENGINE] [INFO] msg 76
[ENGINE] [INFO] msg 77
[ENGINE] [INFO] msg 78
[ENGINE] [INFO] msg 79
[ENGINE] [INFO] msg 80
[ENGINE] [INFO] msg 81
[ENGINE] [INFO] msg 82
[ENGINE] [INFO] msg 83
[ENGINE] [INFO] msg 84
[ENGINE] [INFO] msg 85
[ENGINE] [INFO] msg 86
[ENGINE] [INFO] msg 87
[ENGINE] [INFO] msg 88
[ENGINE] [INFO] msg 89
[ENGINE] [INFO] msg 90
[ENGINE] [INFO] msg 91
[ENGINE] [INFO] msg 92
[ENGINE] [INFO] msg 93
[ENGINE] [INFO] msg 94
[ENGINE] [INFO] msg 95
[ENGINE] [INFO] msg 96
[ENGINE] [INFO] msg 97
[ENGINE] [INFO] msg 98
[ENGINE] [INFO] msg 99
[ENGINE] [INFO] msg 100
[ENGINE] [INFO] msg 101
[ENGINE] [INFO] msg 102
[ENGINE] [INFO] msg 103
[ENGINE] [INFO] msg 104
[ENGINE] [INFO] msg 105
[ENGINE] [INFO] msg 106
[ENGINE] [INFO] msg 107
[ENGINE] [INFO] msg 108
[ENGINE] [INFO] msg 109
[ENGINE] [INFO] msg 110
[ENGINE] [INFO] msg 111
[ENGINE] [INFO] msg 112
[ENGINE] [INFO] msg 113
[ENGINE] [INFO] msg 114
[ENGINE] [INFO] msg 115
[ENGINE] [INFO] msg 116
[ENGINE] [INFO] msg 117
[ENGINE] [INFO] msg 118
[ENGINE] [INFO] msg 119
[ENGINE] [INFO] msg 120
[ENGINE] [INFO] msg 121
[ENGINE] [INFO] msg 122
[ENGINE] [INFO] msg 123
[ENGINE] [INFO] msg 124
[ENGINE] [INFO] msg 125
[ENGINE] [INFO] msg 126
[ENGINE] [INFO] msg 127
[ENGINE] [INFO] msg 128
[ENGINE] [INFO] msg 129
[ENGINE] [INFO] msg 130
[ENGINE] [INFO] msg 131
[ENGINE] [INFO] msg 132
[ENGINE] [INFO] msg 133
[ENGINE] [INFO] msg 134
[ENGINE] [INFO] msg 135
[ENGINE] [INFO] msg 136
[ENGINE] [INFO] msg 137
[ENGINE] [INFO] msg 138
[ENGINE] [INFO] msg 139
[ENGINE] [INFO] msg 140
[ENGINE] [INFO] msg 141
[ENGINE] [INFO] msg 142
[ENGINE] [INFO] msg 143
[ENGINE] [INFO] msg 144
[ENGINE] [INFO] msg 145
[ENGINE] [INFO] msg 146
[ENGINE] [INFO] msg 147
[ENGINE] [INFO] msg 148
[ENGINE] [INFO] msg 149
[ENGINE] [INFO] msg 150
[ENGINE] [INFO] msg 151
[ENGINE] [INFO] msg 152
[ENGINE] [INFO] msg 153
[ENGINE] [INFO] msg 154
[ENGINE] [INFO] msg 155
[ENGINE] [INFO] msg 156
[ENGINE] [INFO] msg 157
[ENGINE] [INFO] msg 158
[ENGINE] [INFO] msg 159
[ENGINE] [INFO] msg 160
[ENGINE] [INFO] msg 161
[ENGINE] [INFO] msg 162
[ENGINE] [INFO] msg 163
[ENGINE] [INFO] msg 164
[ENGINE] [INFO] msg 165
[ENGINE] [INFO] msg 166
[ENGINE] [INFO] msg 167
[ENGINE] [INFO] msg 168
[ENGINE] [INFO] msg 169
[ENGINE] [INFO] msg 170
[ENGINE] [INFO] msg 171
[ENGINE] [INFO] msg 172
[ENGINE] [INFO] msg 173
[ENGINE] [INFO] msg 174
[ENGINE] [INFO] msg 175
[ENGINE] [INFO] msg 176
[ENGINE] [INFO] msg 177
[ENGINE] [INFO] msg 178
[ENGINE] [INFO] msg 179
[ENGINE] [INFO] msg 180
[ENGINE] [INFO] msg 181
[ENGINE] [INFO] msg 182
[ENGINE] [INFO] msg 183
[ENGINE] [INFO] msg 184
[ENGINE] [INFO] msg 185
[ENGINE] [INFO] msg 186
[ENGINE] [INFO] msg 187
[ENGINE] [INFO] msg 188
[ENGINE] [INFO] msg 189
[ENGINE] [INFO] msg 190
[ENGINE] [INFO] msg 191
[ENGINE] [INFO] msg 192
[ENGINE] [INFO] msg 193
[ENGINE] [INFO] msg 194
[ENGINE] [INFO] msg 195
[ENGINE] [INFO] msg 196
[ENGINE] [INFO] msg 197
[ENGINE] [INFO] msg 198
[ENGINE] [INFO] msg 199
[ENGINE] [INFO] msg 200
[ENGINE] [INFO] msg 201
[ENGINE] [INFO] msg 202
[ENGINE] [INFO] msg 203
[ENGINE] [INFO] msg 204
[ENGINE] [INFO] msg 205
[ENGINE] [INFO] msg 206
[ENGINE] [INFO] msg 207
[ENGINE] [INFO] msg 208
[ENGINE] [INFO] msg 209
[ENGINE] [INFO] msg 210
[ENGINE] [INFO] msg 211
[ENGINE] [INFO] msg 212
[ENGINE] [INFO] msg 213
[ENGINE] [INFO] msg 214
[ENGINE] [INFO] msg 215
[ENGINE] [INFO] msg 216
[ENGINE] [INFO] msg 217
[ENGINE] [INFO] msg 218
[ENGINE] [INFO] msg 219
[ENGINE] [INFO] msg 220
[ENGINE] [INFO] msg 221
[ENGINE] [INFO] msg 222
[ENGINE] [INFO] msg 223
[ENGINE] [INFO] msg 224
[ENGINE] [INFO] msg 225
[ENGINE] [INFO] msg 226
[ENGINE] [INFO] msg 227
[ENGINE] [INFO] msg 228
[ENGINE] [INFO] msg 229
[ENGINE] [INFO] msg 230
[ENGINE] [INFO] msg 231
[ENGINE] [INFO] msg 232
[ENGINE] [INFO] msg 233
[ENGINE] [INFO] msg 234
[ENGINE] [INFO] msg 235
[ENGINE] [INFO] msg 236
[ENGINE] [INFO] msg 237
[ENGINE] [INFO] msg 238
[ENGINE] [INFO] msg 239
[ENGINE] [INFO] msg 240
[ENGINE] [INFO] msg 241
[ENGINE] [INFO] msg 242
[ENGINE] [INFO] msg 243
[ENGINE] [INFO] msg 244
[ENGINE] [INFO] msg 245
[ENGINE] [INFO] msg 246
[ENGINE] [INFO] msg 247
[ENGINE] [INFO] msg 248
[ENGINE] [INFO] msg 249
[ENGINE] [INFO] msg 250
[ENGINE] [INFO] msg 251
[ENGINE] [INFO] msg 252
[ENGINE] [INFO] msg 253
[ENGINE] [INFO] msg 254
[ENGINE] [INFO] msg 255
[ENGINE] [INFO] msg 256
[ENGINE] [INFO] msg 257
[ENGINE] [INFO] msg 258
[ENGINE] [INFO] msg 259
[ENGINE] [INFO] msg 260
[ENGINE] [INFO] msg 261
[ENGINE] [INFO] msg 262
[ENGINE] [INFO] msg 263
[ENGINE] [INFO] msg 264
[ENGINE] [INFO] msg 265
[ENGINE] [INFO] msg 266
[ENGINE] [INFO] msg 267
[ENGINE] [INFO] msg 268
[ENGINE] [INFO] msg 269
[ENGINE] [INFO] msg 270
[ENGINE] [INFO] msg 271
[ENGINE] [INFO] msg 272
[ENGINE] [INFO] msg 273
[ENGINE] [INFO] msg 274
[ENGINE] [INFO] msg 275
[ENGINE] [INFO] msg 276
[ENGINE] [INFO] msg 277
[ENGINE] [INFO] msg 278
[ENGINE] [INFO] msg 279
[ENGINE] [INFO] msg 280
[ENGINE] [INFO] msg 281
[ENGINE] [INFO] msg 282
[ENGINE] [INFO] msg 283
[ENGINE] [INFO] msg 284
[ENGINE] [INFO] msg 285
[ENGINE] [INFO] msg 286
[ENGINE] [INFO] msg 287
[ENGINE] [INFO] msg 288
[ENGINE] [INFO] msg 289
[ENGINE] [INFO] msg 290
[ENGINE] [INFO] msg 291
[ENGINE] [INFO] msg 292
[ENGINE] [INFO] msg 293
[ENGINE] [INFO] msg 294
[ENGINE] [INFO] msg 295
[ENGINE] [INFO] msg 296
[ENGINE] [INFO] msg 297
[ENGINE] [INFO] msg 298
[ENGINE] [INFO] msg 299
[ENGINE] [INFO] msg 300
[ENGINE] [INFO] msg 301
[ENGINE] [INFO] msg 302
[ENGINE] [INFO] msg 303
[ENGINE] [INFO] msg 304
[ENGINE] [INFO] msg 305
[ENGINE] [INFO] msg 306
[ENGINE] [INFO] msg 307
[ENGINE] [INFO] msg 308
[ENGINE] [INFO] msg 309
[ENGINE] [INFO] msg 310
[ENGINE] [INFO] msg 311
[ENGINE] [INFO] msg 312
[ENGINE] [INFO] msg 313
[ENGINE] [INFO] msg 314
[ENGINE] [INFO] msg 315
[ENGINE] [INFO] msg 316
[ENGINE] [INFO] msg 317
[ENGINE] [INFO] msg 318
[ENGINE] [INFO] msg 319
[ENGINE] [INFO] msg 320
[ENGINE] [INFO] msg 321
[ENGINE] [INFO] msg 322
[ENGINE] [INFO] msg 323
[ENGINE] [INFO] msg 324
[ENGINE] [INFO] msg 325
[ENGINE] [INFO] msg 326
[ENGINE] [INFO] msg 327
[ENGINE] [INFO] msg 328
[ENGINE] [INFO] msg 329
[ENGINE] [INFO] msg 330
[ENGINE] [INFO] msg 331
[ENGINE] [INFO] msg 332
[ENGINE] [INFO] msg 333
[ENGINE] [INFO] msg 334
[ENGINE] [INFO] msg 335
[ENGINE] [INFO] msg 336
[ENGINE] [INFO] msg 337
[ENGINE] [INFO] msg 338
[ENGINE] [INFO] msg 339
[ENGINE] [INFO] msg 340
[ENGINE] [INFO] msg 341
[ENGINE] [INFO] msg 342
[ENGINE] [INFO] msg 343
[ENGINE] [INFO] msg 344
[ENGINE] [INFO] msg 345
[ENGINE] [INFO] msg 346
[ENGINE] [INFO] msg 347
[ENGINE] [INFO] msg 348
[ENGINE] [INFO] msg 349
[ENGINE] [INFO] msg 350
[ENGINE] [INFO] msg 351
[ENGINE] [INFO] msg 352
[ENGINE] [INFO] msg 353
[ENGINE] [INFO] msg 354
[ENGINE] [INFO] msg 355
[ENGINE] [INFO] msg 356
[ENGINE] [INFO] msg 357
[ENGINE] [INFO] msg 358
[ENGINE] [INFO] msg 359
[ENGINE] [INFO] msg 360
[ENGINE] [INFO] msg 361
[ENGINE] [INFO] msg 362
[ENGINE] [INFO] msg 363
[ENGINE] [INFO] msg 364
[ENGINE] [INFO] msg 365
[ENGINE] [INFO] msg 366
[ENGINE] [INFO] msg 367
[ENGINE] [INFO] msg 368
[ENGINE] [INFO] msg 369
[ENGINE] [INFO] msg 370
[ENGINE] [INFO] msg 371
[ENGINE] [INFO] msg 372
[ENGINE] [INFO] msg 373
[ENGINE] [INFO] msg 374
[ENGINE] [INFO] msg 375
[ENGINE] [INFO] msg 376
[ENGINE] [INFO] msg 377
[ENGINE] [INFO] msg 378
[ENGINE] [INFO] msg 379
[ENGINE] [INFO] msg 380
[ENGINE] [INFO] msg 381
[ENGINE] [INFO] msg 382
[ENGINE] [INFO] msg 383
[ENGINE] [INFO] msg 384
[ENGINE] [INFO] msg 385
[ENGINE] [INFO] msg 386
[ENGINE] [INFO] msg 387
[ENGINE] [INFO] msg 388
[ENGINE] [INFO] msg 389
[ENGINE] [INFO] msg 390
[ENGINE] [INFO] msg 391
[ENGINE] [INFO] msg 392
[ENGINE] [INFO] msg 393
[ENGINE] [INFO] msg 394
[ENGINE] [INFO] msg 395
[ENGINE] [INFO] msg 396
[ENGINE] [INFO] msg 397
[ENGINE] [INFO] msg 398
[ENGINE] [INFO] msg 399
[ENGINE] [INFO] msg 400
[ENGINE] [INFO] msg 401
[ENGINE] [INFO] msg 402
[ENGINE] [INFO] msg 403
[ENGINE] [INFO] msg 404
[ENGINE] [INFO] msg 405
[ENGINE] [INFO] msg 406
[ENGINE] [INFO] msg 407
[ENGINE] [INFO] msg 408
[ENGINE] [INFO] msg 409
[ENGINE] [INFO] msg 410
[ENGINE] [INFO] msg 411
[ENGINE] [INFO] msg 412
[ENGINE] [INFO] msg 413
[ENGINE] [INFO] msg 414
[ENGINE] [INFO] msg 415
[ENGINE] [INFO] msg 416
[ENGINE] [INFO] msg 417
[ENGINE] [INFO] msg 418
[ENGINE] [INFO] msg 419
[ENGINE] [INFO] msg 420
[ENGINE] [INFO] msg 421
[ENGINE] [INFO] msg 422
[ENGINE] [INFO] msg 423
[ENGINE] [INFO] msg 424
[ENGINE] [INFO] msg 425
[ENGINE] [INFO] msg 426
[ENGINE] [INFO] msg 427
[ENGINE] [INFO] msg 428
[ENGINE] [INFO] msg 429
[ENGINE] [INFO] msg 430
[ENGINE] [INFO] msg 431
[ENGINE] [INFO] msg 432
[ENGINE] [INFO] msg 433
[ENGINE] [INFO] msg 434
[ENGINE] [INFO] msg 435
[ENGINE] [INFO] msg 436
[ENGINE] [INFO] msg 437
[ENGINE] [INFO] msg 438
[ENGINE] [INFO] msg 439
[ENGINE] [INFO] msg 440
[ENGINE] [INFO] msg 441
[ENGINE] [INFO] msg 442
[ENGINE] [INFO] msg 443
[ENGINE] [INFO] msg 444
[ENGINE] [INFO] msg 445
[ENGINE] [INFO] msg 446
[ENGINE] [INFO] msg 447
[ENGINE] [INFO] msg 448
[ENGINE] [INFO] msg 449
[ENGINE] [INFO] msg 450
[ENGINE] [INFO] msg 451
[ENGINE] [INFO] msg 452
[ENGINE] [INFO] msg 453
[ENGINE] [INFO] msg 454
[ENGINE] [INFO] msg 455
[ENGINE] [INFO] msg 456
[ENGINE] [INFO] msg 457
[ENGINE] [INFO] msg 458
[ENGINE] [INFO] msg 459
[ENGINE] [INFO] msg 460
[ENGINE] [INFO] msg 461
[ENGINE] [INFO] msg 462
[ENGINE] [INFO] msg 463
[ENGINE] [INFO] msg 464
[ENGINE] [INFO] msg 465
[ENGINE] [INFO] msg 466
[ENGINE] [INFO] msg 467
[ENGINE] [INFO] msg 468
[ENGINE] [INFO] msg 469
[ENGINE] [INFO] msg 470
[ENGINE] [INFO] msg 471
[ENGINE] [INFO] msg 472
[ENGINE] [INFO] msg 473
[ENGINE] [INFO] msg 474
[ENGINE] [INFO] msg 475
[ENGINE] [INFO] msg 476
[ENGINE] [INFO] msg 477
[ENGINE] [INFO] msg 478
[ENGINE] [INFO] msg 479
[ENGINE] [INFO] msg 480
[ENGINE] [INFO] msg 481
[ENGINE] [INFO] msg 482
[ENGINE] [INFO] msg 483
[ENGINE] [INFO] msg 484
[ENGINE] [INFO] msg 485
[ENGINE] [INFO] msg 486
[ENGINE] [INFO] msg 487
[ENGINE] [INFO] msg 488
[ENGINE] [INFO] msg 489
[ENGINE] [INFO] msg 490
[ENGINE] [INFO] msg 491
[ENGINE] [INFO] msg 492
[ENGINE] [INFO] msg 493
[ENGINE] [INFO] msg 494
[ENGINE] [INFO] msg 495
[ENGINE] [INFO] msg 496
[ENGINE] [INFO] msg 497
[ENGINE] [INFO] msg 498
[ENGINE] [INFO] msg 499
[ENGINE] [INFO] msg 500
[ENGINE] [INFO] msg 501
[ENGINE] [INFO] msg 502
[ENGINE] [INFO] msg 503
[ENGINE] [INFO] msg 504
[ENGINE] [INFO] msg 505
[ENGINE] [INFO] msg 506
[ENGINE] [INFO] msg 507
[ENGINE] [INFO] msg 508
[ENGINE] [INFO] msg 509
[ENGINE] [INFO] msg 510
[ENGINE] [INFO] msg 511
[ENGINE] [INFO] msg 512
[ENGINE] [INFO] msg 513
[ENGINE] [INFO] msg 514
[ENGINE] [INFO] msg 515
[ENGINE] [INFO] msg 516
[ENGINE] [INFO] msg 517
[ENGINE] [INFO] msg 518
[ENGINE] [INFO] msg 519
[ENGINE] [INFO] msg 520
[ENGINE] [INFO] msg 521
[ENGINE] [INFO] msg 522
[ENGINE] [INFO] msg 523
[ENGINE] [INFO] msg 524
[ENGINE] [INFO] msg 525
[ENGINE] [INFO] msg 526
[ENGINE] [INFO] msg 527
[ENGINE] [INFO] msg 528
[ENGINE] [INFO] msg 529
[ENGINE] [INFO] msg 530
[ENGINE] [INFO] msg 531
[ENGINE] [INFO] msg 532
[ENGINE] [INFO] msg 533
[ENGINE] [INFO] msg 534
[ENGINE] [INFO] msg 535
[ENGINE] [INFO] msg 536
[ENGINE] [INFO] msg 537
[ENGINE] [INFO] msg 538
[ENGINE] [INFO] msg 539
[ENGINE] [INFO] msg 540
[ENGINE] [INFO] msg 541
[ENGINE] [INFO] msg 542
[ENGINE] [INFO] msg 543
[ENGINE] [INFO] msg 544
[ENGINE] [INFO] msg 545
[ENGINE] [INFO] msg 546
[ENGINE] [INFO] msg 547
[ENGINE] [INFO] msg 548
[ENGINE] [INFO] msg 549
[ENGINE] [INFO] msg 550
[ENGINE] [INFO] msg 551
[ENGINE] [INFO] msg 552
[ENGINE] [INFO] msg 553
[ENGINE] [INFO] msg 554
[ENGINE] [INFO] msg 555
[ENGINE] [INFO] msg 556
[ENGINE] [INFO] msg 557
[ENGINE] [INFO] msg 558
[ENGINE] [INFO] msg 559
[ENGINE] [INFO] msg 560
[ENGINE] [INFO] msg 561
[ENGINE] [INFO] msg 562
[ENGINE] [INFO] msg 563
[ENGINE] [INFO] msg 564
[ENGINE] [INFO] msg 565
[ENGINE] [INFO] msg 566
[ENGINE] [INFO] msg 567
[ENGINE] [INFO] msg 568
[ENGINE] [INFO] msg 569
[ENGINE] [INFO] msg 570
[ENGINE] [INFO] msg 571
[ENGINE] [INFO] msg 572
[ENGINE] [INFO] msg 573
[ENGINE] [INFO] msg 574
[ENGINE] [INFO] msg 575
[ENGINE] [INFO] msg 576
[ENGINE] [INFO] msg 577
[ENGINE] [INFO] msg 578
[ENGINE] [INFO] msg 579
[ENGINE] [INFO] msg 580
[ENGINE] [INFO] msg 581
[ENGINE] [INFO] msg 582
[ENGINE] [INFO] msg 583
[ENGINE] [INFO] msg 584
[ENGINE] [INFO] msg 585
[ENGINE] [INFO] msg 586
[ENGINE] [INFO] msg 587
[ENGINE] [INFO] msg 588
[ENGINE] [INFO] msg 589
[ENGINE] [INFO] msg 590
[ENGINE] [INFO] msg 591
[ENGINE] [INFO] msg 592
[ENGINE] [INFO] msg 593
[ENGINE] [INFO] msg 594
[ENGINE] [INFO] msg 595
[ENGINE] [INFO] msg 596
[ENGINE] [INFO] msg 597
[ENGINE] [INFO] msg 598
[ENGINE] [INFO] msg 599
[ENGINE] [INFO] msg 600
[ENGINE] [INFO] msg 601
[ENGINE] [INFO] msg 602
[ENGINE] [INFO] msg 603
[ENGINE] [INFO] msg 604
[ENGINE] [INFO] msg 605
[ENGINE] [INFO] msg 606
[ENGINE] [INFO] msg 607
[ENGINE] [INFO] msg 608
[ENGINE] [INFO] msg 609
[ENGINE] [INFO] msg 610
[ENGINE] [INFO] msg 611
[ENGINE] [INFO] msg 612
[ENGINE] [INFO] msg 613
[ENGINE] [INFO] msg 614
[ENGINE] [INFO] msg 615
[ENGINE] [INFO] msg 616
[ENGINE] [INFO] msg 617
[ENGINE] [INFO] msg 618
[ENGINE] [INFO] msg 619
[ENGINE] [INFO] msg 620
[ENGINE] [INFO] msg 621
[ENGINE] [INFO] msg 622
[ENGINE] [INFO] msg 623
[ENGINE] [INFO] msg 624
[ENGINE] [INFO] msg 625
[ENGINE] [INFO] msg 626
[ENGINE] [INFO] msg 627
[ENGINE] [INFO] msg 628
[ENGINE] [INFO] msg 629
[ENGINE] [INFO] msg 630
[ENGINE] [INFO] msg 631
[ENGINE] [INFO] msg 632
[ENGINE] [INFO] msg 633
[ENGINE] [INFO] msg 634
[ENGINE] [INFO] msg 635
[ENGINE] [INFO] msg 636
[ENGINE] [INFO] msg 637
[ENGINE] [INFO] msg 638
[ENGINE] [INFO] msg 639
[ENGINE] [INFO] msg 640
[ENGINE] [INFO] msg 641
[ENGINE] [INFO] msg 642
[ENGINE] [INFO] msg 643
[ENGINE] [INFO] msg 644
[ENGINE] [INFO] msg 645
[ENGINE] [INFO] msg 646
[ENGINE] [INFO] msg 647
[ENGINE] [INFO] msg 648
[ENGINE] [INFO] msg 649
[ENGINE] [INFO] msg 650
[ENGINE] [INFO] msg 651
[ENGINE] [INFO] msg 652
[ENGINE] [INFO] msg 653
[ENGINE] [INFO] msg 654
[ENGINE] [INFO] msg 655
[ENGINE] [INFO] msg 656
[ENGINE] [INFO] msg 657
[ENGINE] [INFO] msg 658
[ENGINE] [INFO] msg 659
[ENGINE] [INFO] msg 660
[ENGINE] [INFO] msg 661
[ENGINE] [INFO] msg 662
[ENGINE] [INFO] msg 663
[ENGINE] [INFO] msg 664
[ENGINE] [INFO] msg 665
[ENGINE] [INFO] msg 666
[ENGINE] [INFO] msg 667
[ENGINE] [INFO] msg 668
[ENGINE] [INFO] msg 669
[ENGINE] [INFO] msg 670
[ENGINE] [INFO] msg 671
[ENGINE] [INFO] msg 672
[ENGINE] [INFO] msg 673
[ENGINE] [INFO] msg 674
[ENGINE] [INFO] msg 675
[ENGINE] [INFO] msg 676
[ENGINE] [INFO] msg 677
[ENGINE] [INFO] msg 678
[ENGINE] [INFO] msg 679
[ENGINE] [INFO] msg 680
[ENGINE] [INFO] msg 681
[ENGINE] [INFO] msg 682
[ENGINE] [INFO] msg 683
[ENGINE] [INFO] msg 684
[ENGINE] [INFO] msg 685
[ENGINE] [INFO] msg 686
[ENGINE] [INFO] msg 687
[ENGINE] [INFO] msg 688
[ENGINE] [INFO] msg 689
[ENGINE] [INFO] msg 690
[ENGINE] [INFO] msg 691
[ENGINE] [INFO] msg 692
[ENGINE] [INFO] msg 693
[ENGINE] [INFO] msg 694
[ENGINE] [INFO] msg 695
[ENGINE] [INFO] msg 696
[ENGINE] [INFO] msg 697
[ENGINE] [INFO] msg 698
[ENGINE] [INFO] msg 699
[ENGINE] [INFO] msg 700
[ENGINE] [INFO] msg 701
[ENGINE] [INFO] msg 702
[ENGINE] [INFO] msg 703
[ENGINE] [INFO] msg 704
[ENGINE] [INFO] msg 705
[ENGINE] [INFO] msg 706
[ENGINE] [INFO] msg 707
[ENGINE] [INFO] msg 708
[ENGINE] [INFO] msg 709
[ENGINE] [INFO] msg 710
[ENGINE] [INFO] msg 711
[ENGINE] [INFO] msg 712
[ENGINE] [INFO] msg 713
[ENGINE] [INFO] msg 714
[ENGINE] [INFO] msg 715
[ENGINE] [INFO] msg 716
[ENGINE] [INFO] msg 717
[ENGINE] [INFO] msg 718
[ENGINE] [INFO] msg 719
[ENGINE] [INFO] msg 720
[ENGINE] [INFO] msg 721
[ENGINE] [INFO] msg 722
[ENGINE] [INFO] msg 723
[ENGINE] [INFO] msg 724
[ENGINE] [INFO] msg 725
[ENGINE] [INFO] msg 726
[ENGINE] [INFO] msg 727
[ENGINE] [INFO] msg 728
[ENGINE] [INFO] msg 729
[ENGINE] [INFO] msg 730
[ENGINE] [INFO] msg 731
[ENGINE] [INFO] msg 732
[ENGINE] [INFO] msg 733
[ENGINE] [INFO] msg 734
[ENGINE] [INFO] msg 735
[ENGINE] [INFO] msg 736
[ENGINE] [INFO] msg 737
[ENGINE] [INFO] msg 738
[ENGINE] [INFO] msg 739
[ENGINE] [INFO] msg 740
[ENGINE] [INFO] msg 741
[ENGINE] [INFO] msg 742
[ENGINE] [INFO] msg 743
[ENGINE] [INFO] msg 744
[ENGINE] [INFO] msg 745
[ENGINE] [INFO] msg 746
[ENGINE] [INFO] msg 747
[ENGINE] [INFO] msg 748
[ENGINE] [INFO] msg 749
[ENGINE] [INFO] msg 750
[ENGINE] [INFO] msg 751
[ENGINE] [INFO] msg 752
[ENGINE] [INFO] msg 753
[ENGINE] [INFO] msg 754
[ENGINE] [INFO] msg 755
[ENGINE] [INFO] msg 756
[ENGINE] [INFO] msg 757
[ENGINE] [INFO] msg 758
[ENGINE] [INFO] msg 759
[ENGINE] [INFO] msg 760
[ENGINE] [INFO] msg 761
[ENGINE] [INFO] msg 762
[ENGINE] [INFO] msg 763
[ENGINE] [INFO] msg 764
[ENGINE] [INFO] msg 765
[ENGINE] [INFO] msg 766
[ENGINE] [INFO] msg 767
[ENGINE] [INFO] msg 768
[ENGINE] [INFO] msg 769
[ENGINE] [INFO] msg 770
[ENGINE] [INFO] msg 771
[ENGINE] [INFO] msg 772
[ENGINE] [INFO] msg 773
[ENGINE] [INFO] msg 774
[ENGINE] [INFO] msg 775
[ENGINE] [INFO] msg 776
[ENGINE] [INFO] msg 777
[ENGINE] [INFO] msg 778
[ENGINE] [INFO] msg 779
[ENGINE] [INFO] msg 780
[ENGINE] [INFO] msg 781
[ENGINE] [INFO] msg 782
[ENGINE] [INFO] msg 783
[ENGINE] [INFO] msg 784
[ENGINE] [INFO] msg 785
[ENGINE] [INFO] msg 786
[ENGINE] [INFO] msg 787
[ENGINE] [INFO] msg 788
[ENGINE] [INFO] msg 789
[ENGINE] [INFO] msg 790
[ENGINE] [INFO] msg 791
[ENGINE] [INFO] msg 792
[ENGINE] [INFO] msg 793
[ENGINE] [INFO] msg 794
[ENGINE] [INFO] msg 795
[ENGINE] [INFO] msg 796
[ENGINE] [INFO] msg 797
[ENGINE] [INFO] msg 798
[ENGINE] [INFO] msg 799
[ENGINE] [INFO] msg 800
[ENGINE] [INFO] msg 801
[ENGINE] [INFO] msg 802
[ENGINE] [INFO] msg 803
[ENGINE] [INFO] msg 804
[ENGINE] [INFO] msg 805
[ENGINE] [INFO] msg 806
[ENGINE] [INFO] msg 807
[ENGINE] [INFO] msg 808
[ENGINE] [INFO] msg 809
[ENGINE] [INFO] msg 810
[ENGINE] [INFO] msg 811
[ENGINE] [INFO] msg 812
[ENGINE] [INFO] msg 813
[ENGINE] [INFO] msg 814
[ENGINE] [INFO] msg 815
[ENGINE] [INFO] msg 816
[ENGINE] [INFO] msg 817
[ENGINE] [INFO] msg 818
[ENGINE] [INFO] msg 819
[ENGINE] [INFO] msg 820
[ENGINE] [INFO] msg 821
[ENGINE] [INFO] msg 822
[ENGINE] [INFO] msg 823
[ENGINE] [INFO] msg 824
[ENGINE] [INFO] msg 825
[ENGINE] [INFO] msg 826
[ENGINE] [INFO] msg 827
[ENGINE] [INFO] msg 828
[ENGINE] [INFO] msg 829
[ENGINE] [INFO] msg 830
[ENGINE] [INFO] msg 831
[ENGINE] [INFO] msg 832
[ENGINE] [INFO] msg 833
[ENGINE] [INFO] msg 834
[ENGINE] [INFO] msg 835
[ENGINE] [INFO] msg 836
[ENGINE] [INFO] msg 837
[ENGINE] [INFO] msg 838
[ENGINE] [INFO] msg 839
[ENGINE] [INFO] msg 840
[ENGINE] [INFO] msg 841
[ENGINE] [INFO] msg 842
[ENGINE] [INFO] msg 843
[ENGINE] [INFO] msg 844
[ENGINE] [INFO] msg 845
[ENGINE] [INFO] msg 846
[ENGINE] [INFO] msg 847
[ENGINE] [INFO] msg 848
[ENGINE] [INFO] msg 849
[ENGINE] [INFO] msg 850
[ENGINE] [INFO] msg 851
[ENGINE] [INFO] msg 852
[ENGINE] [INFO] msg 853
[ENGINE] [INFO] msg 854
[ENGINE] [INFO] msg 855
[ENGINE] [INFO] msg 856
[ENGINE] [INFO] msg 857
[ENGINE] [INFO] msg 858
[ENGINE] [INFO] msg 859
[ENGINE] [INFO] msg 860
[ENGINE] [INFO] msg 861
[ENGINE] [INFO] msg 862
[ENGINE] [INFO] msg 863
[ENGINE] [INFO] msg 864
[ENGINE] [INFO] msg 865
[ENGINE] [INFO] msg 866
[ENGINE] [INFO] msg 867
[ENGINE] [INFO] msg 868
[ENGINE] [INFO] msg 869
[ENGINE] [INFO] msg 870
[ENGINE] [INFO] msg 871
[ENGINE] [INFO] msg 872
[ENGINE] [INFO] msg 873
[ENGINE] [INFO] msg 874
[ENGINE] [INFO] msg 875
[ENGINE] [INFO] msg 876
[ENGINE] [INFO] msg 877
[ENGINE] [INFO] msg 878
[ENGINE] [INFO] msg 879
[ENGINE] [INFO] msg 880
[ENGINE] [INFO] msg 881
[ENGINE] [INFO] msg 882
[ENGINE] [INFO] msg 883
[ENGINE] [INFO] msg 884
[ENGINE] [INFO] msg 885
[ENGINE] [INFO] msg 886
[ENGINE] [INFO] msg 887
[ENGINE] [INFO] msg 888
[ENGINE] [INFO] msg 889
[ENGINE] [INFO] msg 890
[ENGINE] [INFO] msg 891
[ENGINE] [INFO] msg 892
[ENGINE] [INFO] msg 893
[ENGINE] [INFO] msg 894
[ENGINE] [INFO] msg 895
[ENGINE] [INFO] msg 896
[ENGINE] [INFO] msg 897
[ENGINE] [INFO] msg 898
[ENGINE] [INFO] msg 899
[ENGINE] [INFO] msg 900
[ENGINE] [INFO] msg 901
[ENGINE] [INFO] msg 902
[ENGINE] [INFO] msg 903
[ENGINE] [INFO] msg 904
[ENGINE] [INFO] msg 905
[ENGINE] [INFO] msg 906
[ENGINE] [INFO] msg 907
[ENGINE] [INFO] msg 908
[ENGINE] [INFO] msg 909
[ENGINE] [INFO] msg 910
[ENGINE] [INFO] msg 911
[ENGINE] [INFO] msg 912
[ENGINE] [INFO] msg 913
[ENGINE] [INFO] msg 914
[ENGINE] [INFO] msg 915
[ENGINE] [INFO] msg 916
[ENGINE] [INFO] msg 917
[ENGINE] [INFO] msg 918
[ENGINE] [INFO] msg 919
[ENGINE] [INFO] msg 920
[ENGINE] [INFO] msg 921
[ENGINE] [INFO] msg 922
[ENGINE] [INFO] msg 923
[ENGINE] [INFO] msg 924
[ENGINE] [INFO] msg 925
[ENGINE] [INFO] msg 926
[ENGINE] [INFO] msg 927
[ENGINE] [INFO] msg 928
[ENGINE] [INFO] msg 929
[ENGINE] [INFO] msg 930
[ENGINE] [INFO] msg 931
[ENGINE] [INFO] msg 932
[ENGINE] [INFO] msg 933
[ENGINE] [INFO] msg 934
[ENGINE] [INFO] msg 935
[ENGINE] [INFO] msg 936
[ENGINE] [INFO] msg 937
[ENGINE] [INFO] msg 938
[ENGINE] [INFO] msg 939
[ENGINE] [INFO] msg 940
[ENGINE] [INFO] msg 941
[ENGINE] [INFO] msg 942
[ENGINE] [INFO] msg 943
[ENGINE] [INFO] msg 944
[ENGINE] [INFO] msg 945
[ENGINE] [INFO] msg 946
[ENGINE] [INFO] msg 947
[ENGINE] [INFO] msg 948
[ENGINE] [INFO] msg 949
[ENGINE] [INFO] msg 950
[ENGINE] [INFO] msg 951
[ENGINE] [INFO] msg 952
[ENGINE] [INFO] msg 953
[ENGINE] [INFO] msg 954
[ENGINE] [INFO] msg 955
[ENGINE] [INFO] msg 956
[ENGINE] [INFO] msg 957
[ENGINE] [INFO] msg 958
[ENGINE] [INFO] msg 959
[ENGINE] [INFO] msg 960
[ENGINE] [INFO] msg 961
[ENGINE] [INFO] msg 962
[ENGINE] [INFO] msg 963
[ENGINE] [INFO] msg 964
[ENGINE] [INFO] msg 965
[ENGINE] [INFO] msg 966
[ENGINE] [INFO] msg 967
[ENGINE] [INFO] msg 968
[ENGINE] [INFO] msg 969
[ENGINE] [INFO] msg 970
[ENGINE] [INFO] msg 971
[ENGINE] [INFO] msg 972
[ENGINE] [INFO] msg 973
[ENGINE] [INFO] msg 974
[ENGINE] [INFO] msg 975
[ENGINE] [INFO] msg 976
[[DebugManager] Logging to: logs/caesura_2026-07-21_21-27-59.log
[RENDER] [ERROR] shader A failed
[ENGINE] [ERROR] final error
[DebugManager] Logging to: logs/caesura_2026-07-21_21-27-59.log
[RENDER] [ERROR] rerr
[RENDER] [ERROR] rerr2
[AUDIO] [ERROR] aerr
[DebugManager] Logging to: logs/caesura_2026-07-21_21-27-59.log
ENGINE] [INFO] msg 977
[ENGINE] [INFO] msg 978
[ENGINE] [INFO] msg 979
[ENGINE] [INFO] msg 980
[ENGINE] [INFO] msg 981
[ENGINE] [INFO] msg 982
[ENGINE] [INFO] msg 983
[ENGINE] [INFO] msg 984
[ENGINE] [INFO] msg 985
[ENGINE] [INFO] msg 986
[ENGINE] [INFO] msg 987
[ENGINE] [INFO] msg 988
[ENGINE] [INFO] msg 989
[ENGINE] [INFO] msg 990
[ENGINE] [INFO] msg 991
[ENGINE] [INFO] msg 992
[ENGINE] [INFO] msg 993
[ENGINE] [INFO] msg 994
[ENGINE] [INFO] msg 995
[ENGINE] [INFO] msg 996
[ENGINE] [INFO] msg 997
[ENGINE] [INFO] msg 998
[ENGINE] [INFO] msg 999
[ENGINE] [INFO] msg 1000
[ENGINE] [INFO] msg 1001
[ENGINE] [INFO] msg 1002
[ENGINE] [INFO] msg 1003
[ENGINE] [INFO] msg 1004
[ENGINE] [INFO] msg 1005
[ENGINE] [INFO] msg 1006
[ENGINE] [INFO] msg 1007
[ENGINE] [INFO] msg 1008
[ENGINE] [INFO] msg 1009
[ENGINE] [INFO] msg 1010
[ENGINE] [INFO] msg 1011
[ENGINE] [INFO] msg 1012
[ENGINE] [INFO] msg 1013
[ENGINE] [INFO] msg 1014
[ENGINE] [INFO] msg 1015
[ENGINE] [INFO] msg 1016
[ENGINE] [INFO] msg 1017
[ENGINE] [INFO] msg 1018
[ENGINE] [INFO] msg 1019
[ENGINE] [INFO] msg 1020
[ENGINE] [INFO] msg 1021
[ENGINE] [INFO] msg 1022
[ENGINE] [INFO] msg 1023
[ENGINE] [INFO] msg 1024
[ENGINE] [INFO] msg 1025
[ENGINE] [INFO] msg 1026
[ENGINE] [INFO] msg 1027
[ENGINE] [INFO] msg 1028
[ENGINE] [INFO] msg 1029
[ENGINE] [INFO] msg 1030
[ENGINE] [INFO] msg 1031
[ENGINE] [INFO] msg 1032
[ENGINE] [INFO] msg 1033
[ENGINE] [INFO] msg 1034
[ENGINE] [INFO] msg 1035
[ENGINE] [INFO] msg 1036
[ENGINE] [INFO] msg 1037
[ENGINE] [INFO] msg 1038
[ENGINE] [INFO] msg 1039
[ENGINE] [INFO] msg 1040
[ENGINE] [INFO] msg 1041
[ENGINE] [INFO] msg 1042
[ENGINE] [INFO] msg 1043
[ENGINE] [INFO] msg 1044
[ENGINE] [INFO] msg 1045
[ENGINE] [INFO] msg 1046
[ENGINE] [INFO] msg 1047
[ENGINE] [INFO] msg 1048
[ENGINE] [INFO] msg 1049
[ENGINE] [INFO] msg 1050
[ENGINE] [INFO] msg 1051
[ENGINE] [INFO] msg 1052
[ENGINE] [INFO] msg 1053
[ENGINE] [INFO] msg 1054
[ENGINE] [INFO] msg 1055
[ENGINE] [INFO] msg 1056
[ENGINE] [INFO] msg 1057
[ENGINE] [INFO] msg 1058
[ENGINE] [INFO] msg 1059
[ENGINE] [INFO] msg 1060
[ENGINE] [INFO] msg 1061
[ENGINE] [INFO] msg 1062
[ENGINE] [INFO] msg 1063
[ENGINE] [INFO] msg 1064
[ENGINE] [INFO] msg 1065
[ENGINE] [INFO] msg 1066
[ENGINE] [INFO] msg 1067
[ENGINE] [INFO] msg 1068
[ENGINE] [INFO] msg 1069
[ENGINE] [INFO] msg 1070
[ENGINE] [INFO] msg 1071
[ENGINE] [INFO] msg 1072
[ENGINE] [INFO] msg 1073
[ENGINE] [INFO] msg 1074
[ENGINE] [INFO] msg 1075
[ENGINE] [INFO] msg 1076
[ENGINE] [INFO] msg 1077
[ENGINE] [INFO] msg 1078
[ENGINE] [INFO] msg 1079
[ENGINE] [INFO] msg 1080
[ENGINE] [INFO] msg 1081
[ENGINE] [INFO] msg 1082
[ENGINE] [INFO] msg 1083
[ENGINE] [INFO] msg 1084
[ENGINE] [INFO] msg 1085
[ENGINE] [INFO] msg 1086
[ENGINE] [INFO] msg 1087
[ENGINE] [INFO] msg 1088
[ENGINE] [INFO] msg 1089
[ENGINE] [INFO] msg 1090
[ENGINE] [INFO] msg 1091
[ENGINE] [INFO] msg 1092
[ENGINE] [INFO] msg 1093
[ENGINE] [INFO] msg 1094
[ENGINE] [INFO] msg 1095
[ENGINE] [INFO] msg 1096
[ENGINE] [INFO] msg 1097
[ENGINE] [INFO] msg 1098
[ENGINE] [INFO] msg 1099
[AUDIO] [WARN] audio warning
[ENGINE] [INFO] report test
[DEBUG] [WARN] HotReload scan failed: recursive_directory_iterator::recursive_directory_iterator: The system cannot find the path specified.: "__missing_hotreload_dir__"
[DEBUG] [INFO] HotReload initialized -- monitoring 0 files in __missing_hotreload_dir__
[DEBUG] [WARN] HotReload scan failed: recursive_directory_iterator::recursive_directory_iterator: The system cannot find the path specified.: "__missing_hotreload_dir__"
[DEBUG] [INFO] HotReload initialized -- monitoring 0 files in __missing_hotreload_dir__
[DEBUG] [WARN] HotReload scan failed: recursive_directory_iterator::recursive_directory_iterator: The system cannot find the path specified.: "__missing_hotreload_dir__"
[DEBUG] [INFO] HotReload initialized -- monitoring 0 files in __missing_hotreload_dir__
[DEBUG] [INFO] HotReload: starting script reload...
[DEBUG] [INFO] HotReload: GameState reset complete (sf/f preserved).
[DEBUG] [INFO] HotReload: reload complete.
[DEBUG] [WARN] HotReload scan failed: recursive_di[Debug] Paused at scripts/debug_nonblocking.lua:2
[Debug] Paused at debug_step.lua:6
[Debug] Paused at debug_step.lua:2
[Debug] Paused at debug_step.lua:6
[Debug] Paused at debug_step.lua:7
[Debug] Paused at debug_step.lua:2
[Debug] Paused at debug_step.lua:7
[Debug] Non-yieldable hit at debug_main.lua:2; execution continues.
[Debug] Paused at debug_anchor.lua:2
[Debug] Paused at debug_shutdown.lua:2
rectory_iterator::recursive_directory_iterator: The system cannot find the path specified.: "__missing_hotreload_dir__"
[DEBUG] [INFO] HotReload initialized -- monitoring 0 files in __missing_hotreload_dir__
[DEBUG] [WARN] HotReload scan failed: recursive_directory_iterator::recursive_directory_iterator: The system cannot find the path specified.: "__missing_hotreload_dir__"
[DEBUG] [INFO] HotReload initialized -- monitoring 0 files in __missing_hotreload_dir__
[DEBUG] [INFO] DebugProtocol initialized -- non-blocking composite Lua hook registered.
[DEBUG] [INFO] DebugProtocol initialized -- non-blocking composite Lua hook registered.
[DEBUG] [WARN] HotReload scan failed: recursive_directory_iterator::recursive_directory_iterator: The system cannot find the path specified.: "__missing_hotreload_dir__"
[DEBUG] [INFO] HotReload initialized -- monitoring 0 files in __missing_hotreload_dir__
[DEBUG] [INFO] DebugProtocol initialized -- non-blocking composite Lua hook registered.
[DEBUG] [WARN] HotReload scan failed: recursive_directory_iterator::recursive_directory_iterator: The system cannot find the path specified.: "__missing_hotreload_dir__"
[DEBUG] [INFO] HotReload initialized -- monitoring 0 files in __missing_hotreload_dir__
[DEBUG] [INFO] DebugProtocol initialized -- non-blocking composite Lua hook registered.
[DEBUG] [WARN] HotReload scan failed: recursive_directory_iterator::recursive_directory_iterator: The system cannot find the path specified.: "__missing_hotreload_dir__"
[DEBUG] [INFO] HotReload initialized -- monitoring 0 files in __missing_hotreload_dir__
[DEBUG] [INFO] DebugProtocol initialized -- non-blocking composite Lua hook registered.
[DEBUG] [WARN] HotReload scan failed: recursive_directory_iterator::recursive_directory_iterator: The system cannot find the path specified.: "__missing_hotreload_dir__"
[DEBUG] [INFO] HotReload initialized -- monitoring 0 files in __missing_hotreload_dir__
[DEBUG] [INFO] DebugProtocol initialized -- non-blocking composite Lua hook registered.
[DEBUG] [WARN] HotReload scan failed: recursive_directory_iterator::recursive_directory_iterator: The system cannot find the path specified.: "__missing_hotreload_dir__"
[DEBUG] [INFO] HotReload initialized -- monitoring 0 files in __missing_hotreload_dir__
[DEBUG] [INFO] DebugProtocol initialized -- non-blocking composite Lua hook registered.
[DEBUG] [WARN] HotReload scan failed: recursive_directory_iterator::recursive_directory_iterator: The system cannot find the path specified.: "__missing_hotreload_dir__"
[DEBUG] [INFO] HotReload initialized -- monitoring 0 files in __missing_hotreload_dir__
[DEBUG] [INFO] DebugProtocol initialized -- non-blocking composite Lua hook registered.
[DEBUG] [WARN] HotReload scan failed: recursive_directory_iterator::recursive_directory_iterator: The system cannot find the path specified.: "__missing_hotreload_dir__"
[DEBUG] [INFO] HotReload initialized -- monitoring 0 files in __missing_hotreload_dir__
[DEBUG] [INFO] DebugProtocol initialized -- non-blocking composite Lua hook registered.
[DEBUG] [WARN] HotReload scan failed: recursive_directory_iterator::recursive_directory_iterator: The system cannot find the path specified.: "__missing_hotreload_dir__"
[DEBUG] [INFO] HotReload initialized -- monitoring 0 files in __missing_hotreload_dir__
[DEBUG] [INFO] DebugProtocol initialized -- non-blocking composite Lua hook registered.
[GameState] ctx table created in Lua registry.
[Lua] Engine (backend selection) module registered.
[Lua] KAG module registered (35 APIs, via BackendRegistry).
[Lua] Render module registered (via BackendRegistry).
[Lua] DevCore module registered (via BackendRegistry).
[Lua] Debug module registered (10 APIs).
[SaveBinding] KAG save/load functions registered (9 APIs).
[Lua] VFX module registered (10 particle APIs).
[Lua] Engine (backend selection) module registered.
[Lua] KAG module registered (32 APIs, via BackendRegistry).
[Lua] Render module registered (via BackendRegistry).
[Lua] DevCore module registered (via BackendRegistry).
[Lua] Debug module registered (8 APIs).
[Lua] VM initialized.
[Lua] KAG module registered (35 APIs, via BackendRegistry).
[Lua] Render module registered (via BackendRegistry).
[Lua] DevCore module registered (via BackendRegistry).
[Lua] Debug module registered (10 APIs).
[Lua] Unified _CAESURA_BACKEND proxy registered (delegates to Render/KAG/DevCore).
[GameState] ctx table created in Lua registry.
[Lua] Engine (backend selection) module registered.
[Lua] KAG module registered (35 APIs, via BackendRegistry).
[Lua] Render module registered (via BackendRegistry).
[Lua] DevCore module registered (via BackendRegistry).
[Lua] Debug module registered (10 APIs).
[SaveBinding] KAG save/load functions registered (9 APIs).
[Lua] VFX module registered (10 particle APIs).
[Lua] Engine (backend selection) module registered.
[Lua] KAG module registered (32 APIs, via BackendRegistry).
[Lua] Render module registered (via BackendRegistry).
[Lua] DevCore module registered (via BackendRegistry).
[Lua] Debug module registered (8 APIs).
[Lua] VM initialized.
[Lua] KAG module registered (35 APIs, via BackendRegistry).
[Lua] Render module registered (via BackendRegistry).
[Lua] DevCore module registered (via BackendRegistry).
[Lua] Debug module registered (10 APIs).
[Lua] Unified _CAESURA_BACKEND proxy registered (delegates to Render/KAG/DevCore).
[GameState] ctx table created in Lua registry.
[Lua] Engine (backend selection) module registered.
[Lua] KAG module registered (35 APIs, via BackendRegistry).
[Lua] Render module registered (via BackendRegistry).
[Lua] DevCore module registered (via BackendRegistry).
[Lua] Debug module registered (10 APIs).
[SaveBinding] KAG save/load functions registered (9 APIs).
[Lua] VFX module registered (10 particle APIs).
[Lua] Engine (backend selection) module registered.
[Lua] KAG module registered (32 APIs, via BackendRegistry).
[Lua] Render module registered (via BackendRegistry).
[Lua] DevCore module registered (via BackendRegistry).
[Lua] Debug module registered (8 APIs).
[Lua] VM initialized.
[Lua] KAG module registered (35 APIs, via BackendRegistry).
[Lua] Render module registered (via BackendRegistry).
[Lua] DevCore module registered (via BackendRegistry).
[Lua] Debug module registered (10 APIs).
[Lua] Unified _CAESURA_BACKEND proxy registered (delegates to Render/KAG/DevCore).
===============================================================================
D:\文件存放处\codex\Caesura(AmeKAG)\tests\cpp\test_demo_e2e.cpp(93):
TEST CASE:  Demo E2E: demo_story.ks parses and scheduler runs it

D:\文件存放处\codex\Caesura(AmeKAG)\tests\cpp\test_demo_e2e.cpp(102): MESSAGE: demo_story.ks not found, skipping

[GameState] ctx table created in Lua registry.
[Lua] Engine (backend selection) module registered.
[Lua] KAG module registered (35 APIs, via BackendRegistry).
[Lua] Render module registered (via BackendRegistry).
[Lua] DevCore module registered (via BackendRegistry).
[Lua] Debug module registered (10 APIs).
[SaveBinding] KAG save/load functions registered (9 APIs).
[Lua] VFX module registered (10 particle APIs).
[Lua] Engine (backend selection) module registered.
[Lua] KAG module registered (32 APIs, via BackendRegistry).
[Lua] Render module registered (via BackendRegistry).
[Lua] DevCore module registered (via BackendRegistry).
[Lua] Debug module registered (8 APIs).
[Lua] VM initialized.
[Lua] KAG module registered (35 APIs, via BackendRegistry).
[Lua] Render module registered (via BackendRegistry).
[Lua] DevCore module registered (via BackendRegistry).
[Lua] Debug module registered (10 APIs).
[GameState] ctx table created in Lua registry.
[Lua] Engine (backend selection) module registered.
[Lua] KAG module registered (35 APIs, via BackendRegistry).
[Lua] Render module registered (via BackendRegistry).
[Lua] DevCore module registered (via BackendRegistry).
[Lua] Debug module registered (10 APIs).
[SaveBinding] KAG save/load functions registered (9 APIs).
[Lua] VFX module registered (10 particle APIs).
[Lua] Engine (backend selection) module registered.
[Lua] KAG module registered (32 APIs, via BackendRegistry).
[Lua] Render module registered[Engine] Running in HEADLESS mode (no window, no GPU)
[DebugManager] Logging to: logs/caesura_2026-07-21_21-27-59.log
 (via BackendRegistry).
[Lua] DevCore module registered (via BackendRegistry).
[Lua] Debug module registered (8 APIs).
[Lua] VM initialized.
[Lua] KAG module registered (35 APIs, via BackendRegistry).
[Lua] Render module registered (via BackendRegistry).
[Lua] DevCore module registered (via BackendRegistry).
[Lua] Debug module registered (10 APIs).
[GameState] ctx table created in Lua registry.
[Lua] Engine (backend selection) module registered.
[Lua] KAG module registered (35 APIs, via BackendRegistry).
[Lua] Render module registered (via BackendRegistry).
[Lua] DevCore module registered (via BackendRegistry).
[Lua] Debug module registered (10 APIs).
[SaveBinding] KAG save/load functions registered (9 APIs).
[Lua] VFX module registered (10 particle APIs).
[Lua] Engine (backend selection) module registered.
[Lua] KAG module registered (32 APIs, via BackendRegistry).
[Lua] Render module registered (via BackendRegistry).
[Lua] DevCore module registered (via BackendRegistry).
[Lua] Debug module registered (8 APIs).
[Lua] VM initialized.
[Lua] KAG module registered (35 APIs, via BackendRegistry).
[Lua] Render module registered (via BackendRegistry).
[Lua] DevCore module registered (via BackendRegistry).
[Lua] Debug module registered (10 APIs).
[GameState] ctx table created in Lua registry.
[Lua] Engine (backend selection) module registered.
[Lua] KAG module registered (35 APIs, via BackendRegistry).
[Lua] Render module registered (via BackendRegistry).
[Lua] DevCore module registered (via BackendRegistry).
[Lua] Debug module registered (10 APIs).
[SaveBinding] KAG save/load functions registered (9 APIs).
[Lua] VFX module registered (10 particle APIs).
[Lua] Engine (backend selection) module registered.
[Lua] KAG module registered (32 APIs, via BackendRegistry).
[Lua] Render module registered (via BackendRegistry).
[Lua] DevCore module registered (via BackendRegistry).
[Lua] Debug module registered (8 APIs).
[Lua] VM initialized.
[Lua] KAG module registered (35 APIs, via BackendRegistry).
[Lua] Render module registered (via BackendRegistry).
[Lua] DevCore module registered (via BackendRegistry).
[Lua] Debug module registered (10 APIs).
[TextureBudget] System RAM: 15 GB -> Tier 3 (1GB (Mainstream), 1024 MB)
[TextureBudget] Developer override: Tier 3 (1GB (Mainstream), 1024 MB)
[TextureBudget] Developer override: Tier 0 (128MB (Low), 128 MB)
[TextureBudget] Developer override: Tier 1 (256MB (Entry), 256 MB)
[TextureBudget] Developer override: Tier 2 (512MB (Mid), 512 MB)
[TextureBudget] Developer override: Tier 3 (1GB (Mainstream), 1024 MB)
[TextureBudget] Developer override: Tier 4 (2GB (High), 2048 MB)
[TextureBudget] Developer override: Tier 5 (4GB (DevOverride), 4096 MB)
[BackendRegistry] Using NullAudioBackend.
[Render] Using NullRenderDevice.
[Platform] Using NullPlatformBackend.
[ENGINE] [INFO] Native window handle: 0000000000000000
[TextureBudget] System RAM: 15 GB -> Tier 3 (1GB (Mainstream), 1024 MB)
[TextureManager] Initialized without GPU placeholder.
[TextureManager] Initialized.
[SaveManager] Registered migration: v1 -> v2
[SaveManager] Registered migration: v2 -> v3
[SaveManager] Registered migration: v3 -> v4
[SaveManager] Registered migration: v4 -> v5
[SaveManager] Initialized. Save dir: saves/ (schema v5)
[LayerManager] Initialized.
[GameState] ctx table created in Lua registry.
[Lua] Engine (backend selection) module registered.
[Lua] KAG module registered (35 APIs, via BackendRegistry).
[Lua] Render module registered (via BackendRegistry).
[Lua] DevCore module registered (via BackendRegistry).
[Lua] Debug module registered (10 APIs).
[SaveBinding] KAG save/load functions registered (9 APIs).
[Lua] VFX module registered (10 particle APIs).
[Lua] Engine (backend selection) module registered.
[Lua] KAG module registered (32 APIs, via BackendRegistry).
[Lua] Render module registered (via BackendRegistry).
[Lua] DevCore module registered (via BackendRegistry).
[Lua] Debug module registered (8 APIs).
[Lua] VM initialized.
[DEBUG] [INFO] HotReload initialized -- monitoring 50 files in scripts/
[JobSystem] Worker 0[Engine] Running in HEADLESS mode (no window, no GPU)
[DebugManager] Logging to: logs/caesura_2026-07-21_21-27-59.log
 started.
[JobSystem] Worker 1 started.
[JobSystem] Initialized: 15 worker(s) (hw=16)
[JobSystem] Worker 2 started.
[AssetManager] Initialized (dir providers).
[JobSystem] Worker 13 started.
[AsyncLoader] Initialized via JobSystem (max 16 pending)
[MiniGame] Null backend initialized (3D mini-game support reserved, not yet implemented).
[JobSystem] Worker 4 started.
[NullAnimation] PNG fallback initialized.
[ENGINE] [INFO] All subsystems initialized.
[JobSystem] Worker 5 started.
[JobSystem] Worker 6 started.
[DEBUG] [INFO] HotReload: starting script reload...
[DEBUG] [INFO] HotReload: GameState reset complete (sf/f preserved).
[JobSystem] Worker 8 started.
[DEBUG] [INFO] HotReload: reload complete.
[JobSystem] Worker 7 started.
[LayerManager] Shutdown complete.
[MiniGame] Null backend shut down.
[AsyncLoader] Shutdown complete.
[JobSystem] Worker 7 stopped.
[JobSystem] Worker 5 stopped.
[JobSystem] Worker 13 stopped.
[JobSystem] Worker 2 stopped.
[JobSystem] Worker 8 stopped.
[JobSystem] Worker 6 stopped.
[JobSystem] Worker 10 started.
[JobSystem] Worker 1 stopped.
[JobSystem] Worker 10 stopped.
[JobSystem] Worker 4 stopped.
[JobSystem] Worker 12 started.
[JobSystem] Worker 12 stopped.
[JobSystem] Worker 0 stopped.
[JobSystem] Worker 3 started.
[JobSystem] Worker 3 stopped.
[JobSystem] Worker 14 started.
[JobSystem] Worker 14 stopped.
[JobSystem] Worker 9 started.
[JobSystem] Worker 9 stopped.
[JobSystem] Worker 11 started.
[JobSystem] Worker 11 stopped.
[JobSystem] Shutdown complete.
[TextureManager] Shutdown complete.
[Lua] VM shut down.
[BackendRegistry] Using NullAudioBackend.
[Render] Using NullRenderDevice.
[Platform] Using NullPlatformBackend.
[ENGINE] [INFO] Native window handle: 0000000000000000
[TextureBudget] System RAM: 15 GB -> Tier 3 (1GB (Mainstream), 1024 MB)
[TextureManager] Initialized without GPU placeholder.
[TextureManager] Initialized.
[SaveManager] Registered migration: v1 -> v2
[SaveManager] Registered migration: v2 -> v3
[SaveManager] Registered migration: v3 -> v4
[SaveManager] Registered migration: v4 -> v5
[SaveManager] Initialized. Save dir: saves/ (schema v5)
[LayerManager] Initialized.
[GameState] ctx table created in Lua registry.
[Lua] Engine (backend selection) module registered.
[Lua] KAG module registered (35 APIs, via BackendRegistry).
[Lua] Render module registered (via BackendRegistry).
[Lua] DevCore module registered (via BackendRegistry).
[Lua] Debug module registered (10 APIs).
[SaveBinding] KAG save/load functions registered (9 APIs).
[Lua] VFX module registered (10 particle APIs).
[Lua] Engine (backend selection) module registered.
[Lua] KAG module registered (32 APIs, via BackendRegistry).
[Lua] Render module registered (via BackendRegistry).
[Lua] DevCore module registered (via BackendRegistry).
[Lua] Debug module registered (8 APIs).
[Lua] VM initialized.
[DEBUG] [INFO] HotReload initialized -- monitoring 50 files in scripts/
[JobSystem] Initialized: 15 worker(s) (hw=16)
[AssetManager] Initialized (dir providers).
[JobSystem] Worker 0 started.
[AsyncLoader] Initialized via JobSystem (max 16 pending)
[MiniGame] Null backend initialized (3D mini-game support reserved, not yet implemented).
[NullAnimation] PNG fallback initialized.
[JobSystem] Worker 1 started.
[ENGINE] [INFO] All subsystems initialized.
[JobSystem] Worker 2 started.
[JobSystem] Worker 3 started.
[DEBUG] [INFO] HotReload: starting script reload...
[JobSystem] Worker 4 started.
[DEBUG] [INFO] HotReload: GameState reset complete (sf/f preserved).
[JobSystem] Worker 5 started.
[DEBUG] [INFO] HotReload: reload complete.
[JobSystem] Worker 6 started.
[LayerManager] Shutdown complete.
[MiniGame] Null backend shut down.
[AsyncLoader] Shutdown complete.
[JobSystem] Worker 6 stopped.
[JobSystem] Worker 5 stopped.
[JobSystem] Worker 4 stopped.
[JobSystem] Worker 2 stopped.
[JobSystem] Worker 3 stopped.
[JobSystem] Worker 7 started.
[JobSystem] Worker 7 stopped.
[JobSystem] Worker 1 stopped.
[JobSystem] Worker 0 stopped.
[JobSystem] Worker 13 started.
[JobSystem] Worker 13 stopped.
[JobSystem] Worker 12 started.
[JobSyste[Engine] Running in HEADLESS mode (no window, no GPU)
[DebugManager] Logging to: logs/caesura_2026-07-21_21-27-59.log
[Engine] Running in HEADLESS mode (no window, no GPU)
[DebugManager] Logging to: logs/caesura_2026-07-21_21-27-59.log
m] Worker 12 stopped.
[JobSystem] Worker 10 started.
[JobSystem] Worker 10 stopped.
[JobSystem] Worker 11 started.
[JobSystem] Worker 11 stopped.
[JobSystem] Worker 14 started.
[JobSystem] Worker 14 stopped.
[JobSystem] Worker 9 started.
[JobSystem] Worker 9 stopped.
[JobSystem] Worker 8 started.
[JobSystem] Worker 8 stopped.
[JobSystem] Shutdown complete.
[TextureManager] Shutdown complete.
[Lua] VM shut down.
[BackendRegistry] Using NullAudioBackend.
[Render] Using NullRenderDevice.
[Platform] Using NullPlatformBackend.
[ENGINE] [INFO] Native window handle: 0000000000000000
[TextureBudget] System RAM: 15 GB -> Tier 3 (1GB (Mainstream), 1024 MB)
[TextureManager] Initialized without GPU placeholder.
[TextureManager] Initialized.
[SaveManager] Registered migration: v1 -> v2
[SaveManager] Registered migration: v2 -> v3
[SaveManager] Registered migration: v3 -> v4
[SaveManager] Registered migration: v4 -> v5
[SaveManager] Initialized. Save dir: saves/ (schema v5)
[LayerManager] Initialized.
[GameState] ctx table created in Lua registry.
[Lua] Engine (backend selection) module registered.
[Lua] KAG module registered (35 APIs, via BackendRegistry).
[Lua] Render module registered (via BackendRegistry).
[Lua] DevCore module registered (via BackendRegistry).
[Lua] Debug module registered (10 APIs).
[SaveBinding] KAG save/load functions registered (9 APIs).
[Lua] VFX module registered (10 particle APIs).
[Lua] Engine (backend selection) module registered.
[Lua] KAG module registered (32 APIs, via BackendRegistry).
[Lua] Render module registered (via BackendRegistry).
[Lua] DevCore module registered (via BackendRegistry).
[Lua] Debug module registered (8 APIs).
[Lua] VM initialized.
[DEBUG] [INFO] HotReload initialized -- monitoring 50 files in scripts/
[JobSystem] Worker 0 started.
[JobSystem] Worker 1 started.
[JobSystem] Initialized: 15 worker(s) (hw=16)
[AssetManager] Initialized (dir providers).
[JobSystem] Worker 2 started.
[JobSystem] Worker 3 started.
[AsyncLoader] Initialized via JobSystem (max 16 pending)
[MiniGame] Null backend initialized (3D mini-game support reserved, not yet implemented).
[NullAnimation] PNG fallback initialized.
[JobSystem] Worker 4 started.
[ENGINE] [INFO] All subsystems initialized.
[JobSystem] Worker 5 started.
[LayerManager] Shutdown complete.
[MiniGame] Null backend shut down.
[AsyncLoader] Shutdown complete.
[JobSystem] Worker 5 stopped.
[JobSystem] Worker 4 stopped.
[JobSystem] Worker 6 started.
[JobSystem] Worker 6 stopped.
[JobSystem] Worker 2 stopped.
[JobSystem] Worker 1 stopped.
[JobSystem] Worker 0 stopped.
[JobSystem] Worker 3 stopped.
[JobSystem] Worker 7 started.
[JobSystem] Worker 7 stopped.
[JobSystem] Worker 9 started.
[JobSystem] Worker 9 stopped.
[JobSystem] Worker 10 started.
[JobSystem] Worker 10 stopped.
[JobSystem] Worker 8 started.
[JobSystem] Worker 8 stopped.
[JobSystem] Worker 11 started.
[JobSystem] Worker 11 stopped.
[JobSystem] Worker 12 started.
[JobSystem] Worker 12 stopped.
[JobSystem] Worker 13 started.
[JobSystem] Worker 13 stopped.
[JobSystem] Worker 14 started.
[JobSystem] Worker 14 stopped.
[JobSystem] Shutdown complete.
[TextureManager] Shutdown complete.
[Lua] VM shut down.
[ENGINE] [INFO] Native window handle: 0000000000000000
[TextureBudget] System RAM: 15 GB -> Tier 3 (1GB (Mainstream), 1024 MB)
[TextureManager] Initialized without GPU placeholder.
[TextureManager] Initialized.
[SaveManager] Registered migration: v1 -> v2
[SaveManager] Registered migration: v2 -> v3
[SaveManager] Registered migration: v3 -> v4
[SaveManager] Registered migration: v4 -> v5
[SaveManager] Initialized. Save dir: saves/ (schema v5)
[LayerManager] Initialized.
[GameState] ctx table created in Lua registry.
[Lua] Engine (backend selection) module registered.
[Lua] KAG module registered (35 APIs, via BackendRegistry).
[Lua] Render module registered (via BackendRegistry).
[Lua] DevCore module registered (via BackendRegistry).
[Lua] Debug module registered (10 APIs).
[SaveBinding] KAG save/load functions registered (9 APIs).
[Lua] VFX module registered (10 particle APIs).
[Lua] Eng[Engine] init() may only be called once per Engine instance.
[Engine] Running in HEADLESS mode (no window, no GPU)
[DebugManager] Logging to: logs/caesura_2026-07-21_21-27-59.log
ine (backend selection) module registered.
[Lua] KAG module registered (32 APIs, via BackendRegistry).
[Lua] Render module registered (via BackendRegistry).
[Lua] DevCore module registered (via BackendRegistry).
[Lua] Debug module registered (8 APIs).
[Lua] VM initialized.
[DEBUG] [INFO] HotReload initialized -- monitoring 50 files in scripts/
[JobSystem] Worker 0 started.
[JobSystem] Worker 1 started.
[JobSystem] Initialized: 15 worker(s) (hw=16)
[AssetManager] Initialized (dir providers).
[JobSystem] Worker 2 started.
[JobSystem] Worker 3 started.
[AsyncLoader] Initialized via JobSystem (max 16 pending)
[JobSystem] Worker 4 started.
[MiniGame] Null backend initialized (3D mini-game support reserved, not yet implemented).
[NullAnimation] PNG fallback initialized.
[ENGINE] [INFO] All subsystems initialized.
[JobSystem] Worker 5 started.
[LayerManager] Shutdown complete.
[MiniGame] Null backend shut down.
[AsyncLoader] Shutdown complete.
[JobSystem] Worker 6 started.
[JobSystem] Worker 6 stopped.
[JobSystem] Worker 5 stopped.
[JobSystem] Worker 4 stopped.
[JobSystem] Worker 0 stopped.
[JobSystem] Worker 1 stopped.
[JobSystem] Worker 2 stopped.
[JobSystem] Worker 3 stopped.
[JobSystem] Worker 7 started.
[JobSystem] Worker 7 stopped.
[JobSystem] Worker 8 started.
[JobSystem] Worker 8 stopped.
[JobSystem] Worker 9 started.
[JobSystem] Worker 9 stopped.
[JobSystem] Worker 10 started.
[JobSystem] Worker 10 stopped.
[JobSystem] Worker 11 started.
[JobSystem] Worker 11 stopped.
[JobSystem] Worker 12 started.
[JobSystem] Worker 12 stopped.
[JobSystem] Worker 13 started.
[JobSystem] Worker 13 stopped.
[JobSystem] Worker 14 started.
[JobSystem] Worker 14 stopped.
[JobSystem] Shutdown complete.
[TextureManager] Shutdown complete.
[Lua] VM shut down.
[Render] Using NullRenderDevice.
[Platform] Using NullPlatformBackend.
[ENGINE] [INFO] Native window handle: 0000000000000000
[TextureBudget] System RAM: 15 GB -> Tier 3 (1GB (Mainstream), 1024 MB)
[TextureManager] Initialized without GPU placeholder.
[TextureManager] Initialized.
[SaveManager] Registered migration: v1 -> v2
[SaveManager] Registered migration: v2 -> v3
[SaveManager] Registered migration: v3 -> v4
[SaveManager] Registered migration: v4 -> v5
[SaveManager] Initialized. Save dir: saves/ (schema v5)
[GameState] ctx table created in Lua registry.
[Lua] Engine (backend selection) module registered.
[Lua] KAG module registered (35 APIs, via BackendRegistry).
[Lua] Render module registered (via BackendRegistry).
[Lua] DevCore module registered (via BackendRegistry).
[Lua] Debug module registered (10 APIs).
[SaveBinding] KAG save/load functions registered (9 APIs).
[Lua] VFX module registered (10 particle APIs).
[Lua] Engine (backend selection) module registered.
[Lua] KAG module registered (32 APIs, via BackendRegistry).
[Lua] Render module registered (via BackendRegistry).
[Lua] DevCore module registered (via BackendRegistry).
[Lua] Debug module registered (8 APIs).
[Lua] VM initialized.
[DEBUG] [INFO] HotReload initialized -- monitoring 50 files in scripts/
[JobSystem] Worker 0 started.
[JobSystem] Worker 7 started.
[JobSystem] Initialized: 15 worker(s) (hw=16)
[JobSystem] Worker 2 started.
[AssetManager] Initialized (dir providers).
[JobSystem] Worker 14 started.
[JobSystem] Worker 4 started.
[AsyncLoader] Initialized via JobSystem (max 16 pending)
[MiniGame] Null backend initialized (3D mini-game support reserved, not yet implemented).
[ENGINE] [INFO] All subsystems initialized.
[JobSystem] Worker 5 started.
[MiniGame] Null backend shut down.
[AsyncLoader] Shutdown complete.
[JobSystem] Worker 6 started.
[JobSystem] Worker 6 stopped.
[JobSystem] Worker 5 stopped.
[JobSystem] Worker 4 stopped.
[JobSystem] Worker 2 stopped.
[JobSystem] Worker 14 stopped.
[JobSystem] Worker 7 stopped.
[JobSystem] Worker 0 stopped.
[JobSystem] Worker 1 started.
[JobSystem] Worker 1 stopped.
[JobSystem] Worker 9 started.
[JobSystem] Worker 9 stopped.
[JobSystem] Worker 8 started.
[JobSystem] Worker 8 stopped.
[JobSystem] Worker 11 started.
[JobSystem] Worker 11 stopped.
[JobSystem] Worker 10 star[Engine] Running in HEADLESS mode (no window, no GPU)
[DebugManager] Logging to: logs/caesura_2026-07-21_21-27-59.log
[ENGINE] [ERROR] Platform backend init failed.
[Engine] init() may only be called once per Engine instance.
[Engine] Running in HEADLESS mode (no window, no GPU)
[DebugManager] Logging to: logs/caesura_2026-07-21_21-27-59.log
[ENGINE] [ERROR] Render device init failed.
[Engine] Running in HEADLESS mode (no window, no GPU)
[DebugManager] Logging to: logs/caesura_2026-07-21_21-27-59.log
[ENGINE] [ERROR] Audio backend init failed.
[Engine] Running in EDITOR mode (hidden window + GPU)
[Engine] Running in HEADLESS mode (no window, no GPU)
[DebugManager] Logging to: logs/caesura_2026-07-21_21-27-59.log
[ENGINE] [ERROR] Platform, render, and audio backends are required.
[Engine] Running in HEADLESS mode (no window, no GPU)
[DebugManager] Logging to: logs/caesura_2026-07-21_21-27-59.log
[Engine] Optional subsystems init had issues (non-fatal).
[Engine] Running in HEADLESS mode (no window, no GPU)
[DebugManager] Logging to: logs/caesura_2026-07-21_21-27-59.log
ted.
[JobSystem] Worker 12 started.
[JobSystem] Worker 10 stopped.
[JobSystem] Worker 12 stopped.
[JobSystem] Worker 13 started.
[JobSystem] Worker 13 stopped.
[JobSystem] Worker 3 started.
[JobSystem] Worker 3 stopped.
[JobSystem] Shutdown complete.
[TextureManager] Shutdown complete.
[Lua] VM shut down.
[ENGINE] [INFO] Native window handle: 0000000000000000
[ENGINE] [INFO] Native window handle: 0000000000000000
[BackendRegistry] Using NullAudioBackend.
[Render] Using NullRenderDevice.
[Platform] Using NullPlatformBackend.
[ENGINE] [INFO] Native window handle: 0000000000000000
[TextureBudget] System RAM: 15 GB -> Tier 3 (1GB (Mainstream), 1024 MB)
[TextureManager] Initialized without GPU placeholder.
[TextureManager] Initialized.
[SaveManager] Registered migration: v1 -> v2
[SaveManager] Registered migration: v2 -> v3
[SaveManager] Registered migration: v3 -> v4
[SaveManager] Registered migration: v4 -> v5
[SaveManager] Initialized. Save dir: saves/ (schema v5)
[LayerManager] Initialized.
[GameState] ctx table created in Lua registry.
[Lua] Engine (backend selection) module registered.
[Lua] KAG module registered (35 APIs, via BackendRegistry).
[Lua] Render module registered (via BackendRegistry).
[Lua] DevCore module registered (via BackendRegistry).
[Lua] Debug module registered (10 APIs).
[SaveBinding] KAG save/load functions registered (9 APIs).
[Lua] VFX module registered (10 particle APIs).
[Lua] Engine (backend selection) module registered.
[Lua] KAG module registered (32 APIs, via BackendRegistry).
[Lua] Render module registered (via BackendRegistry).
[Lua] DevCore module registered (via BackendRegistry).
[Lua] Debug module registered (8 APIs).
[Lua] VM initialized.
[DEBUG] [INFO] HotReload initialized -- monitoring 50 files in scripts/
[JobSystem] Worker 0 started.
[JobSystem] Initialized: 15 worker(s) (hw=16)
[AssetManager] Initialized (dir providers).
[JobSystem] Worker 1 started.
[AsyncLoader] Initialized via JobSystem (max 16 pending)
[JobSystem] Worker 2 started.
[MiniGame] Null backend initialized (3D mini-game support reserved, not yet implemented).
[NullAnimation] PNG fallback initialized.
[ENGINE] [INFO] All subsystems initialized.
[JobSystem] Worker 3 started.
[LayerManager] Shutdown complete.
[MiniGame] Null backend shut down.
[AsyncLoader] Shutdown complete.
[JobSystem] Worker 3 stopped.
[JobSystem] Worker 4 started.
[JobSystem] Worker 2 stopped.
[JobSystem] Worker 4 stopped.
[JobSystem] Worker 0 stopped.
[JobSystem] Worker 1 stopped.
[JobSystem] Worker 5 started.
[JobSystem] Worker 5 stopped.
[JobSystem] Worker 6 started.
[JobSystem] Worker 6 stopped.
[JobSystem] Worker 7 started.
[JobSystem] Worker 7 stopped.
[JobSystem] Worker 8 started.
[JobSystem] Worker 8 stopped.
[JobSystem] Worker 9 started.
[JobSystem] Worker 9 stopped.
[JobSystem] Worker 10 started.
[JobSystem] Worker 10 stopped.
[JobSystem] Worker 11 started.
[JobSystem] Worker 11 stopped.
[JobSystem] Worker 12 started.
[JobSystem] Worker 12 stopped.
[JobSystem] Worker 13 started.
[JobSystem] Worker 13 stopped.
[JobSystem] Worker 14 started.
[JobSystem] Worker 14 stopped.
[JobSystem] Shutdown complete.
[TextureManager] Shutdown complete.
[Lua] VM shut down.
[BackendRegistry] Using NullAudioBackend.
[Render] Using NullRenderDevice.
[Platform] Using NullPlatformBackend.
[ENGINE] [INFO] Native window handle: 0000000000000000
[TextureBudget] System RAM: 15 GB -> Tier 3 (1GB (Mainstream), 1024 MB)
[TextureManager] Initialized without GPU placeholder.
[TextureManager] Initialized.
[SaveManager] Registered migration: v1 -> v2
[SaveManager] Registered migration: v2 -> v3
[SaveManager] Registered migration: v3 -> v4
[SaveManager] Registered migration: v4 -> v5
[SaveManager] Initialized. Save dir: saves/ (schema v5)
[LayerManager] Initialized.
[GameState] ctx table created in Lua registry.
[Lua] Engine (backend selection) module registered.
[Lua] KAG module registered (35 APIs, via BackendRegistry).
[Lua] Render module registered (via BackendRegistry).
[Lua] DevCore module registered (via BackendRegistry).
[Lua] Debug module registered (10 APIs).
[[Engine] Running in HEADLESS mode (no window, no GPU)
[DebugManager] Logging to: logs/caesura_2026-07-21_21-27-59.log
SaveBinding] KAG save/load functions registered (9 APIs).
[Lua] VFX module registered (10 particle APIs).
[Lua] Engine (backend selection) module registered.
[Lua] KAG module registered (32 APIs, via BackendRegistry).
[Lua] Render module registered (via BackendRegistry).
[Lua] DevCore module registered (via BackendRegistry).
[Lua] Debug module registered (8 APIs).
[Lua] VM initialized.
[DEBUG] [INFO] HotReload initialized -- monitoring 50 files in scripts/
[JobSystem] Worker 0 started.
[JobSystem] Worker 7 started.
[JobSystem] Initialized: 15 worker(s) (hw=16)
[AssetManager] Initialized (dir providers).
[JobSystem] Worker 2 started.
[AsyncLoader] Initialized via JobSystem (max 16 pending)
[MiniGame] Null backend initialized (3D mini-game support reserved, not yet implemented).
[JobSystem] Worker 3 started.
[NullAnimation] PNG fallback initialized.
[ENGINE] [INFO] All subsystems initialized.
[JobSystem] Worker 4 started.
[LayerManager] Shutdown complete.
[MiniGame] Null backend shut down.
[AsyncLoader] Shutdown complete.
[JobSystem] Worker 4 stopped.
[JobSystem] Worker 3 stopped.
[JobSystem] Worker 2 stopped.
[JobSystem] Worker 0 stopped.
[JobSystem] Worker 7 stopped.
[JobSystem] Worker 5 started.
[JobSystem] Worker 5 stopped.
[JobSystem] Worker 1 started.
[JobSystem] Worker 1 stopped.
[JobSystem] Worker 8 started.
[JobSystem] Worker 8 stopped.
[JobSystem] Worker 9 started.
[JobSystem] Worker 9 stopped.
[JobSystem] Worker 10 started.
[JobSystem] Worker 10 stopped.
[JobSystem] Worker 11 started.
[JobSystem] Worker 11 stopped.
[JobSystem] Worker 12 started.
[JobSystem] Worker 12 stopped.
[JobSystem] Worker 13 started.
[JobSystem] Worker 13 stopped.
[JobSystem] Worker 14 started.
[JobSystem] Worker 14 stopped.
[JobSystem] Worker 6 started.
[JobSystem] Worker 6 stopped.
[JobSystem] Shutdown complete.
[TextureManager] Shutdown complete.
[Lua] VM shut down.
[BackendRegistry] Using NullAudioBackend.
[Render] Using NullRenderDevice.
[Platform] Using NullPlatformBackend.
[ENGINE] [INFO] Native window handle: 0000000000000000
[TextureBudget] System RAM: 15 GB -> Tier 3 (1GB (Mainstream), 1024 MB)
[TextureManager] Initialized without GPU placeholder.
[TextureManager] Initialized.
[SaveManager] Registered migration: v1 -> v2
[SaveManager] Registered migration: v2 -> v3
[SaveManager] Registered migration: v3 -> v4
[SaveManager] Registered migration: v4 -> v5
[SaveManager] Initialized. Save dir: saves/ (schema v5)
[LayerManager] Initialized.
[GameState] ctx table created in Lua registry.
[Lua] Engine (backend selection) module registered.
[Lua] KAG module registered (35 APIs, via BackendRegistry).
[Lua] Render module registered (via BackendRegistry).
[Lua] DevCore module registered (via BackendRegistry).
[Lua] Debug module registered (10 APIs).
[SaveBinding] KAG save/load functions registered (9 APIs).
[Lua] VFX module registered (10 particle APIs).
[Lua] Engine (backend selection) module registered.
[Lua] KAG module registered (32 APIs, via BackendRegistry).
[Lua] Render module registered (via BackendRegistry).
[Lua] DevCore module registered (via BackendRegistry).
[Lua] Debug module registered (8 APIs).
[Lua] VM initialized.
[DEBUG] [INFO] HotReload initialized -- monitoring 50 files in scripts/
[JobSystem] Worker 0 started.
[JobSystem] Worker 1 started.
[JobSystem] Initialized: 15 worker(s) (hw=16)
[JobSystem] Worker 2 started.
[AssetManager] Initialized (dir providers).
[JobSystem] Worker 14 started.
[AsyncLoader] Initialized via JobSystem (max 16 pending)
[MiniGame] Null backend initialized (3D mini-game support reserved, not yet implemented).
[JobSystem] Worker 4 started.
[NullAnimation] PNG fallback initialized.
[ENGINE] [INFO] All subsystems initialized.
[JobSystem] Worker 5 started.
[JobSystem] Worker 6 started.
[LayerManager] Shutdown complete.
[MiniGame] Null backend shut down.
[AsyncLoader] Shutdown complete.
[JobSystem] Worker 7 started.
[JobSystem] Worker 7 stopped.
[JobSystem] Worker 6 stopped.
[JobSystem] Worker 5 stopped.
[JobSystem] Worker 4 stopped.
[JobSystem] Worker 14 stopped.
[JobSystem] Worker 0 stopped.
[JobSys[Engine] Running in HEADLESS mode (no window, no GPU)
[DebugManager] Logging to: logs/caesura_2026-07-21_21-27-59.log

=== FATAL ERROR ===
Test
Body
==================
[Engine] Running in HEADLESS mode (no window, no GPU)
[DebugManager] Logging to: logs/caesura_2026-07-21_21-27-59.log
tem] Worker 2 stopped.
[JobSystem] Worker 1 stopped.
[JobSystem] Worker 8 started.
[JobSystem] Worker 8 stopped.
[JobSystem] Worker 9 started.
[JobSystem] Worker 9 stopped.
[JobSystem] Worker 11 started.
[JobSystem] Worker 11 stopped.
[JobSystem] Worker 12 started.
[JobSystem] Worker 12 stopped.
[JobSystem] Worker 13 started.
[JobSystem] Worker 13 stopped.
[JobSystem] Worker 3 started.
[JobSystem] Worker 3 stopped.
[JobSystem] Worker 10 started.
[JobSystem] Worker 10 stopped.
[JobSystem] Shutdown complete.
[TextureManager] Shutdown complete.
[Lua] VM shut down.
[BackendRegistry] Using NullAudioBackend.
[Render] Using NullRenderDevice.
[Platform] Using NullPlatformBackend.
[ENGINE] [INFO] Native window handle: 0000000000000000
[TextureBudget] System RAM: 15 GB -> Tier 3 (1GB (Mainstream), 1024 MB)
[TextureManager] Initialized without GPU placeholder.
[TextureManager] Initialized.
[SaveManager] Registered migration: v1 -> v2
[...]
[TextRenderer] FT_New_Face failed: __caesura_missing_font_for_raii_test__.ttf (err=1)
[TextRenderer] FT_New_Face failed: __caesura_missing_font_for_raii_test__.ttf (err=1)
[ShaderCache] registerProgram: invalid program for blend=0 palette=0
[ShaderCache] registerProgram: invalid program for blend=1 palette=0
[ShaderCache] registerProgram: invalid program for blend=2 palette=0
[ShaderCache] registerProgram: invalid program for blend=3 palette=0
[ShaderCache] registerProgram: invalid program for blend=4 palette=0
[ShaderCache] registerProgram: invalid program for blend=5 palette=0
[ShaderCache] registerProgram: invalid program for blend=6 palette=0
[ShaderCache] registerProgram: invalid program for blend=7 palette=0
[ShaderCache] registerProgram: invalid program for blend=8 palette=0
[ShaderCache] registerProgram: invalid program for blend=9 palette=0
[ShaderCache] registerProgram: invalid program for blend=10 palette=0
[ShaderCache] registerProgram: invalid program for blend=11 palette=0
[ShaderCache] registerProgram: invalid program for blend=12 palette=0
[ShaderCache] registerProgram: invalid program for blend=13 palette=0
[ShaderCache] registerProgram: invalid program for blend=14 palette=0
[ShaderCache] registerProgram: invalid program for blend=15 palette=0
[ShaderCache] registerProgram: invalid program for blend=16 palette=0
[ShaderCache] registerProgram: invalid program for blend=17 palette=0
[ShaderCache] registerProgram: invalid program for blend=18 palette=0
[ShaderCache] registerProgram: invalid program for blend=19 palette=0
[ShaderCache] registerProgram: invalid program for blend=20 palette=0
[ShaderCache] registerProgram: invalid program for blend=21 palette=0
[ShaderCache] registerProgram: invalid program for blend=22 palette=0
[ShaderCache] registerProgram: invalid program for blend=23 palette=0
[ShaderCache] registerProgram: invalid program for blend=24 palette=0
[ShaderCache] registerProgram: invalid program for blend=25 palette=0
[ShaderCache] registerProgram: invalid program for blend=26 palette=0
[ShaderCache] registerProgram: invalid program for blend=27 palette=0
[ShaderCache] registerProgram: invalid program for blend=0 palette=0
[ShaderCache] registerProgram: invalid program for blend=1 palette=0
[ShaderCache] registerProgram: invalid program for blend=2 palette=0
[ShaderCache] registerProgram: invalid program for blend=3 palette=0
[ShaderCache] registerProgram: invalid program for blend=4 palette=0
[ShaderCache] registerProgram: invalid program for blend=5 palette=0
[ShaderCache] registerProgram: invalid program for blend=6 palette=0
[ShaderCache] registerProgram: invalid program for blend=7 palette=0
[ShaderCache] registerProgram: invalid program for blend=8 palette=0
[ShaderCache] registerProgram: invalid program for blend=9 palette=0
[ShaderCache] registerProgram: invalid program for blend=10 palette=0
[ShaderCache] registerProgram: invalid program for blend=11 palette=0
[ShaderCache] registerProgram: invalid program for blend=12 palette=0
[ShaderCache] registerProgram: invalid program for blend=13 palette=0
[ShaderCache] registerProgram: invalid program for blend=14 palette=0
[ShaderCache] registerProgram: invalid program for blend=15 palette=0
[ShaderCache] registerProgram: invalid program for blend=16 palette=0
[ShaderCache] registerProgram: invalid program for blend=17 palette=0
[ShaderCache] registerProgram: invalid program for blend=18 palette=0
[ShaderCache] registerProgram: invalid program for blend=19 palette=0
[ShaderCache] registerProgram: invalid program for blend=20 palette=0
[ShaderCache] registerProgram: invalid program for blend=21 palette=0
[ShaderCache] registerProgram: invalid program for blend=22 palette=0
[ShaderCache] registerProgram: invalid program for blend=23 palette=0
[ShaderCache] registerProgram: invalid program for blend=24 palette=0
[ShaderCache] registerProgram: invalid program for blend=25 palette=0
[ShaderCache] registerProgram: invalid program for blend=26 palette=0
[ShaderCache] registerProgram: invalid program for blend=27 palette=0
[ShaderCache] registerProgram: invalid program for blend=0 palette=0
[ShaderCache] registerProgram: invalid program for blend=1 palette=0
[ShaderCache] registerProgram: invalid program for blend=2 palette=0
[ShaderCache] registerProgram: invalid program for blend=3 palette=0
[ShaderCache] registerProgram: invalid program for blend=4 palette=0
[ShaderCache] registerProgram: invalid program for blend=5 palette=0
[ShaderCache] registerProgram: invalid program for blend=6 palette=0
[ShaderCache] registerProgram: invalid program for blend=7 palette=0
[ShaderCache] registerProgram: invalid program for blend=8 palette=0
[XP3] Invalid index contents.
[TextureManager] Texture quota exceeded: missing.png
[TextureManager] Texture quota exceeded (RGBA).
[TextureManager] Texture quota exceeded (memory).
[TextureManager] Texture quota exceeded (solid).
[TextureManager] GPU unavailable; cannot load texture: missing.png
[TextureManager] GPU unavailable; cannot create RGBA texture.
[TextureManager] GPU unavailable; cannot load texture from memory.
[TextureManager] GPU unavailable; cannot create solid texture.
codex\Caesura(AmeKAG)\tests\cpp\test_image_decoder.cpp(35): MESSAGE: ImageDecoder tests disabled — stb_image SEH on MSVC/x64

[AssetManager] Initialized (dir providers).
[AssetManager] Initialized (dir providers).
[AssetManager] Initialized (dir providers).
[ParticleSystem] Emitter 0 created
[ParticleSystem] Emitter 0 created
[ParticleSystem] Emitter 1 created
[ParticleSystem] Emitter 2 created
[ParticleSystem] Emitter 0 created
[ParticleSystem] Emitter 1 created
[ParticleSystem] Emitter 0 created
[ParticleSystem] Emitter 0 created
[ParticleSystem] Emitter 0 created
[ParticleSystem] Emitter 0 created
[ParticleSystem] Emitter 0 created
[ParticleSystem] Emitter 1 created
[ParticleSystem] Emitter 0 created
[XP3] Packed 1 files ?? C:\Users\34021\AppData\Local\Temp\caesura_test_xp3_roundtrip_p22164_2\roundtrip.xp3 (0.00 MB)
[XP3] Unpacked 1 files ?? C:\Users\34021\AppData\Local\Temp\caesura_test_xp3_roundtrip_p22164_2\output
[TextureBudget] System RAM: 15 GB -> Tier 3 (1GB (Mainstream), 1024 MB)
[TextureBudget] Developer override: Tier 5 (4GB (DevOverride), 4096 MB)
[TextureBudget] Developer override: Tier 0 (128MB (Low), 128 MB)
[TextureBudget] Developer override: Tier 1 (256MB (Entry), 256 MB)
[TextureBudget] Developer override: Tier 2 (512MB (Mid), 512 MB)
[TextureBudget] Developer override: Tier 3 (1GB (Mainstream), 1024 MB)
[TextureBudget] Developer override: Tier 4 (2GB (High), 2048 MB)
[TextureBudget] Developer override: Tier 5 (4GB (DevOverride), 4096 MB)
[TextureBudget] Developer override: Tier 0 (128MB (Low), 128 MB)
[TextureBudget] Developer override: Tier 1 (256MB (Entry), 256 MB)
[TextureBudget] Developer override: Tier 2 (512MB (Mid), 512 MB)
[TextureBudget] Developer override: Tier 3 (1GB (Mainstream), 1024 MB)
[TextureBudget] Developer override: Tier 4 (2GB (High), 2048 MB)
[TextureBudget] Developer override: Tier 5 (4GB (DevOverride), 4096 MB)
[TextureManager] Initialized without GPU placeholder.
[TextureManager] Initialized.
[TextureManager] Shutdown complete.
[TextureManager] Initialized without GPU placeholder.
[TextureManager] Initialized.
[TextureManager] Shutdown complete.
===============================================================================
[doctest] test cases:  85 |  85 passed | 0 failed | 395 skipped
[doctest] assertions: 184 | 184 passed | 0 failed |
[doctest] Status: SUCCESS!
<end of output>
Test time =   0.12 sec
----------------------------------------------------------
Test Passed.
"CaesuraRenderResourceTests" end time: Jul 21 21:28 �й���׼ʱ��
"CaesuraRenderResourceTests" time elapsed: 00:00:00
----------------------------------------------------------

7/8 Testing: CaesuraAudioTests
7/8 Test: CaesuraAudioTests
Command: "D:/文件存放处/codex/Caesura(AmeKAG)/build-architecture-verify/tests/Debug/CaesuraTests.exe" "--source-file=*test_audio.cpp,*test_audio_integration.cpp"
Directory: D:/文件存放处/codex/Caesura(AmeKAG)/build-architecture-verify/tests/Debug
"CaesuraAudioTests" start time: Jul 21 21:28 �й���׼ʱ��
Output:
----------------------------------------------------------
[Audio] Failed to load: nonexistent.wav
[Audio] Failed to load: nonexistent.wav
[Audio] Failed to load: nonexistent.wav
[Audio] Failed to load: nonexistent.wav
[Audio] Failed to load: nonexistent.wav
[Audio] Failed to load: nonexistent.wav
[Audio] Failed to load: nonexistent.wav
[Audio] Failed to load: nonexistent.wav
[Audio] Failed to load: nonexistent.wav
[Audio] Failed to load: nonexistent.wav
[Audio] Failed to load: nonexistent.wav
[Audio] Failed to load: CMakeLists.txt
[Audio] Failed to load: 
[doctest] doctest version is "2.5.0"
[doctest] run with "--help" for options
[Audio] SoLoud initialized: 3 buses (BGM, VOICE, SE) ready.
[Audio] SoLoud shut down.
[Audio] SoLoud initialized: 3 buses (BGM, VOICE, SE) ready.
[Audio] SoLoud shut down.
[Audio] SoLoud initialized: 3 buses (BGM, VOICE, SE) ready.
[Audio] Bus bgm volume = 0.80
[Audio] Bus voice volume = 0.60
[Audio] SoLoud shut down.
[Audio] SoLoud initialized: 3 buses (BGM, VOICE, SE) ready.
[Audio] Bus bgm fade to 0.00 over 0.50s
[Audio] Bus voice fade to 0.50 over 1.00s
[Audio] Bus se fade to 1.00 over 0.30s
[Audio] SoLoud shut down.
[Audio] SoLoud initialized: 3 buses (BGM, VOICE, SE) ready.
[Audio] SoLoud shut down.
[Audio] SoLoud initialized: 3 buses (BGM, VOICE, SE) ready.
[Audio] SoLoud shut down.
[Audio] SoLoud initialized: 3 buses (BGM, VOICE, SE) ready.
[Audio] SoLoud shut down.
[Audio] SoLoud initialized: 3 buses (BGM, VOICE, SE) ready.
[Audio] SE: tests/audio/silence.wav (handle 12292)
[Audio] SE: all sound effects stopped.
[Audio] SoLoud shut down.
[Audio] SoLoud initialized: 3 buses (BGM, VOICE, SE) ready.
[Audio] SE: tests/audio/silence.flac (handle 12292)
[Audio] SE: all sound effects stopped.
[Audio] SoLoud shut down.
[Audio] SoLoud initialized: 3 buses (BGM, VOICE, SE) ready.
[Audio] SoLoud shut down.
[Audio] SoLoud initialized: 3 buses (BGM, VOICE, SE) ready.
[Audio] BGM: tests/audio/silence.wav (handle 12292, fade 0.0s)
[Audio] SoLoud shut down.
[Audio] SoLoud initialized: 3 buses (BGM, VOICE, SE) ready.
[Audio] Voice: tests/audio/silence.wav (handle 12292)
[Audio] SoLoud shut down.
[Audio] SoLoud initialized: 3 buses (BGM, VOICE, SE) ready.
[Audio] SE 3D: tests/audio/silence.wav at (0.0,0.0,-5.0) h=12292
[Audio] SE: all sound effects stopped.
[Audio] SoLoud shut down.
[Audio] SoLoud initialized: 3 buses (BGM, VOICE, SE) ready.
[Audio] SE: tests/audio/silence.wav (handle 12292)
[Audio] SoLoud shut down.
[Audio] SoLoud initialized: 3 buses (BGM, VOICE, SE) ready.
[Audio] SoLoud shut down.
[Audio] SoLoud initialized: 3 buses (BGM, VOICE, SE) ready.
[Audio] SoLoud shut down.
[Audio] SoLoud initialized: 3 buses (BGM, VOICE, SE) ready.
[Audio] SoLoud shut down.
[Audio] SoLoud initialized: 3 buses (BGM, VOICE, SE) ready.
[Audio] SoLoud shut down.
[Audio] SoLoud initialized: 3 buses (BGM, VOICE, SE) ready.
[Audio] SE: tests/audio/silence.wav (handle 12292)
[Audio] Wave cache flushed.
[Audio] Wave cache flushed.
[Audio] SoLoud shut down.
[Audio] SoLoud initialized: 3 buses (BGM, VOICE, SE) ready.
[Audio] SoLoud shut down.
[Audio] SoLoud initialized: 3 buses (BGM, VOICE, SE) ready.
[Audio] SoLoud shut down.
[Audio] SoLoud initialized: 3 buses (BGM, VOICE, SE) ready.
[Audio] BGM: tests/audio/silence.wav (handle 12292, fade 0.0s)
[Audio] SoLoud shut down.
[Audio] SoLoud initialized: 3 buses (BGM, VOICE, SE) ready.
[Audio] SE: tests/audio/silence.wav (handle 12292)
[Audio] SE 3D: tests/audio/silence.wav at (0.0,0.0,-1.0) h=16389
[Audio] SE: all sound effects stopped.
[Audio] SE: all sound effects stopped.
[Audio] SoLoud shut down.
[Audio] SoLoud initialized: 3 buses (BGM, VOICE, SE) ready.
[Audio] SE: tests/audio/silence.wav (handle 12292)
[Audio] SoLoud shut down.
[Audio] SoLoud initialized: 3 buses (BGM, VOICE, SE) ready.
[Audio] SE: tests/audio/silence.wav (handle 12292)
[Audio] SoLoud shut down.
[Audio] SoLoud initialized: 3 buses (BGM, VOICE, SE) ready.
[Audio] BGM: tests/audio/silence.wav (handle 12292, fade 0.0s)
[Audio] BGM: tests/audio/silence.wav (handle 16389, fade 0.0s)
[Audio] Voice: tests/audio/silence.wav (handle 20484)
[Audio] Voice: tests/audio/silence.wav (handle 24581)
[Audio] SoLoud shut down.
[Audio] SoLoud initialized: 3 buses (BGM, VOICE, SE) ready.
[Audio] BGM: tests/audio/silence.wav (handle 12292, fade 0.0s)
[Audio] BGM: tests/audio/silence.wav (handle 16389, fade 10.0s)
[Audio] SoLoud shut down.
[Audio] SoLoud initialized: 3 buses (BGM, VOICE, SE) ready.
[Audio] BGM: tests/audio/silence.wav (handle 12292, fade 0.0s)
[Audio] BGM: tests/audio/silence.wav (handle 16389, fade 10.0s)
[Audio] BGM: tests/audio/silence.wav (handle 20486, fade 10.0s)
[Audio] SoLoud shut down.
[Audio] SoLoud initialized: 3 buses (BGM, VOICE, SE) ready.
[Audio] BGM: tests/audio/silence.wav (handle 12292, fade 0.0s)
[Audio] BGM: tests/audio/silence.wav (handle 16389, fade 10.0s)
[Audio] Voice: tests/audio/silence.wav (handle 20486)
[Audio] Voice: tests/audio/silence.wav (handle 24583)
[Audio] SE: tests/audio/silence.wav (handle 28680)
[Audio] SE 3D: tests/audio/silence.wav at (0.0,0.0,-1.0) h=32777
[Audio] SoLoud shut down.
[Audio] SoLoud initialized: 3 buses (BGM, VOICE, SE) ready.
[Audio] SoLoud shut down.
[Audio] SoLoud initialized: 3 buses (BGM, VOICE, SE) ready.
[Audio] SoLoud shut down.
[Audio] SoLoud initialized: 3 buses (BGM, VOICE, SE) ready.
[Audio] Bus bgm volume = 0.75
[Audio] Bus voice volume = 0.50
[Audio] Bus se volume = 0.90
[Audio] SoLoud shut down.
===============================================================================
[doctest] test cases:  33 |  33 passed | 0 failed | 447 skipped
[doctest] assertions: 146 | 146 passed | 0 failed |
[doctest] Status: SUCCESS!
<end of output>
Test time =   3.05 sec
----------------------------------------------------------
Test Passed.
"CaesuraAudioTests" end time: Jul 21 21:28 �й���׼ʱ��
"CaesuraAudioTests" time elapsed: 00:00:03
----------------------------------------------------------

8/8 Testing: CaesuraHeadlessCliSmoke
8/8 Test: CaesuraHeadlessCliSmoke
Command: "D:/文件存放处/codex/Caesura(AmeKAG)/build-architecture-verify/Debug/CaesuraAmeKAG.exe" "--headless"
Directory: D:/文件存放处/codex/Caesura(AmeKAG)/build-architecture-verify/Debug
"CaesuraHeadlessCliSmoke" start time: Jul 21 21:28 �й���׼ʱ��
Output:
----------------------------------------------------------
[main] Starting Caesura (AmeKAG)...
============================================
  Caesura (AmeKAG) v1.0.0
  Cross-platform Visual Novel Engine
  SDL3 + bgfx + SoLoud + Lua
  [HEADLESS MODE]
============================================

[BackendRegistry] Using NullAudioBackend.
[Render] Using NullRenderDevice.
[Platform] Using NullPlatformBackend.
[Engine] Running in HEADLESS mode (no window, no GPU)
[DebugManager] Logging to: logs/caesura_2026-07-21_21-28-05.log
[ENGINE] [INFO] Native window handle: 0000000000000000
[TextureBudget] System RAM: 15 GB -> Tier 3 (1GB (Mainstream), 1024 MB)
[TextureManager] Initialized without GPU placeholder.
[TextureManager] Initialized.
[SaveManager] Registered migration: v1 -> v2
[SaveManager] Registered migration: v2 -> v3
[SaveManager] Registered migration: v3 -> v4
[SaveManager] Registered migration: v4 -> v5
[SaveManager] Initialized. Save dir: saves/ (schema v5)
[LayerManager] Initialized.
[GameState] ctx table created in Lua registry.
[Lua] Engine (backend selection) module registered.
[Lua] KAG module registered (35 APIs, via BackendRegistry).
[Lua] Render module registered (via BackendRegistry).
[Lua] DevCore module registered (via BackendRegistry).
[Lua] Debug module registered (10 APIs).
[SaveBinding] KAG save/load functions registered (9 APIs).
[Lua] VFX module registered (10 particle APIs).
[Lua] Engine (backend selection) module registered.
[Lua] KAG module registered (32 APIs, via BackendRegistry).
[Lua] Render module registered (via BackendRegistry).
[Lua] DevCore module registered (via BackendRegistry).
[Lua] Debug module registered (8 APIs).
[Lua] VM initialized.
[DEBUG] [INFO] HotReload initialized -- monitoring 50 files in scripts/
[JobSystem] Initialized: 15 worker(s) (hw=16)
[AssetManager] Initialized (dir providers).
[AsyncLoader] Initialized via JobSystem (max 16 pending)
[MiniGame] Null backend initialized (3D mini-game support reserved, not yet implemented).
[JobSystem] Worker 0 started.
[JobSystem] Worker 6 started.
[JobSystem] Worker 7 started.
[JobSystem] Worker 10 started.
[JobSystem] Worker 8 started.
[JobSystem] Worker 2 started.
[JobSystem] Worker 1 started.
[JobSystem] Worker 13 started.
[JobSystem] Worker 14 started.
[JobSystem] Worker 9 started.
[JobSystem] Worker 12 started.
[NullAnimation] PNG fallback initialized.
[JobSystem] Worker 3 started.
[JobSystem] Worker 11 started.
[JobSystem] Worker 4 started.
[JobSystem] Worker 5 started.
[ENGINE] [INFO] All subsystems initialized.
[main] Headless mode: JSON-RPC on stdin/stdout
[Lua] Loading script: scripts/config.lua
[BackendRegistry] Using pre-registered platform backend: SDL3
[BackendFactory] Created: render=NullRender audio=NullAudio platform=NullPlatform
[config] No volume file, using defaults.
[config] No window settings file, using defaults.
[ParticleSystem] Render device missing sampler or program
[VFX] Particle system init failed!
[config] Particle system initialized.
[config] Backends ready: render=NullRender audio=NullAudio platform=NullPlatform
[DevCore] Resolution set: 1280x720
[config] Resolution applied: 1280x720
[Lua] Loading script: scripts/kag/init.lua
[BackendRegistry] Using pre-registered platform backend: SDL3
[BackendFactory] Created: render=NullRender audio=NullAudio platform=NullPlatform
[config] No volume file, using defaults.
[config] No window settings file, using defaults.
[ParticleSystem] Render device missing sampler or program
[VFX] Particle system init failed!
[config] Particle system initialized.
[config] Backends ready: render=NullRender audio=NullAudio platform=NullPlatform
[DevCore] Resolution set: 1280x720
[config] Resolution applied: 1280x720
[i18n] Language file not found: assets/lang/zh.lua. Using built-in.
[kag/init] All KAG libraries loaded.
[Sandbox] Strict mode: render operation whitelist active
[Lua] Script environment locked down (sandbox.lua).
[RpcServer] JSON-RPC ready on stdin/stdout
[RpcServer] Shutdown.
Caesura (AmeKAG) shut down cleanly.
[LayerManager] Shutdown complete.
[MiniGame] Null backend shut down.
[AsyncLoader] Shutdown complete.
[JobSystem] Worker 7 stopped.
[JobSystem] Worker 11 stopped.
[JobSystem] Worker 5 stopped.
[JobSystem] Worker 3 stopped.
[JobSystem] Worker 8 stopped.
[JobSystem] Worker 10 stopped.
[JobSystem] Worker 6 stopped.
[JobSystem] Worker 12 stopped.
[JobSystem] Worker 0 stopped.
[JobSystem] Worker 9 stopped.
[JobSystem] Worker 1 stopped.
[JobSystem] Worker 13 stopped.
[JobSystem] Worker 4 stopped.
[JobSystem] Worker 14 stopped.
[JobSystem] Worker 2 stopped.
[JobSystem] Shutdown complete.
[TextureManager] Shutdown complete.
[Lua] VM shut down.
<end of output>
Test time =   0.07 sec
----------------------------------------------------------
Test Pass Reason:
Required regular expression found. Regex=[Backends ready: render=NullRender audio=NullAudio platform=NullPlatform]
"CaesuraHeadlessCliSmoke" end time: Jul 21 21:28 �й���׼ʱ��
"CaesuraHeadlessCliSmoke" time elapsed: 00:00:00
----------------------------------------------------------

End testing: Jul 21 21:28 �й���׼ʱ��

assets =   0.04 sec*proc

audio =   3.05 sec*proc

cli =   0.07 sec*proc

entry =   0.29 sec*proc

filesystem =   0.11 sec*proc

full =   5.13 sec*proc

headless =   0.07 sec*proc

lifecycle =   0.22 sec*proc

lua =   0.43 sec*proc

regression =   5.13 sec*proc

render =   0.12 sec*proc

resource =   0.12 sec*proc

script =   0.43 sec*proc

setup =   0.04 sec*proc

storage =   0.11 sec*proc

