Start testing: Jul 26 03:12 ÖÐ¹ú±ê×¼Ê±¼ä
----------------------------------------------------------
1/8 Testing: CaesuraSyncTestAssets
1/8 Test: CaesuraSyncTestAssets
Command: "C:/Program Files/CMake/bin/cmake.exe" "-P" "D:/æ–‡ä»¶å­˜æ”¾å¤„/codex/Caesura(AmeKAG)/build-repro-verify/tests/sync_caesura_test_assets_Debug.cmake"
Directory: D:/æ–‡ä»¶å­˜æ”¾å¤„/codex/Caesura(AmeKAG)/build-repro-verify/tests
"CaesuraSyncTestAssets" start time: Jul 26 03:12 ÖÐ¹ú±ê×¼Ê±¼ä
Output:
----------------------------------------------------------
<end of output>
Test time =   0.12 sec
----------------------------------------------------------
Test Passed.
"CaesuraSyncTestAssets" end time: Jul 26 03:12 ÖÐ¹ú±ê×¼Ê±¼ä
"CaesuraSyncTestAssets" time elapsed: 00:00:00
----------------------------------------------------------

5/8 Testing: CaesuraScriptTests
5/8 Test: CaesuraScriptTests
Command: "D:/æ–‡ä»¶å­˜æ”¾å¤„/codex/Caesura(AmeKAG)/build-repro-verify/tests/Debug/CaesuraTests.exe" "--source-file=*test_lua_manager.cpp,*test_script_bindings.cpp,*test_script_boundary.cpp,*test_kag_binding.cpp,*test_kag_integration.cpp,*test_kag_execution.cpp,*test_game_state.cpp"
Directory: D:/æ–‡ä»¶å­˜æ”¾å¤„/codex/Caesura(AmeKAG)/build-repro-verify/tests/Debug
"CaesuraScriptTests" start time: Jul 26 03:12 ÖÐ¹ú±ê×¼Ê±¼ä
Output:
----------------------------------------------------------
[doctest] doctest version is "2.5.0"
[doctest] run with "--help" for options
[GameState] ctx table created in Lua registry.
[Lua] Engine (backend selection) module registered.
[Lua] KAG module registered (35 APIs, via BackendRegistry).
[Lua] Render module registered (via BackendRegistry).
[Lua] DevCore module registered (via BackendRegistry).
[Lua] Debug module registered (10 APIs).
[SaveBinding] KAG save/load functions registered (9 APIs).
[Lua] VFX module registered (10 particle APIs).
[Lua] Engine (backend selection) module registered.
[Lua] KAG module registered (32 APIs, via BackendRegistry).
[Lua] Render module registered (via BackendRegistry).
[Lua] DevCore module registered (via BackendRegistry).
[Lua] Debug module registered (8 APIs).
[Lua] VM initialized.
[GameState] ctx table created in Lua registry.
[Lua] Engine (backend selection) module registered.
[Lua] KAG module registered (35 APIs, via BackendRegistry).
[Lua] Render module registered (via BackendRegistry).
[Lua] DevCore module registered (via BackendRegistry).
[Lua] Debug module registered (10 APIs).
[SaveBinding] KAG save/load functions registered (9 APIs).
[Lua] VFX module registered (10 particle APIs).
[Lua] Engine (backend selection) module registered.
[Lua] KAG module registered (32 APIs, via BackendRegistry).
[Lua] Render module registered (via BackendRegistry).
[Lua] DevCore module registered (via BackendRegistry).
[Lua] Debug module registered (8 APIs).
[Lua] VM initialized.
[GameState] ctx table created in Lua registry.
[GameState] ctx table created in Lua registry.
[Lua] Engine (backend selection) module registered.
[Lua] KAG module registered (35 APIs, via BackendRegistry).
[Lua] Render module registered (via BackendRegistry).
[Lua] DevCore module registered (via BackendRegistry).
[Lua] Debug module registered (10 APIs).
[SaveBinding] KAG save/load functions registered (9 APIs).
[Lua] VFX module registered (10 particle APIs).
[Lua] Engine (backend selection) module registered.
[Lua] KAG module registered (32 APIs, via BackendRegistry).
[Lua] Render module registered (via BackendRegistry).
[Lua] DevCore module registered (via BackendRegistry).
[Lua] Debug module registered (8 APIs).
[Lua] VM initialized.
[GameState] ctx table created in Lua registry.
[Lua] Engine (backend selection) module registered.
[Lua] KAG module registered (35 APIs, via BackendRegistry).
[Lua] Render module registered (via BackendRegistry).
[Lua] DevCore module registered (via BackendRegistry).
[Lua] Debug module registered (10 APIs).
[SaveBinding] KAG save/load functions registered (9 APIs).
[Lua] VFX module registered (10 particle APIs).
[Lua] Engine (backend selection) module registered.
[Lua] KAG module registered (32 APIs, via BackendRegistry).
[Lua] Render module registered (via BackendRegistry).
[Lua] DevCore module registered (via BackendRegistry).
[Lua] Debug module registered (8 APIs).
[Lua] VM initialized.
[GameState] ctx table created in Lua registry.
[Lua] Engine (backend selection) module registered.
[Lua] KAG module registered (35 APIs, via BackendRegistry).
[Lua] Render module registered (via BackendRegistry).
[Lua] DevCore module registered (via BackendRegistry).
[Lua] Debug module registered (10 APIs).
[SaveBinding] KAG save/load functions registered (9 APIs).
[Lua] VFX module registered (10 particle APIs).
[Lua] Engine (backend selection) module registered.
[Lua] KAG module registered (32 APIs, via BackendRegistry).
[Lua] Render module registered (via BackendRegistry).
[Lua] DevCore module registered (via BackendRegistry).
[Lua] Debug module registered (8 APIs).
[Lua] VM initialized.
[GameState] ctx table created in Lua registry.
[Lua] Engine (backend selection) module registered.
[Lua] KAG module registered (35 APIs, via BackendRegistry).
[Lua] Render module registered (via BackendRegistry).
[Lua] DevCore module registered (via BackendRegistry).
[Lua] Debug module registered (10 APIs).
[SaveBinding] KAG save/load functions registered (9 APIs).
[Lua] VFX module registered (10 particle APIs).
[Lua] Engine (backend selection) module registered.
[Lua] KAG module registered (32 APIs, via BackendRegistry).
[Lua] Render module registered (via BackendRegistry).
[Lua] DevCore module registered (via BackendRegistry).
[Lua] Debug module registered (8 APIs).
[Lua] VM initialized.
[GameState] ctx table created in Lua registry.
[Lua] Engine (backend selection) module registered.
[Lua] KAG module registered (35 APIs, via BackendRegistry).
[Lua] Render module registered (via BackendRegistry).
[Lua] DevCore module registered (via BackendRegistry).
[Lua] Debug module registered (10 APIs).
[SaveBinding] KAG save/load functions registered (9 APIs).
[Lua] VFX module registered (10 particle APIs).
[Lua] Engine (backend selection) module registered.
[Lua] KAG module registered (32 APIs, via BackendRegistry).
[Lua] Render module registered (via BackendRegistry).
[Lua] DevCore module registered (via BackendRegistry).
[Lua] Debug module registered (8 APIs).
[Lua] VM initialized.
[Lua] KAG module registered (35 APIs, via BackendRegistry).
[Lua] Render module registered (via BackendRegistry).
[Lua] VFX module registered (10 particle APIs).
[Lua] Debug module registered (10 APIs).
[Lua] DevCore module registered (via BackendRegistry).
[Lua] Unified _CAESURA_BACKEND proxy registered (delegates to Render/KAG/DevCore).
[GameState] ctx table created in Lua registry.
[Lua] Engine (backend selection) module registered.
[Lua] KAG module registered (35 APIs, via BackendRegistry).
[Lua] Render module registered (via BackendRegistry).
[Lua] DevCore module registered (via BackendRegistry).
[Lua] Debug module registered (10 APIs).
[SaveBinding] KAG save/load functions registered (9 APIs).
[Lua] VFX module registered (10 particle APIs).
[Lua] Engine (backend selection) module registered.
[Lua] KAG module registered (32 APIs, via BackendRegistry).
[Lua] Render module registered (via BackendRegistry).
[Lua] DevCore module registered (via BackendRegistry).
[Lua] Debug module registered (8 APIs).
[Lua] VM initialized.
[Lua] KAG module registered (35 APIs, via BackendRegistry).
[Lua] Render module registered (via BackendRegistry).
[Lua] VFX module registered (10 particle APIs).
[Lua] Debug module registered (10 APIs).
[Lua] DevCore module registered (via BackendRegistry).
[Lua] Unified _CAESURA_BACKEND proxy registered (delegates to Render/KAG/DevCore).
[GameState] ctx table created in Lua registry.
[Lua] Engine (backend selection) module registered.
[Lua] KAG module registered (35 APIs, via BackendRegistry).
[Lua] Render module registered (via BackendRegistry).
[Lua] DevCore module registered (via BackendRegistry).
[Lua] Debug module registered (10 APIs).
[SaveBinding] KAG save/load functions registered (9 APIs).
[Lua] VFX module registered (10 particle APIs).
[Lua] Engine (backend selection) module registered.
[Lua] KAG module registered (32 APIs, via BackendRegistry).
[Lua] Render module registered (via BackendRegistry).
[Lua] DevCore module registered (via BackendRegistry).
[Lua] Debug module registered (8 APIs).
[Lua] VM initialized.
[Lua] KAG module registered (35 APIs, via BackendRegistry).
[Lua] Render module registered (via BackendRegistry).
[Lua] VFX module registered (10 particle APIs).
[Lua] Debug module registered (10 APIs).
[Lua] DevCore module registered (via BackendRegistry).
[Lua] Unified _CAESURA_BACKEND proxy registered (delegates to Render/KAG/DevCore).
[GameState] ctx table created in Lua registry.
[Lua] Engine (backend selection) module registered.
[Lua] KAG module registered (35 APIs, via BackendRegistry).
[Lua] Render module registered (via BackendRegistry).
[Lua] DevCore module registered (via BackendRegistry).
[Lua] Debug module registered (10 APIs).
[SaveBinding] KAG save/load functions registered (9 APIs).
[Lua] VFX module registered (10 particle APIs).
[Lua] Engine (backend selection) module registered.
[Lua] KAG module registered (32 APIs, via BackendRegistry).
[Lua] Render module registered (via BackendRegistry).
[Lua] DevCore module registered (via BackendRegistry).
[Lua] Debug module registered (8 APIs).
[Lua] VM initialized.
[Lua] KAG module registered (35 APIs, via BackendRegistry).
[Lua] Render module registered (via BackendRegistry).
[Lua] VFX module registered (10 particle APIs).
[Lua] Debug module registered (10 APIs).
[Lua] DevCore module registered (via BackendRegistry).
[Lua] Unified _CAESURA_BACKEND proxy registered (delegates to Render/KAG/DevCore).
[GameState] ctx table created in Lua registry.
[Lua] Engine (backend selection) module registered.
[Lua] KAG module registered (35 APIs, via BackendRegistry).
[Lua] Render module registered (via BackendRegistry).
[Lua] DevCore module registered (via BackendRegistry).
[Lua] Debug module registered (10 APIs).
[SaveBinding] KAG save/load functions registered (9 APIs).
[Lua] VFX module registered (10 particle APIs).
[Lua] Engine (backend selection) module registered.
[Lua] KAG module registered (32 APIs, via BackendRegistry).
[Lua] Render module registered (via BackendRegistry).
[Lua] DevCore module registered (via BackendRegistry).
[Lua] Debug module registered (8 APIs).
[Lua] VM initialized.
[Lua] KAG module registered (35 APIs, via BackendRegistry).
[Lua] Render module registered (via BackendRegistry).
[Lua] VFX module registered (10 particle APIs).
[Lua] Debug module registered (10 APIs).
[Lua] DevCore module registered (via BackendRegistry).
[Lua] Unified _CAESURA_BACKEND proxy registered (delegates to Render/KAG/DevCore).
[GameState] ctx table created in Lua registry.
[Lua] Engine (backend selection) module registered.
[Lua] KAG module registered (35 APIs, via BackendRegistry).
[Lua] Render module registered (via BackendRegistry).
[Lua] DevCore module registered (via BackendRegistry).
[Lua] Debug module registered (10 APIs).
[SaveBinding] KAG save/load functions registered (9 APIs).
[Lua] VFX module registered (10 particle APIs).
[Lua] Engine (backend selection) module registered.
[Lua] KAG module registered (32 APIs, via BackendRegistry).
[Lua] Render module registered (via BackendRegistry).
[Lua] DevCore module registered (via BackendRegistry).
[Lua] Debug module registered (8 APIs).
[Lua] VM initialized.
[Lua] KAG module registered (35 APIs, via BackendRegistry).
[Lua] Render module registered (via BackendRegistry).
[Lua] VFX module registered (10 particle APIs).
[Lua] Debug module registered (10 APIs).
[Lua] DevCore module registered (via BackendRegistry).
[Lua] Unified _CAESURA_BACKEND proxy registered (delegates to Render/KAG/DevCore).
[GameState] ctx table created in Lua registry.
[Lua] Engine (backend selection) module registered.
[Lua] KAG module registered (35 APIs, via BackendRegistry).
[Lua] Render module registered (via BackendRegistry).
[Lua] DevCore module registered (via BackendRegistry).
[Lua] Debug module registered (10 APIs).
[SaveBinding] KAG save/load functions registered (9 APIs).
[Lua] VFX module registered (10 particle APIs).
[Lua] Engine (backend selection) module registered.
[Lua] KAG module registered (32 APIs, via BackendRegistry).
[Lua] Render module registered (via BackendRegistry).
[Lua] DevCore module registered (via BackendRegistry).
[Lua] Debug module registered (8 APIs).
[Lua] VM initialized.
[Lua] KAG module registered (35 APIs, via BackendRegistry).
[Lua] Render module registered (via BackendRegistry).
[Lua] VFX module registered (10 particle APIs).
[Lua] Debug module registered (10 APIs).
[Lua] DevCore module registered (via BackendRegistry).
[Lua] Unified _CAESURA_BACKEND proxy registered (delegates to Render/KAG/DevCore).
[GameState] ctx table created in Lua registry.
[Lua] Engine (backend selection) module registered.
[Lua] KAG module registered (35 APIs, via BackendRegistry).
[Lua] Render module registered (via BackendRegistry).
[Lua] DevCore module registered (via BackendRegistry).
[Lua] Debug module registered (10 APIs).
[SaveBinding] KAG save/load functions registered (9 APIs).
[Lua] VFX module registered (10 particle APIs).
[Lua] Engine (backend selection) module registered.
[Lua] KAG module registered (32 APIs, via BackendRegistry).
[Lua] Render module registered (via BackendRegistry).
[Lua] DevCore module registered (via BackendRegistry).
[Lua] Debug module registered (8 APIs).
[Lua] VM initialized.
[Lua] KAG module registered (35 APIs, via BackendRegistry).
[Lua] Render module registered (via BackendRegistry).
[Lua] VFX module registered (10 particle APIs).
[Lua] Debug module registered (10 APIs).
[Lua] DevCore module registered (via BackendRegistry).
[Lua] Unified _CAESURA_BACKEND proxy registered (delegates to Render/KAG/DevCore).
[GameState] ctx table created in Lua registry.
[Lua] Engine (backend selection) module registered.
[Lua] KAG module registered (35 APIs, via BackendRegistry).
[Lua] Render module registered (via BackendRegistry).
[Lua] DevCore module registered (via BackendRegistry).
[Lua] Debug module registered (10 APIs).
[SaveBinding] KAG save/load functions registered (9 APIs).
[Lua] VFX module registered (10 particle APIs).
[Lua] Engine (backend selection) module registered.
[Lua] KAG module registered (32 APIs, via BackendRegistry).
[Lua] Render module registered (via BackendRegistry).
[Lua] DevCore module registered (via BackendRegistry).
[Lua] Debug module registered (8 APIs).
[Lua] VM initialized.
[Lua] KAG module registered (35 APIs, via BackendRegistry).
[Lua] Render module registered (via BackendRegistry).
[Lua] VFX module registered (10 particle APIs).
[Lua] Debug module registered (10 APIs).
[Lua] DevCore module registered (via BackendRegistry).
[Lua] Unified _CAESURA_BACKEND proxy registered (delegates to Render/KAG/DevCore).
[GameState] ctx table created in Lua registry.
[Lua] Engine (backend selection) module registered.
[Lua] KAG module registered (35 APIs, via BackendRegistry).
[Lua] Render module registered (via BackendRegistry).
[Lua] DevCore module registered (via BackendRegistry).
[Lua] Debug module registered (10 APIs).
[SaveBinding] KAG save/load functions registered (9 APIs).
[Lua] VFX module registered (10 particle APIs).
[Lua] Engine (backend selection) module registered.
[Lua] KAG module registered (32 APIs, via BackendRegistry).
[Lua] Render module registered (via BackendRegistry).
[Lua] DevCore module registered (via BackendRegistry).
[Lua] Debug module registered (8 APIs).
[Lua] VM initialized.
[Lua] KAG module registered (35 APIs, via BackendRegistry).
[Lua] Render module registered (via BackendRegistry).
[Lua] VFX module registered (10 particle APIs).
[Lua] Debug module registered (10 APIs).
[Lua] DevCore module registered (via BackendRegistry).
[Lua] Unified _CAESURA_BACKEND proxy registered (delegates to Render/KAG/DevCore).
[Lua] Unified _CAESURA_BACKEND proxy registered (delegates to Render/KAG/DevCore).
[GameState] ctx table created in Lua registry.
[Lua] Engine (backend selection) module registered.
[Lua] KAG module registered (35 APIs, via BackendRegistry).
[Lua] Render module registered (via BackendRegistry).
[Lua] DevCore module registered (via BackendRegistry).
[Lua] Debug module registered (10 APIs).
[SaveBinding] KAG save/load functions registered (9 APIs).
[Lua] VFX module registered (10 particle APIs).
[Lua] Engine (backend selection) module registered.
[Lua] KAG module registered (32 APIs, via BackendRegistry).
[Lua] Render module registered (via BackendRegistry).
[Lua] DevCore module registered (via BackendRegistry).
[Lua] Debug module registered (8 APIs).
[Lua] VM initialized.
[Lua] KAG module registered (35 APIs, via BackendRegistry).
[Lua] Render module registered (via BackendRegistry).
[Lua] VFX module registered (10 particle APIs).
[Lua] Debug module registered (10 APIs).
[Lua] DevCore module registered (via BackendRegistry).
[Lua] Unified _CAESURA_BACKEND proxy registered (delegates to Render/KAG/DevCore).
[GameState] ctx table created in Lua registry.
[Lua] Engine (backend selection) module registered.
[Lua] KAG module registered (35 APIs, via BackendRegistry).
[Lua] Render module registered (via BackendRegistry).
[Lua] DevCore module registered (via BackendRegistry).
[Lua] Debug module registered (10 APIs).
[SaveBinding] KAG save/load functions registered (9 APIs).
[Lua] VFX module registered (10 particle APIs).
[Lua] Engine (backend selection) module registered.
[Lua] KAG module registered (32 APIs, via BackendRegistry).
[Lua] Render module registered (via BackendRegistry).
[Lua] DevCore module registered (via BackendRegistry).
[Lua] Debug module registered (8 APIs).
[Lua] VM initialized.
[Lua] KAG module registered (35 APIs, via BackendRegistry).
[Lua] Render module registered (via BackendRegistry).
[Lua] VFX module registered (10 particle APIs).
[Lua] Debug module registered (10 APIs).
[Lua] DevCore module registered (via BackendRegistry).
[Lua] Unified _CAESURA_BACKEND proxy registered (delegates to Render/KAG/DevCore).
[GameState] ctx table created in Lua registry.
[Lua] Engine (backend selection) module registered.
[Lua] KAG module registered (35 APIs, via BackendRegistry).
[Lua] Render module registered (via BackendRegistry).
[Lua] DevCore module registered (via BackendRegistry).
[Lua] Debug module registered (10 APIs).
[SaveBinding] KAG save/load functions registered (9 APIs).
[Lua] VFX module registered (10 particle APIs).
[Lua] Engine (backend selection) module registered.
[Lua] KAG module registered (32 APIs, via BackendRegistry).
[Lua] Render module registered (via BackendRegistry).
[Lua] DevCore module registered (via BackendRegistry).
[Lua] Debug module registered (8 APIs).
[Lua] VM initialized.
[Lua] KAG module registered (35 APIs, via BackendRegistry).
[Lua] Render module registered (via BackendRegistry).
[Lua] VFX module registered (10 particle APIs).
[Lua] Debug module registered (10 APIs).
[Lua] DevCore module registered (via BackendRegistry).
[Lua] Unified _CAESURA_BACKEND proxy registered (delegates to Render/KAG/DevCore).
[GameState] ctx table created in Lua registry.
[Lua] Engine (backend selection) module registered.
[Lua] KAG module registered (35 APIs, via BackendRegistry).
[Lua] Render module registered (via BackendRegistry).
[Lua] DevCore module registered (via BackendRegistry).
[Lua] Debug module registered (10 APIs).
[SaveBinding] KAG save/load functions registered (9 APIs).
[Lua] VFX module registered (10 particle APIs).
[Lua] Engine (backend selection) module registered.
[Lua] KAG module registered (32 APIs, via BackendRegistry).
[Lua] Render module registered (via BackendRegistry).
[Lua] DevCore module registered (via BackendRegistry).
[Lua] Debug module registered (8 APIs).
[Lua] VM initialized.
[Lua] KAG module registered (35 APIs, via BackendRegistry).
[Lua] Render module registered (via BackendRegistry).
[Lua] VFX module registered (10 particle APIs).
[Lua] Debug module registered (10 APIs).
[Lua] DevCore module registered (via BackendRegistry).
[Lua] Unified _CAESURA_BACKEND proxy registered (delegates to Render/KAG/DevCore).
[GameState] ctx table created in Lua registry.
[Lua] Engine (backend selection) module registered.
[Lua] KAG module registered (35 APIs, via BackendRegistry).
[Lua] Render module registered (via BackendRegistry).
[Lua] DevCore module registered (via BackendRegistry).
[Lua] Debug module registered (10 APIs).
[SaveBinding] KAG save/load functions registered (9 APIs).
[Lua] VFX module registered (10 particle APIs).
[Lua] Engine (backend selection) module registered.
[Lua] KAG module registered (32 APIs, via BackendRegistry).
[Lua] Render module registered (via BackendRegistry).
[Lua] DevCore module registered (via BackendRegistry).
[Lua] Debug module registered (8 APIs).
[Lua] VM initialized.
[Lua] KAG module registered (35 APIs, via BackendRegistry).
[Lua] Render module registered (via BackendRegistry).
[Lua] VFX module registered (10 particle APIs).
[Lua] Debug module registered (10 APIs).
[Lua] DevCore module registered (via BackendRegistry).
[Lua] Unified _CAESURA_BACKEND proxy registered (delegates to Render/KAG/DevCore).
[GameState] ctx table created in Lua registry.
[Lua] Engine (backend selection) module registered.
[Lua] KAG module registered (35 APIs, via BackendRegistry).
[Lua] Render module registered (via BackendRegistry).
[Lua] DevCore module registered (via BackendRegistry).
[Lua] Debug module registered (10 APIs).
[SaveBinding] KAG save/load functions registered (9 APIs).
[Lua] VFX module registered (10 particle APIs).
[Lua] Engine (backend selection) module registered.
[Lua] KAG module registered (32 APIs, via BackendRegistry).
[Lua] Render module registered (via BackendRegistry).
[Lua] DevCore module registered (via BackendRegistry).
[Lua] Debug module registered (8 APIs).
[Lua] VM initialized.
[Lua] KAG module registered (35 APIs, via BackendRegistry).
[Lua] Render module registered (via BackendRegistry).
[Lua] VFX module registered (10 particle APIs).
[Lua] Debug module registered (10 APIs).
[Lua] DevCore module registered (via BackendRegistry).
[Lua] Unified _CAESURA_BACKEND proxy registered (delegates to Render/KAG/DevCore).
[GameState] ctx table created in Lua registry.
[Lua] Engine (backend selection) module registered.
[Lua] KAG module registered (35 APIs, via BackendRegistry).
[Lua] Render module registered (via BackendRegistry).
[Lua] DevCore module registered (via BackendRegistry).
[Lua] Debug module registered (10 APIs).
[SaveBinding] KAG save/load functions registered (9 APIs).
[Lua] VFX module registered (10 particle APIs).
[Lua] Engine (backend selection) module registered.
[Lua] KAG module registered (32 APIs, via BackendRegistry).
[Lua] Render module registered (via BackendRegistry).
[Lua] DevCore module registered (via BackendRegistry).
[Lua] Debug module registered (8 APIs).
[Lua] VM initialized.
[Lua] KAG module registered (35 APIs, via BackendRegistry).
[Lua] Render module registered (via BackendRegistry).
[Lua] VFX module registered (10 particle APIs).
[Lua] Debug module registered (10 APIs).
[Lua] DevCore module registered (via BackendRegistry).
[Lua] Unified _CAESURA_BACKEND proxy registered (delegates to Render/KAG/DevCore).
[GameState] ctx table created in Lua registry.
[Lua] Engine (backend selection) module registered.
[Lua] KAG module registered (35 APIs, via BackendRegistry).
[Lua] Render module registered (via BackendRegistry).
[Lua] DevCore module registered (via BackendRegistry).
[Lua] Debug module registered (10 APIs).
[SaveBinding] KAG save/load functions registered (9 APIs).
[Lua] VFX module registered (10 particle APIs).
[Lua] Engine (backend selection) module registered.
[Lua] KAG module registered (32 APIs, via BackendRegistry).
[Lua] Render module registered (via BackendRegistry).
[Lua] DevCore module registered (via BackendRegistry).
[Lua] Debug module registered (8 APIs).
[Lua] VM initialized.
[Lua] KAG module registered (35 APIs, via BackendRegistry).
[Lua] Render module registered (via BackendRegistry).
[Lua] VFX module registered (10 particle APIs).
[Lua] Debug module registered (10 APIs).
[Lua] DevCore module registered (via BackendRegistry).
[Lua] Unified _CAESURA_BACKEND proxy registered (delegates to Render/KAG/DevCore).
[GameState] ctx table created in Lua registry.
[Lua] Engine (backend selection) module registered.
[Lua] KAG module registered (35 APIs, via BackendRegistry).
[Lua] Render module registered (via BackendRegistry).
[Lua] DevCore module registered (via BackendRegistry).
[Lua] Debug module registered (10 APIs).
[SaveBinding] KAG save/load functions registered (9 APIs).
[Lua] VFX module registered (10 particle APIs).
[Lua] Engine (backend selection) module registered.
[Lua] KAG module registered (32 APIs, via BackendRegistry).
[Lua] Render module registered (via BackendRegistry).
[Lua] DevCore module registered (via BackendRegistry).
[Lua] Debug module registered (8 APIs).
[Lua] VM initialized.
[Lua] KAG module registered (35 APIs, via BackendRegistry).
[Lua] Render module registered (via BackendRegistry).
[Lua] VFX module registered (10 particle APIs).
[Lua] Debug module registered (10 APIs).
[Lua] DevCore module registered (via BackendRegistry).
[Lua] Unified _CAESURA_BACKEND proxy registered (delegates to Render/KAG/DevCore).
[GameState] ctx table created in Lua registry.
[Lua] Engine (backend selection) module registered.
[Lua] KAG module registered (35 APIs, via BackendRegistry).
[Lua] Render module registered (via BackendRegistry).
[Lua] DevCore module registered (via BackendRegistry).
[Lua] Debug module registered (10 APIs).
[SaveBinding] KAG save/load functions registered (9 APIs).
[Lua] VFX module registered (10 particle APIs).
[Lua] Engine (backend selection) module registered.
[Lua] KAG module registered (32 APIs, via BackendRegistry).
[Lua] Render module registered (via BackendRegistry).
[Lua] DevCore module registered (via BackendRegistry).
[Lua] Debug module registered (8 APIs).
[Lua] VM initialized.
[Lua] KAG module registered (35 APIs, via BackendRegistry).
[Lua] Render module registered (via BackendRegistry).
[Lua] VFX module registered (10 particle APIs).
[Lua] Debug module registered (10 APIs).
[Lua] DevCore module registered (via BackendRegistry).
[Lua] Unified _CAESURA_BACKEND proxy registered (delegates to Render/KAG/DevCore).
[GameState] ctx table created in Lua registry.
[Lua] Engine (backend selection) module registered.
[Lua] KAG module registered (35 APIs, via BackendRegistry).
[Lua] Render module registered (via BackendRegistry).
[Lua] DevCore module registered (via BackendRegistry).
[Lua] Debug module registered (10 APIs).
[SaveBinding] KAG save/load functions registered (9 APIs).
[Lua] VFX module registered (10 particle APIs).
[Lua] Engine (backend selection) module registered.
[Lua] KAG module registered (32 APIs, via BackendRegistry).
[Lua] Render module registered (via BackendRegistry).
[Lua] DevCore module registered (via BackendRegistry).
[Lua] Debug module registered (8 APIs).
[Lua] VM initialized.
[Lua] KAG module registered (35 APIs, via BackendRegistry).
[Lua] Render module registered (via BackendRegistry).
[Lua] VFX module registered (10 particle APIs).
[Lua] Debug module registered (10 APIs).
[Lua] DevCore module registered (via BackendRegistry).
[Lua] Unified _CAESURA_BACKEND proxy registered (delegates to Render/KAG/DevCore).
[KAG Runner] Start blocked: debug-paused
[KAG Runner] Start blocked: debug-paused
[KAG Runner] Started: scene.ks
[KAG Runner] Start blocked: debug-paused
[GameState] ctx table created in Lua registry.
[Lua] Engine (backend selection) module registered.
[Lua] KAG module registered (35 APIs, via BackendRegistry).
[Lua] Render module registered (via BackendRegistry).
[Lua] DevCore module registered (via BackendRegistry).
[Lua] Debug module registered (10 APIs).
[SaveBinding] KAG save/load functions registered (9 APIs).
[Lua] VFX module registered (10 particle APIs).
[Lua] Engine (backend selection) module registered.
[Lua] KAG module registered (32 APIs, via BackendRegistry).
[Lua] Render module registered (via BackendRegistry).
[Lua] DevCore module registered (via BackendRegistry).
[Lua] Debug module registered (8 APIs).
[Lua] VM initialized.
[Lua] KAG module registered (35 APIs, via BackendRegistry).
[Lua] Render module registered (via BackendRegistry).
[Lua] VFX module registered (10 particle APIs).
[Lua] Debug module registered (10 APIs).
[Lua] DevCore module registered (via BackendRegistry).
[Lua] Unified _CAESURA_BACKEND proxy registered (delegates to Render/KAG/DevCore).
[GameState] ctx table created in Lua registry.
[Lua] Engine (backend selection) module registered.
[Lua] KAG module registered (35 APIs, via BackendRegistry).
[Lua] Render module registered (via BackendRegistry).
[Lua] DevCore module registered (via BackendRegistry).
[Lua] Debug module registered (10 APIs).
[SaveBinding] KAG save/load functions registered (9 APIs).
[Lua] VFX module registered (10 particle APIs).
[Lua] Engine (backend selection) module registered.
[Lua] KAG module registered (32 APIs, via BackendRegistry).
[Lua] Render module registered (via BackendRegistry).
[Lua] DevCore module registered (via BackendRegistry).
[Lua] Debug module registered (8 APIs).
[Lua] VM initialized.
[Lua] KAG module registered (35 APIs, via BackendRegistry).
[Lua] Render module registered (via BackendRegistry).
[Lua] VFX module registered (10 particle APIs).
[Lua] Debug module registered (10 APIs).
[Lua] DevCore module registered (via BackendRegistry).
[Lua] Unified _CAESURA_BACKEND proxy registered (delegates to Render/KAG/DevCore).
[GameState] ctx table created in Lua registry.
[Lua] Engine (backend selection) module registered.
[Lua] KAG module registered (35 APIs, via BackendRegistry).
[Lua] Render module registered (via BackendRegistry).
[Lua] DevCore module registered (via BackendRegistry).
[Lua] Debug module registered (10 APIs).
[SaveBinding] KAG save/load functions registered (9 APIs).
[Lua] VFX module registered (10 particle APIs).
[Lua] Engine (backend selection) module registered.
[Lua] KAG module registered (32 APIs, via BackendRegistry).
[Lua] Render module registered (via BackendRegistry).
[Lua] DevCore module registered (via BackendRegistry).
[Lua] Debug module registered (8 APIs).
[Lua] VM initialized.
[Lua] KAG module registered (35 APIs, via BackendRegistry).
[Lua] Render module registered (via BackendRegistry).
[Lua] VFX module registered (10 particle APIs).
[Lua] Debug module registered (10 APIs).
[Lua] DevCore module registered (via BackendRegistry).
[Lua] Unified _CAESURA_BACKEND proxy registered (delegates to Render/KAG/DevCore).
[GameState] ctx table created in Lua registry.
[Lua] Engine (backend selection) module registered.
[Lua] KAG module registered (35 APIs, via BackendRegistry).
[Lua] Render module registered (via BackendRegistry).
[Lua] DevCore module registered (via BackendRegistry).
[Lua] Debug module registered (10 APIs).
[SaveBinding] KAG save/load functions registered (9 APIs).
[Lua] VFX module registered (10 particle APIs).
[Lua] Engine (backend selection) module registered.
[Lua] KAG module registered (32 APIs, via BackendRegistry).
[Lua] Render module registered (via BackendRegistry).
[Lua] DevCore module registered (via BackendRegistry).
[Lua] Debug module registered (8 APIs).
[Lua] VM initialized.
[Lua] KAG module registered (35 APIs, via BackendRegistry).
[Lua] Render module registered (via BackendRegistry).
[Lua] VFX module registered (10 particle APIs).
[Lua] Debug module registered (10 APIs).
[Lua] DevCore module registered (via BackendRegistry).
[Lua] Unified _CAESURA_BACKEND proxy registered (delegates to Render/KAG/DevCore).
[GameState] ctx table created in Lua registry.
[Lua] Engine (backend selection) module registered.
[Lua] KAG module registered (35 APIs, via BackendRegistry).
[Lua] Render module registered (via BackendRegistry).
[Lua] DevCore module registered (via BackendRegistry).
[Lua] Debug module registered (10 APIs).
[SaveBinding] KAG save/load functions registered (9 APIs).
[Lua] VFX module registered (10 particle APIs).
[Lua] Engine (backend selection) module registered.
[Lua] KAG module registered (32 APIs, via BackendRegistry).
[Lua] Render module registered (via BackendRegistry).
[Lua] DevCore module registered (via BackendRegistry).
[Lua] Debug module registered (8 APIs).
[Lua] VM initialized.
[Lua] KAG module registered (35 APIs, via BackendRegistry).
[Lua] Render module registered (via BackendRegistry).
[Lua] VFX module registered (10 particle APIs).
[Lua] Debug module registered (10 APIs).
[Lua] DevCore module registered (via BackendRegistry).
[Lua] Unified _CAESURA_BACKEND proxy registered (delegates to Render/KAG/DevCore).
[GameState] ctx table created in Lua registry.
[Lua] Engine (backend selection) module registered.
[Lua] KAG module registered (35 APIs, via BackendRegistry).
[Lua] Render module registered (via BackendRegistry).
[Lua] DevCore module registered (via BackendRegistry).
[Lua] Debug module registered (10 APIs).
[SaveBinding] KAG save/load functions registered (9 APIs).
[Lua] VFX module registered (10 particle APIs).
[Lua] Engine (backend selection) module registered.
[Lua] KAG module registered (32 APIs, via BackendRegistry).
[Lua] Render module registered (via BackendRegistry).
[Lua] DevCore module registered (via BackendRegistry).
[Lua] Debug module registered (8 APIs).
[Lua] VM initialized.
[Lua] KAG module registered (35 APIs, via BackendRegistry).
[Lua] Render module registered (via BackendRegistry).
[Lua] VFX module registered (10 particle APIs).
[Lua] Debug module registered (10 APIs).
[Lua] DevCore module registered (via BackendRegistry).
[Lua] Unified _CAESURA_BACKEND proxy registered (delegates to Render/KAG/DevCore).
[System] Place saved (temporary bookmark).
[System] Place loaded.
[GameState] ctx table created in Lua registry.
[Lua] Engine (backend selection) module registered.
[Lua] KAG module registered (35 APIs, via BackendRegistry).
[Lua] Render module registered (via BackendRegistry).
[Lua] DevCore module registered (via BackendRegistry).
[Lua] Debug module registered (10 APIs).
[SaveBinding] KAG save/load functions registered (9 APIs).
[Lua] VFX module registered (10 particle APIs).
[Lua] Engine (backend selection) module registered.
[Lua] KAG module registered (32 APIs, via BackendRegistry).
[Lua] Render module registered (via BackendRegistry).
[Lua] DevCore module registered (via BackendRegistry).
[Lua] Debug module registered (8 APIs).
[Lua] VM initialized.
[Lua] KAG module registered (35 APIs, via BackendRegistry).
[Lua] Render module registered (via BackendRegistry).
[Lua] VFX module registered (10 particle APIs).
[Lua] Debug module registered (10 APIs).
[Lua] DevCore module registered (via BackendRegistry).
[Lua] Unified _CAESURA_BACKEND proxy registered (delegates to Render/KAG/DevCore).
[GameState] ctx table created in Lua registry.
[Lua] Engine (backend selection) module registered.
[Lua] KAG module registered (35 APIs, via BackendRegistry).
[Lua] Render module registered (via BackendRegistry).
[Lua] DevCore module registered (via BackendRegistry).
[Lua] Debug module registered (10 APIs).
[SaveBinding] KAG save/load functions registered (9 APIs).
[Lua] VFX module registered (10 particle APIs).
[Lua] Engine (backend selection) module registered.
[Lua] KAG module registered (32 APIs, via BackendRegistry).
[Lua] Render module registered (via BackendRegistry).
[Lua] DevCore module registered (via BackendRegistry).
[Lua] Debug module registered (8 APIs).
[Lua] VM initialized.
[Lua] KAG module registered (35 APIs, via BackendRegistry).
[Lua] Render module registered (via BackendRegistry).
[Lua] VFX module registered (10 particle APIs).
[Lua] Debug module registered (10 APIs).
[Lua] DevCore module registered (via BackendRegistry).
[Lua] Unified _CAESURA_BACKEND proxy registered (delegates to Render/KAG/DevCore).
[GameState] ctx table created in Lua registry.
[Lua] Engine (backend selection) module registered.
[Lua] KAG module registered (35 APIs, via BackendRegistry).
[Lua] Render module registered (via BackendRegistry).
[Lua] DevCore module registered (via BackendRegistry).
[Lua] Debug module registered (10 APIs).
[SaveBinding] KAG save/load functions registered (9 APIs).
[Lua] VFX module registered (10 particle APIs).
[Lua] Engine (backend selection) module registered.
[Lua] KAG module registered (32 APIs, via BackendRegistry).
[Lua] Render module registered (via BackendRegistry).
[Lua] DevCore module registered (via BackendRegistry).
[Lua] Debug module registered (8 APIs).
[Lua] VM initialized.
[Lua] KAG module registered (35 APIs, via BackendRegistry).
[Lua] Render module registered (via BackendRegistry).
[Lua] VFX module registered (10 particle APIs).
[Lua] Debug module registered (10 APIs).
[Lua] DevCore module registered (via BackendRegistry).
[Lua] Unified _CAESURA_BACKEND proxy registered (delegates to Render/KAG/DevCore).
[GameState] ctx table created in Lua registry.
[Lua] Engine (backend selection) module registered.
[Lua] KAG module registered (35 APIs, via BackendRegistry).
[Lua] Render module registered (via BackendRegistry).
[Lua] DevCore module registered (via BackendRegistry).
[Lua] Debug module registered (10 APIs).
[SaveBinding] KAG save/load functions registered (9 APIs).
[Lua] VFX module registered (10 particle APIs).
[Lua] Engine (backend selection) module registered.
[Lua] KAG module registered (32 APIs, via BackendRegistry).
[Lua] Render module registered (via BackendRegistry).
[Lua] DevCore module registered (via BackendRegistry).
[Lua] Debug module registered (8 APIs).
[Lua] VM initialized.
[Lua] KAG module registered (35 APIs, via BackendRegistry).
[Lua] Render module registered (via BackendRegistry).
[Lua] VFX module registered (10 particle APIs).
[Lua] Debug module registered (10 APIs).
[Lua] DevCore module registered (via BackendRegistry).
[Lua] Unified _CAESURA_BACKEND proxy registered (delegates to Render/KAG/DevCore).
[GameState] ctx table created in Lua registry.
[Lua] Engine (backend selection) module registered.
[Lua] KAG module registered (35 APIs, via BackendRegistry).
[Lua] Render module registered (via BackendRegistry).
[Lua] DevCore module registered (via BackendRegistry).
[Lua] Debug module registered (10 APIs).
[SaveBinding] KAG save/load functions registered (9 APIs).
[Lua] VFX module registered (10 particle APIs).
[Lua] Engine (backend selection) module registered.
[Lua] KAG module registered (32 APIs, via BackendRegistry).
[Lua] Render module registered (via BackendRegistry).
[Lua] DevCore module registered (via BackendRegistry).
[Lua] Debug module registered (8 APIs).
[Lua] VM initialized.
[Lua] KAG module registered (35 APIs, via BackendRegistry).
[Lua] Render module registered (via BackendRegistry).
[Lua] VFX module registered (10 particle APIs).
[Lua] Debug module registered (10 APIs).
[Lua] DevCore module registered (via BackendRegistry).
[Lua] Unified _CAESURA_BACKEND proxy registered (delegates to Render/KAG/DevCore).
[GameState] ctx table created in Lua registry.
[Lua] Engine (backend selection) module registered.
[Lua] KAG module registered (35 APIs, via BackendRegistry).
[Lua] Render module registered (via BackendRegistry).
[Lua] DevCore module registered (via BackendRegistry).
[Lua] Debug module registered (10 APIs).
[SaveBinding] KAG save/load functions registered (9 APIs).
[Lua] VFX module registered (10 particle APIs).
[Lua] Engine (backend selection) module registered.
[Lua] KAG module registered (32 APIs, via BackendRegistry).
[Lua] Render module registered (via BackendRegistry).
[Lua] DevCore module registered (via BackendRegistry).
[Lua] Debug module registered (8 APIs).
[Lua] VM initialized.
[Lua] KAG module registered (35 APIs, via BackendRegistry).
[Lua] Render module registered (via BackendRegistry).
[Lua] VFX module registered (10 particle APIs).
[Lua] Debug module registered (10 APIs).
[Lua] DevCore module registered (via BackendRegistry).
[Lua] Unified _CAESURA_BACKEND proxy registered (delegates to Render/KAG/DevCore).
[GameState] ctx table created in Lua registry.
[Lua] Engine (backend selection) module registered.
[Lua] KAG module registered (35 APIs, via BackendRegistry).
[Lua] Render module registered (via BackendRegistry).
[Lua] DevCore module registered (via BackendRegistry).
[Lua] Debug module registered (10 APIs).
[SaveBinding] KAG save/load functions registered (9 APIs).
[Lua] VFX module registered (10 particle APIs).
[Lua] Engine (backend selection) module registered.
[Lua] KAG module registered (32 APIs, via BackendRegistry).
[Lua] Render module registered (via BackendRegistry).
[Lua] DevCore module registered (via BackendRegistry).
[Lua] Debug module registered (8 APIs).
[Lua] VM initialized.
[Lua] KAG module registered (35 APIs, via BackendRegistry).
[Lua] Render module registered (via BackendRegistry).
[Lua] VFX module registered (10 particle APIs).
[Lua] Debug module registered (10 APIs).
[Lua] DevCore module registered (via BackendRegistry).
[Lua] Unified _CAESURA_BACKEND proxy registered (delegates to Render/KAG/DevCore).
[GameState] ctx table created in Lua registry.
[Lua] Engine (backend selection) module registered.
[Lua] KAG module registered (35 APIs, via BackendRegistry).
[Lua] Render module registered (via BackendRegistry).
[Lua] DevCore module registered (via BackendRegistry).
[Lua] Debug module registered (10 APIs).
[SaveBinding] KAG save/load functions registered (9 APIs).
[Lua] VFX module registered (10 particle APIs).
[Lua] Engine (backend selection) module registered.
[Lua] KAG module registered (32 APIs, via BackendRegistry).
[Lua] Render module registered (via BackendRegistry).
[Lua] DevCore module registered (via BackendRegistry).
[Lua] Debug module registered (8 APIs).
[Lua] VM initialized.
[Lua] KAG module registered (35 APIs, via BackendRegistry).
[Lua] Render module registered (via BackendRegistry).
[Lua] VFX module registered (10 particle APIs).
[Lua] Debug module registered (10 APIs).
[Lua] DevCore module registered (via BackendRegistry).
[Lua] Unified _CAESURA_BACKEND proxy registered (delegates to Render/KAG/DevCore).
[GameState] ctx table created in Lua registry.
[Lua] Engine (backend selection) module registered.
[Lua] KAG module registered (35 APIs, via BackendRegistry).
[Lua] Render module registered (via BackendRegistry).
[Lua] DevCore module registered (via BackendRegistry).
[Lua] Debug module registered (10 APIs).
[SaveBinding] KAG save/load functions registered (9 APIs).
[Lua] VFX module registered (10 particle APIs).
[Lua] Engine (backend selection) module registered.
[Lua] KAG module registered (32 APIs, via BackendRegistry).
[Lua] Render module registered (via BackendRegistry).
[Lua] DevCore module registered (via BackendRegistry).
[Lua] Debug module registered (8 APIs).
[Lua] VM initialized.
[Lua] KAG module registered (35 APIs, via BackendRegistry).
[Lua] Render module registered (via BackendRegistry).
[Lua] VFX module registered (10 particle APIs).
[Lua] Debug module registered (10 APIs).
[Lua] DevCore module registered (via BackendRegistry).
[Lua] Unified _CAESURA_BACKEND proxy registered (delegates to Render/KAG/DevCore).
[GameState] ctx table created in Lua registry.
[Lua] Engine (backend selection) module registered.
[Lua] KAG module registered (35 APIs, via BackendRegistry).
[Lua] Render module registered (via BackendRegistry).
[Lua] DevCore module registered (via BackendRegistry).
[Lua] Debug module registered (10 APIs).
[SaveBinding] KAG save/load functions registered (9 APIs).
[Lua] VFX module registered (10 particle APIs).
[Lua] Engine (backend selection) module registered.
[Lua] KAG module registered (32 APIs, via BackendRegistry).
[Lua] Render module registered (via BackendRegistry).
[Lua] DevCore module registered (via BackendRegistry).
[Lua] Debug module registered (8 APIs).
[Lua] VM initialized.
[Lua] KAG module registered (35 APIs, via BackendRegistry).
[Lua] Render module registered (via BackendRegistry).
[Lua] VFX module registered (10 particle APIs).
[Lua] Debug module registered (10 APIs).
[Lua] DevCore module registered (via BackendRegistry).
[Lua] Unified _CAESURA_BACKEND proxy registered (delegates to Render/KAG/DevCore).
[GameState] ctx table created in Lua registry.
[Lua] Engine (backend selection) module registered.
[Lua] KAG module registered (35 APIs, via BackendRegistry).
[Lua] Render module registered (via BackendRegistry).
[Lua] DevCore module registered (via BackendRegistry).
[Lua] Debug module registered (10 APIs).
[SaveBinding] KAG save/load functions registered (9 APIs).
[Lua] VFX module registered (10 particle APIs).
[Lua] Engine (backend selection) module registered.
[Lua] KAG module registered (32 APIs, via BackendRegistry).
[Lua] Render module registered (via BackendRegistry).
[Lua] DevCore module registered (via BackendRegistry).
[Lua] Debug module registered (8 APIs).
[Lua] VM initialized.
[Lua] KAG module registered (35 APIs, via BackendRegistry).
[Lua] Render module registered (via BackendRegistry).
[Lua] VFX module registered (10 particle APIs).
[Lua] Debug module registered (10 APIs).
[Lua] DevCore module registered (via BackendRegistry).
[Lua] Unified _CAESURA_BACKEND proxy registered (delegates to Render/KAG/DevCore).
[GameState] ctx table created in Lua registry.
[Lua] Engine (backend selection) module registered.
[Lua] KAG module registered (35 APIs, via BackendRegistry).
[Lua] Render module registered (via BackendRegistry).
[Lua] DevCore module registered (via BackendRegistry).
[Lua] Debug module registered (10 APIs).
[SaveBinding] KAG save/load functions registered (9 APIs).
[Lua] VFX module registered (10 particle APIs).
[Lua] Engine (backend selection) module registered.
[Lua] KAG module registered (32 APIs, via BackendRegistry).
[Lua] Render module registered (via BackendRegistry).
[Lua] DevCore module registered (via BackendRegistry).
[Lua] Debug module registered (8 APIs).
[Lua] VM initialized.
[Lua] KAG module registered (35 APIs, via BackendRegistry).
[Lua] Render module registered (via BackendRegistry).
[Lua] VFX module registered (10 particle APIs).
[Lua] Debug module registered (10 APIs).
[Lua] DevCore module registered (via BackendRegistry).
[Lua] Unified _CAESURA_BACKEND proxy registered (delegates to Render/KAG/DevCore).
[GameState] ctx table created in Lua registry.
[Lua] Engine (backend selection) module registered.
[Lua] KAG module registered (35 APIs, via BackendRegistry).
[Lua] Render module registered (via BackendRegistry).
[Lua] DevCore module registered (via BackendRegistry).
[Lua] Debug module registered (10 APIs).
[SaveBinding] KAG save/load functions registered (9 APIs).
[Lua] VFX module registered (10 particle APIs).
[Lua] Engine (backend selection) module registered.
[Lua] KAG module registered (32 APIs, via BackendRegistry).
[Lua] Render module registered (via BackendRegistry).
[Lua] DevCore module registered (via BackendRegistry).
[Lua] Debug module registered (8 APIs).
[Lua] VM initialized.
[GameState] ctx table created in Lua registry.
[Lua] Engine (backend selection) module registered.
[Lua] KAG module registered (35 APIs, via BackendRegistry).
[Lua] Render module registered (via BackendRegistry).
[Lua] DevCore module registered (via BackendRegistry).
[Lua] Debug module registered (10 APIs).
[SaveBinding] KAG save/load functions registered (9 APIs).
[Lua] VFX module registered (10 particle APIs).
[Lua] Engine (backend selection) module registered.
[Lua] KAG module registered (32 APIs, via BackendRegistry).
[Lua] Render module registered (via BackendRegistry).
[Lua] DevCore module registered (via BackendRegistry).
[Lua] Debug module registered (8 APIs).
[Lua] VM initialized.
[Lua] VM shut down.
[Lua] VM shut down.
[GameState] ctx table created in Lua registry.
[Lua] Engine (backend selection) module registered.
[Lua] KAG module registered (35 APIs, via BackendRegistry).
[Lua] Render module registered (via BackendRegistry).
[Lua] DevCore module registered (via BackendRegistry).
[Lua] Debug module registered (10 APIs).
[SaveBinding] KAG save/load functions registered (9 APIs).
[Lua] VFX module registered (10 particle APIs).
[Lua] Engine (backend selection) module registered.
[Lua] KAG module registered (32 APIs, via BackendRegistry).
[Lua] Render module registered (via BackendRegistry).
[Lua] DevCore module registered (via BackendRegistry).
[Lua] Debug module registered (8 APIs).
[Lua] VM initialized.
[Sandbox] Strict mode: render operation whitelist active
[Lua] Error loading nonexistent_script.lua: cannot open nonexistent_script.lua: No such file or directory
[Lua] Script environment locked down (sandbox.lua).
[GameState] ctx table created in Lua registry.
[Lua] Engine (backend selection) module registered.
[Lua] KAG module registered (35 APIs, via BackendRegistry).
[Lua] Render module registered (via BackendRegistry).
[Lua] DevCore module registered (via BackendRegistry).
[Lua] Debug module registered (10 APIs).
[SaveBinding] KAG save/load functions registered (9 APIs).
[Lua] VFX module registered (10 particle APIs).
[Lua] Engine (backend selection) module registered.
[Lua] KAG module registered (32 APIs, via BackendRegistry).
[Lua] Render module registered (via BackendRegistry).
[Lua] DevCore module registered (via BackendRegistry).
[Lua] Debug module registered (8 APIs).
[Lua] VM initialized.
[Lua] Loading script: nonexistent_script.lua
[GameState] ctx table created in Lua registry.
[Lua] Engine (backend selection) module registered.
[Lua] KAG module registered (35 APIs, via BackendRegistry).
[Lua] Render module registered (via BackendRegistry).
[Lua] DevCore module registered (via BackendRegistry).
[Lua] Debug module registered (10 APIs).
[SaveBinding] KAG save/load functions registered (9 APIs).
[Lua] VFX module registered (10 particle APIs).
[Lua] Engine (backend selection) module registered.
[Lua] KAG module registered (32 APIs, via BackendRegistry).
[Lua] Render module registered (via BackendRegistry).
[Lua] DevCore module registered (via BackendRegistry).
[Lua] Debug module registered (8 APIs).
[Lua] VM initialized.
[GameState] ctx table created in Lua registry.
[Lua] Engine (backend selection) module registered.
[Lua] KAG module registered (35 APIs, via BackendRegistry).
[Lua] Render module registered (via BackendRegistry).
[Lua] DevCore module registered (via BackendRegistry).
[Lua] Debug module registered (10 APIs).
[SaveBinding] KAG save/load functions registered (9 APIs).
[Lua] VFX module registered (10 particle APIs).
[Lua] Engine (backend selection) module registered.
[Lua] KAG module registered (32 APIs, via BackendRegistry).
[Lua] Render module registered (via BackendRegistry).
[Lua] DevCore module registered (via BackendRegistry).
[Lua] Debug module registered (8 APIs).
[Lua] VM initialized.
[GameState] ctx table created in Lua registry.
[Lua] Engine (backend selection) module registered.
[Lua] KAG module registered (35 APIs, via BackendRegistry).
[Lua] Render module registered (via BackendRegistry).
[Lua] DevCore module registered (via BackendRegistry).
[Lua] Debug module registered (10 APIs).
[SaveBinding] KAG save/load functions registered (9 APIs).
[Lua] VFX module registered (10 particle APIs).
[Lua] Engine (backend selection) module registered.
[Lua] KAG module registered (32 APIs, via BackendRegistry).
[Lua] Render module registered (via BackendRegistry).
[Lua] DevCore module registered (via BackendRegistry).
[Lua] Debug module registered (8 APIs).
[Lua] VM initialized.
[DEBUG] [WARN] HotReload scan failed: recursive_directory_iterator::recursive_directory_iterator: The system cannot find the path specified.: "__missing_hotreload_dir__"
[DEBUG] [INFO] HotReload initialized -- monitoring 0 files in __missing_hotreload_dir__
[DEBUG] [INFO] DebugProtocol initialized -- non-blocking composite Lua hook registered.
[Lua] VM shut down.
[GameState] ctx table created in Lua registry.
[Lua] Engine (backend selection) module registered.
[Lua] KAG module registered (35 APIs, via BackendRegistry).
[Lua] Render module registered (via BackendRegistry).
[Lua] DevCore module registered (via BackendRegistry).
[Lua] Debug module registered (10 APIs).
[SaveBinding] KAG save/load functions registered (9 APIs).
[Lua] VFX module registered (10 particle APIs).
[Lua] Engine (backend selection) module registered.
[Lua] KAG module registered (32 APIs, via BackendRegistry).
[Lua] Render module registered (via BackendRegistry).
[Lua] DevCore module registered (via BackendRegistry).
[Lua] Debug module registered (8 APIs).
[Lua] VM initialized.
[DEBUG] [WARN] HotReload scan failed: recursive_directory_iterator::recursive_directory_iterator: The system cannot find the path specifie[Debug] Paused at debug_budget.lua:2
d.: "__missing_hotreload_dir__"
[DEBUG] [INFO] HotReload initialized -- monitoring 0 files in __missing_hotreload_dir__
[DEBUG] [INFO] DebugProtocol initialized -- non-blocking composite Lua hook registered.
[Lua] VM shut down.
[GameState] ctx table created in Lua registry.
[Lua] Engine (backend selection) module registered.
[Lua] KAG module registered (35 APIs, via BackendRegistry).
[Lua] Render module registered (via BackendRegistry).
[Lua] DevCore module registered (via BackendRegistry).
[Lua] Debug module registered (10 APIs).
[SaveBinding] KAG save/load functions registered (9 APIs).
[Lua] VFX module registered (10 particle APIs).
[Lua] Engine (backend selection) module registered.
[Lua] KAG module registered (32 APIs, via BackendRegistry).
[Lua] Render module registered (via BackendRegistry).
[Lua] DevCore module registered (via BackendRegistry).
[Lua] Debug module registered (8 APIs).
[Lua] VM initialized.
[DEBUG] [WARN] HotReload scan failed: recursive_directory_iterator::recursive_directory_iterator: The system cannot find the path specified.: "__missing_hotreload_dir__"
[DEBUG] [INFO] HotReload initialized -- monitoring 0 files in __missing_hotreload_dir__
[DEBUG] [INFO] DebugProtocol initialized -- non-blocking composite Lua hook registered.
[Lua] VM shut down.
[GameState] ctx table created in Lua registry.
[Lua] Engine (backend selection) module registered.
[Lua] KAG module registered (35 APIs, via BackendRegistry).
[Lua] Render module registered (via BackendRegistry).
[Lua] DevCore module registered (via BackendRegistry).
[Lua] Debug module registered (10 APIs).
[SaveBinding] KAG save/load functions registered (9 APIs).
[Lua] VFX module registered (10 particle APIs).
[Lua] Engine (backend selection) module registered.
[Lua] KAG module registered (32 APIs, via BackendRegistry).
[Lua] Render module registered (via BackendRegistry).
[Lua] DevCore module registered (via BackendRegistry).
[Lua] Debug module registered (8 APIs).
[Lua] VM initialized.
[GameState] ctx table created in Lua registry.
[Lua] Engine (backend selection) module registered.
[Lua] KAG module registered (35 APIs, via BackendRegistry).
[Lua] Render module registered (via BackendRegistry).
[Lua] DevCore module registered (via BackendRegistry).
[Lua] Debug module registered (10 APIs).
[SaveBinding] KAG save/load functions registered (9 APIs).
[Lua] VFX module registered (10 particle APIs).
[Lua] Engine (backend selection) module registered.
[Lua] KAG module registered (32 APIs, via BackendRegistry).
[Lua] Render module registered (via BackendRegistry).
[Lua] DevCore module registered (via BackendRegistry).
[Lua] Debug module registered (8 APIs).
[Lua] VM initialized.
[GameState] ctx table created in Lua registry.
[Lua] Engine (backend selection) module registered.
[Lua] KAG module registered (35 APIs, via BackendRegistry).
[Lua] Render module registered (via BackendRegistry).
[Lua] DevCore module registered (via BackendRegistry).
[Lua] Debug module registered (10 APIs).
[SaveBinding] KAG save/load functions registered (9 APIs).
[Lua] VFX module registered (10 particle APIs).
[Lua] Engine (backend selection) module registered.
[Lua] KAG module registered (32 APIs, via BackendRegistry).
[Lua] Render module registered (via BackendRegistry).
[Lua] DevCore module registered (via BackendRegistry).
[Lua] Debug module registered (8 APIs).
[Lua] VM initialized.
[BackendFactory] Created: render=NullRender audio=NullAudio platform=NullPlatform
[GameState] ctx table created in Lua registry.
[Lua] Engine (backend selection) module registered.
[Lua] KAG module registered (35 APIs, via BackendRegistry).
[Lua] Render module registered (via BackendRegistry).
[Lua] DevCore module registered (via BackendRegistry).
[Lua] Debug module registered (10 APIs).
[SaveBinding] KAG save/load functions registered (9 APIs).
[Lua] VFX module registered (10 particle APIs).
[Lua] Engine (backend selection) module registered.
[Lua] KAG module registered (32 APIs, via BackendRegistry).
[Lua] Render module registered (via BackendRegistry).
[Lua] DevCore module registered (via BackendRegistry).
[Lua] Debug module registered (8 APIs).
[Lua] VM initialized.
[GameState] ctx table created in Lua registry.
[Lua] Engine (backend selection) module registered.
[Lua] KAG module registered (35 APIs, via BackendRegistry).
[Lua] Render module registered (via BackendRegistry).
[Lua] DevCore module registered (via BackendRegistry).
[Lua] Debug module registered (10 APIs).
[SaveBinding] KAG save/load functions registered (9 APIs).
[Lua] VFX module registered (10 particle APIs).
[Lua] Engine (backend selection) module registered.
[Lua] KAG module registered (32 APIs, via BackendRegistry).
[Lua] Render module registered (via BackendRegistry).
[Lua] DevCore module registered (via BackendRegistry).
[Lua] Debug module registered (8 APIs).
[Lua] VM initialized.
[GameState] ctx table created in Lua registry.
[Lua] Engine (backend selection) module registered.
[Lua] KAG module registered (35 APIs, via BackendRegistry).
[Lua] Render module registered (via BackendRegistry).
[Lua] DevCore module registered (via BackendRegistry).
[Lua] Debug module registered (10 APIs).
[SaveBinding] KAG save/load functions registered (9 APIs).
[Lua] VFX module registered (10 particle APIs).
[Lua] Engine (backend selection) module registered.
[Lua] KAG module registered (32 APIs, via BackendRegistry).
[Lua] Render module registered (via BackendRegistry).
[Lua] DevCore module registered (via BackendRegistry).
[Lua] Debug module registered (8 APIs).
[Lua] VM initialized.
[GameState] ctx table created in Lua registry.
[Lua] Engine (backend selection) module registered.
[Lua] KAG module registered (35 APIs, via BackendRegistry).
[Lua] Render module registered (via BackendRegistry).
[Lua] DevCore module registered (via BackendRegistry).
[Lua] Debug module registered (10 APIs).
[SaveBinding] KAG save/load functions registered (9 APIs).
[Lua] VFX module registered (10 particle APIs).
[Lua] Engine (backend selection) module registered.
[Lua] KAG module registered (32 APIs, via BackendRegistry).
[Lua] Render module registered (via BackendRegistry).
[Lua] DevCore module registered (via BackendRegistry).
[Lua] Debug module registered (8 APIs).
[Lua] VM initialized.
[Render] Using NullRenderDevice.
[Platform] Using NullPlatformBackend.
[Lua] KAG module registered (35 APIs, via BackendRegistry).
[Lua] Render module registered (via BackendRegistry).
[Lua] VFX module registered (10 particle APIs).
[Lua] Debug module registered (10 APIs).
[Lua] DevCore module registered (via BackendRegistry).
[Lua] Unified _CAESURA_BACKEND proxy registered (delegates to Render/KAG/DevCore).
[GameState] ctx table created in Lua registry.
[Lua] Engine (backend selection) module registered.
[Lua] KAG module registered (35 APIs, via BackendRegistry).
[Lua] Render module registered (via BackendRegistry).
[Lua] DevCore module registered (via BackendRegistry).
[Lua] Debug module registered (10 APIs).
[SaveBinding] KAG save/load functions registered (9 APIs).
[Lua] VFX module registered (10 particle APIs).
[Lua] Engine (backend selection) module registered.
[Lua] KAG module registered (32 APIs, via BackendRegistry).
[Lua] Render module registered (via BackendRegistry).
[Lua] DevCore module registered (via BackendRegistry).
[Lua] Debug module registered (8 APIs).
[Lua] VM initialized.
[Lua] KAG module registered (35 APIs, via BackendRegistry).
[Lua] Render module registered (via BackendRegistry).
[Lua] VFX module registered (10 particle APIs).
[Lua] Debug module registered (10 APIs).
[Lua] DevCore module registered (via BackendRegistry).
[Lua] Unified _CAESURA_BACKEND proxy registered (delegates to Render/KAG/DevCore).
[DevCore] test message
[GameState] ctx table created in Lua registry.
[Lua] Engine (backend selection) module registered.
[Lua] KAG module registered (35 APIs, via BackendRegistry).
[Lua] Render module registered (via BackendRegistry).
[Lua] DevCore module registered (via BackendRegistry).
[Lua] Debug module registered (10 APIs).
[SaveBinding] KAG save/load functions registered (9 APIs).
[Lua] VFX module registered (10 particle APIs).
[Lua] Engine (backend selection) module registered.
[Lua] KAG module registered (32 APIs, via BackendRegistry).
[Lua] Render module registered (via BackendRegistry).
[Lua] DevCore module registered (via BackendRegistry).
[Lua] Debug module registered (8 APIs).
[Lua] VM initialized.
[Lua] KAG module registered (35 APIs, via BackendRegistry).
[Lua] Render module registered (via BackendRegistry).
[Lua] VFX module registered (10 particle APIs).
[Lua] Debug module registered (10 APIs).
[Lua] DevCore module registered (via BackendRegistry).
[Lua] Unified _CAESURA_BACKEND proxy registered (delegates to Render/KAG/DevCore).
[InputRouter] Focus: KAG   GAME (input=game-only, gameCb=0, kagCb=0)
[DevCore] Input focus -> GAME
[InputRouter] Focus: GAME   KAG (input=kag-only, gameCb=0, kagCb=0)
[DevCore] Input focus -> KAG
[GameState] ctx table created in Lua registry.
[Lua] Engine (backend selection) module registered.
[Lua] KAG module registered (35 APIs, via BackendRegistry).
[Lua] Render module registered (via BackendRegistry).
[Lua] DevCore module registered (via BackendRegistry).
[Lua] Debug module registered (10 APIs).
[SaveBinding] KAG save/load functions registered (9 APIs).
[Lua] VFX module registered (10 particle APIs).
[Lua] Engine (backend selection) module registered.
[Lua] KAG module registered (32 APIs, via BackendRegistry).
[Lua] Render module registered (via BackendRegistry).
[Lua] DevCore module registered (via BackendRegistry).
[Lua] Debug module registered (8 APIs).
[Lua] VM initialized.
[Lua] KAG module registered (35 APIs, via BackendRegistry).
[Lua] Render module registered (via BackendRegistry).
[Lua] VFX module registered (10 particle APIs).
[Lua] Debug module registered (10 APIs).
[Lua] DevCore module registered (via BackendRegistry).
[Lua] Unified _CAESURA_BACKEND proxy registered (delegates to Render/KAG/DevCore).
[GameState] ctx table created in Lua registry.
[Lua] Engine (backend selection) module registered.
[Lua] KAG module registered (35 APIs, via BackendRegistry).
[Lua] Render module registered (via BackendRegistry).
[Lua] DevCore module registered (via BackendRegistry).
[Lua] Debug module registered (10 APIs).
[SaveBinding] KAG save/load functions registered (9 APIs).
[Lua] VFX module registered (10 particle APIs).
[Lua] Engine (backend selection) module registered.
[Lua] KAG module registered (32 APIs, via BackendRegistry).
[Lua] Render module registered (via BackendRegistry).
[Lua] DevCore module registered (via BackendRegistry).
[Lua] Debug module registered (8 APIs).
[Lua] VM initialized.
[Lua] KAG module registered (35 APIs, via BackendRegistry).
[Lua] Render module registered (via BackendRegistry).
[Lua] VFX module registered (10 particle APIs).
[Lua] Debug module registered (10 APIs).
[Lua] DevCore module registered (via BackendRegistry).
[Lua] Unified _CAESURA_BACKEND proxy registered (delegates to Render/KAG/DevCore).
[GameState] ctx table created in Lua registry.
[Lua] Engine (backend selection) module registered.
[Lua] KAG module registered (35 APIs, via BackendRegistry).
[Lua] Render module registered (via BackendRegistry).
[Lua] DevCore module registered (via BackendRegistry).
[Lua] Debug module registered (10 APIs).
[SaveBinding] KAG save/load functions registered (9 APIs).
[Lua] VFX module registered (10 particle APIs).
[Lua] Engine (backend selection) module registered.
[Lua] KAG module registered (32 APIs, via BackendRegistry).
[Lua] Render module registered (via BackendRegistry).
[Lua] DevCore module registered (via BackendRegistry).
[Lua] Debug module registered (8 APIs).
[Lua] VM initialized.
[Lua] KAG module registered (35 APIs, via BackendRegistry).
[Lua] Render module registered (via BackendRegistry).
[Lua] VFX module registered (10 particle APIs).
[Lua] Debug module registered (10 APIs).
[Lua] DevCore module registered (via BackendRegistry).
[Lua] Unified _CAESURA_BACKEND proxy registered (delegates to Render/KAG/DevCore).
[GameState] ctx table created in Lua registry.
[Lua] Engine (backend selection) module registered.
[Lua] KAG module registered (35 APIs, via BackendRegistry).
[Lua] Render module registered (via BackendRegistry).
[Lua] DevCore module registered (via BackendRegistry).
[Lua] Debug module registered (10 APIs).
[SaveBinding] KAG save/load functions registered (9 APIs).
[Lua] VFX module registered (10 particle APIs).
[Lua] Engine (backend selection) module registered.
[Lua] KAG module registered (32 APIs, via BackendRegistry).
[Lua] Render module registered (via BackendRegistry).
[Lua] DevCore module registered (via BackendRegistry).
[Lua] Debug module registered (8 APIs).
[Lua] VM initialized.
[Lua] KAG module registered (35 APIs, via BackendRegistry).
[Lua] Render module registered (via BackendRegistry).
[Lua] VFX module registered (10 particle APIs).
[Lua] Debug module registered (10 APIs).
[Lua] DevCore module registered (via BackendRegistry).
[Lua] Unified _CAESURA_BACKEND proxy registered (delegates to Render/KAG/DevCore).
[GameState] ctx table created in Lua registry.
[Lua] Engine (backend selection) module registered.
[Lua] KAG module registered (35 APIs, via BackendRegistry).
[Lua] Render module registered (via BackendRegistry).
[Lua] DevCore module registered (via BackendRegistry).
[Lua] Debug module registered (10 APIs).
[SaveBinding] KAG save/load functions registered (9 APIs).
[Lua] VFX module registered (10 particle APIs).
[Lua] Engine (backend selection) module registered.
[Lua] KAG module registered (32 APIs, via BackendRegistry).
[Lua] Render module registered (via BackendRegistry).
[Lua] DevCore module registered (via BackendRegistry).
[Lua] Debug module registered (8 APIs).
[Lua] VM initialized.
[Lua] KAG module registered (35 APIs, via BackendRegistry).
[Lua] Render module registered (via BackendRegistry).
[Lua] VFX module registered (10 particle APIs).
[Lua] Debug module registered (10 APIs).
[Lua] DevCore module registered (via BackendRegistry).
[Lua] Unified _CAESURA_BACKEND proxy registered (delegates to Render/KAG/DevCore).
[GameState] ctx table created in Lua registry.
[Lua] Engine (backend selection) module registered.
[Lua] KAG module registered (35 APIs, via BackendRegistry).
[Lua] Render module registered (via BackendRegistry).
[Lua] DevCore module registered (via BackendRegistry).
[Lua] Debug module registered (10 APIs).
[SaveBinding] KAG save/load functions registered (9 APIs).
[Lua] VFX module registered (10 particle APIs).
[Lua] Engine (backend selection) module registered.
[Lua] KAG module registered (32 APIs, via BackendRegistry).
[Lua] Render module registered (via BackendRegistry).
[Lua] DevCore module registered (via BackendRegistry).
[Lua] Debug module registered (8 APIs).
[Lua] VM initialized.
[Lua] KAG module registered (35 APIs, via BackendRegistry).
[Lua] Render module registered (via BackendRegistry).
[Lua] VFX module registered (10 particle APIs).
[Lua] Debug module registered (10 APIs).
[Lua] DevCore module registered (via BackendRegistry).
[Lua] Unified _CAESURA_BACKEND proxy registered (delegates to Render/KAG/DevCore).
[GameState] ctx table created in Lua registry.
[Lua] Engine (backend selection) module registered.
[Lua] KAG module registered (35 APIs, via BackendRegistry).
[Lua] Render module registered (via BackendRegistry).
[Lua] DevCore module registered (via BackendRegistry).
[Lua] Debug module registered (10 APIs).
[SaveBinding] KAG save/load functions registered (9 APIs).
[Lua] VFX module registered (10 particle APIs).
[Lua] Engine (backend selection) module registered.
[Lua] KAG module registered (32 APIs, via BackendRegistry).
[Lua] Render module registered (via BackendRegistry).
[Lua] DevCore module registered (via BackendRegistry).
[Lua] Debug module registered (8 APIs).
[Lua] VM initialized.
[Lua] KAG module registered (35 APIs, via BackendRegistry).
[Lua] Render module registered (via BackendRegistry).
[Lua] VFX module registered (10 particle APIs).
[Lua] Debug module registered (10 APIs).
[Lua] DevCore module registered (via BackendRegistry).
[Lua] Unified _CAESURA_BACKEND proxy registered (delegates to Render/KAG/DevCore).
[GameState] ctx table created in Lua registry.
[Lua] Engine (backend selection) module registered.
[Lua] KAG module registered (35 APIs, via BackendRegistry).
[Lua] Render module registered (via BackendRegistry).
[Lua] DevCore module registered (via BackendRegistry).
[Lua] Debug module registered (10 APIs).
[SaveBinding] KAG save/load functions registered (9 APIs).
[Lua] VFX module registered (10 particle APIs).
[Lua] Engine (backend selection) module registered.
[Lua] KAG module registered (32 APIs, via BackendRegistry).
[Lua] Render module registered (via BackendRegistry).
[Lua] DevCore module registered (via BackendRegistry).
[Lua] Debug module registered (8 APIs).
[Lua] VM initialized.
[Lua] KAG module registered (35 APIs, via BackendRegistry).
[Lua] Render module registered (via BackendRegistry).
[Lua] VFX module registered (10 particle APIs).
[Lua] Debug module registered (10 APIs).
[Lua] DevCore module registered (via BackendRegistry).
[Lua] Unified _CAESURA_BACKEND proxy registered (delegates to Render/KAG/DevCore).
[GameState] ctx table created in Lua registry.
[Lua] Engine (backend selection) module registered.
[Lua] KAG module registered (35 APIs, via BackendRegistry).
[Lua] Render module registered (via BackendRegistry).
[Lua] DevCore module registered (via BackendRegistry).
[Lua] Debug module registered (10 APIs).
[SaveBinding] KAG save/load functions registered (9 APIs).
[Lua] VFX module registered (10 particle APIs).
[Lua] Engine (backend selection) module registered.
[Lua] KAG module registered (32 APIs, via BackendRegistry).
[Lua] Render module registered (via BackendRegistry).
[Lua] DevCore module registered (via BackendRegistry).
[Lua] Debug module registered (8 APIs).
[Lua] VM initialized.
[Lua] Steam module registered (10 APIs).
[GameState] ctx table created in Lua registry.
[Lua] Engine (backend selection) module registered.
[Lua] KAG module registered (35 APIs, via BackendRegistry).
[Lua] Render module registered (via BackendRegistry).
[Lua] DevCore module registered (via BackendRegistry).
[Lua] Debug module registered (10 APIs).
[SaveBinding] KAG save/load functions registered (9 APIs).
[Lua] VFX module registered (10 particle APIs).
[Lua] Engine (backend selection) module registered.
[Lua] KAG module registered (32 APIs, via BackendRegistry).
[Lua] Render module registered (via BackendRegistry).
[Lua] DevCore module registered (via BackendRegistry).
[Lua] Debug module registered (8 APIs).
[Lua] VM initialized.
[Lua] KAG module registered (35 APIs, via BackendRegistry).
[Lua] Render module registered (via BackendRegistry).
[Lua] VFX module registered (10 particle APIs).
[Lua] Debug module registered (10 APIs).
[Lua] DevCore module registered (via BackendRegistry).
[Lua] Unified _CAESURA_BACKEND proxy registered (delegates to Render/KAG/DevCore).
[GameState] ctx table created in Lua registry.
[Lua] Engine (backend selection) module registered.
[Lua] KAG module registered (35 APIs, via BackendRegistry).
[Lua] Render module registered (via BackendRegistry).
[Lua] DevCore module registered (via BackendRegistry).
[Lua] Debug module registered (10 APIs).
[SaveBinding] KAG save/load functions registered (9 APIs).
[Lua] VFX module registered (10 particle APIs).
[Lua] Engine (backend selection) module registered.
[Lua] KAG module registered (32 APIs, via BackendRegistry).
[Lua] Render module registered (via BackendRegistry).
[Lua] DevCore module registered (via BackendRegistry).
[Lua] Debug module registered (8 APIs).
[Lua] VM initialized.
[Lua] KAG module registered (35 APIs, via BackendRegistry).
[Lua] Render module registered (via BackendRegistry).
[Lua] VFX module registered (10 particle APIs).
[Lua] Debug module registered (10 APIs).
[Lua] DevCore module registered (via BackendRegistry).
[Lua] Unified _CAESURA_BACKEND proxy registered (delegates to Render/KAG/DevCore).
[GameState] ctx table created in Lua registry.
[Lua] Engine (backend selection) module registered.
[Lua] KAG module registered (35 APIs, via BackendRegistry).
[Lua] Render module registered (via BackendRegistry).
[Lua] DevCore module registered (via BackendRegistry).
[Lua] Debug module registered (10 APIs).
[SaveBinding] KAG save/load functions registered (9 APIs).
[Lua] VFX module registered (10 particle APIs).
[Lua] Engine (backend selection) module registered.
[Lua] KAG module registered (32 APIs, via BackendRegistry).
[Lua] Render module registered (via BackendRegistry).
[Lua] DevCore module registered (via BackendRegistry).
[Lua] Debug module registered (8 APIs).
[Lua] VM initialized.
[Lua] KAG module registered (35 APIs, via BackendRegistry).
[Lua] Render module registered (via BackendRegistry).
[Lua] VFX module registered (10 particle APIs).
[Lua] Debug module registered (10 APIs).
[Lua] DevCore module registered (via BackendRegistry).
[Lua] Unified _CAESURA_BACKEND proxy registered (delegates to Render/KAG/DevCore).
[GameState] ctx table created in Lua registry.
[Lua] Engine (backend selection) module registered.
[Lua] KAG module registered (35 APIs, via BackendRegistry).
[Lua] Render module registered (via BackendRegistry).
[Lua] DevCore module registered (via BackendRegistry).
[Lua] Debug module registered (10 APIs).
[SaveBinding] KAG save/load functions registered (9 APIs).
[Lua] VFX module registered (10 particle APIs).
[Lua] Engine (backend selection) module registered.
[Lua] KAG module registered (32 APIs, via BackendRegistry).
[Lua] Render module registered (via BackendRegistry).
[Lua] DevCore module registered (via BackendRegistry).
[Lua] Debug module registered (8 APIs).
[Lua] VM initialized.
[GameState] ctx table created in Lua registry.
[Lua] Engine (backend selection) module registered.
[Lua] KAG module registered (35 APIs, via BackendRegistry).
[Lua] Render module registered (via BackendRegistry).
[Lua] DevCore module registered (via BackendRegistry).
[Lua] Debug module registered (10 APIs).
[SaveBinding] KAG save/load functions registered (9 APIs).
[Lua] VFX module registered (10 particle APIs).
[Lua] Engine (backend selection) module registered.
[Lua] KAG module registered (32 APIs, via BackendRegistry).
[Lua] Render module registered (via BackendRegistry).
[Lua] DevCore module registered (via BackendRegistry).
[Lua] Debug module registered (8 APIs).
[Lua] VM initialized.
[GameState] ctx table created in Lua registry.
[Lua] Engine (backend selection) module registered.
[Lua] KAG module registered (35 APIs, via BackendRegistry).
[Lua] Render module registered (via BackendRegistry).
[Lua] DevCore module registered (via BackendRegistry).
[Lua] Debug module registered (10 APIs).
[SaveBinding] KAG save/load functions registered (9 APIs).
[Lua] VFX module registered (10 particle APIs).
[Lua] Engine (backend selection) module registered.
[Lua] KAG module registered (32 APIs, via BackendRegistry).
[Lua] Render module registered (via BackendRegistry).
[Lua] DevCore module registered (via BackendRegistry).
[Lua] Debug module registered (8 APIs).
[Lua] VM initialized.
[GameState] ctx table created in Lua registry.
[Lua] Engine (backend selection) module registered.
[Lua] KAG module registered (35 APIs, via BackendRegistry).
[Lua] Render module registered (via BackendRegistry).
[Lua] DevCore module registered (via BackendRegistry).
[Lua] Debug module registered (10 APIs).
[SaveBinding] KAG save/load functions registered (9 APIs).
[Lua] VFX module registered (10 particle APIs).
[Lua] Engine (backend selection) module registered.
[Lua] KAG module registered (32 APIs, via BackendRegistry).
[Lua] Render module registered (via BackendRegistry).
[Lua] DevCore module registered (via BackendRegistry).
[Lua] Debug module registered (8 APIs).
[Lua] VM initialized.
[GameState] ctx table created in Lua registry.
[Lua] Engine (backend selection) module registered.
[Lua] KAG module registered (35 APIs, via BackendRegistry).
[Lua] Render module registered (via BackendRegistry).
[Lua] DevCore module registered (via BackendRegistry).
[Lua] Debug module registered (10 APIs).
[SaveBinding] KAG save/load functions registered (9 APIs).
[Lua] VFX module registered (10 particle APIs).
[Lua] Engine (backend selection) module registered.
[Lua] KAG module registered (32 APIs, via BackendRegistry).
[Lua] Render module registered (via BackendRegistry).
[Lua] DevCore module registered (via BackendRegistry).
[Lua] Debug module registered (8 APIs).
[Lua] VM initialized.
[Lua] KAG module registered (35 APIs, via BackendRegistry).
[Lua] Render module registered (via BackendRegistry).
[Lua] VFX module registered (10 particle APIs).
[Lua] Debug module registered (10 APIs).
[Lua] DevCore module registered (via BackendRegistry).
[GameState] ctx table created in Lua registry.
[Lua] Engine (backend selection) module registered.
[Lua] KAG module registered (35 APIs, via BackendRegistry).
[Lua] Render module registered (via BackendRegistry).
[Lua] DevCore module registered (via BackendRegistry).
[Lua] Debug module registered (10 APIs).
[SaveBinding] KAG save/load functions registered (9 APIs).
[Lua] VFX module registered (10 particle APIs).
[Lua] Engine (backend selection) module registered.
[Lua] KAG module registered (32 APIs, via BackendRegistry).
[Lua] Render module registered (via BackendRegistry).
[Lua] DevCore module registered (via BackendRegistry).
[Lua] Debug module registered (8 APIs).
[Lua] VM initialized.
[Lua] KAG module registered (35 APIs, via BackendRegistry).
[Lua] Render module registered (via BackendRegistry).
[Lua] VFX module registered (10 particle APIs).
[Lua] Debug module registered (10 APIs).
[Lua] DevCore module registered (via BackendRegistry).
[GameState] ctx table created in Lua registry.
[Lua] Engine (backend selection) module registered.
[Lua] KAG module registered (35 APIs, via BackendRegistry).
[Lua] Render module registered (via BackendRegistry).
[Lua] DevCore module registered (via BackendRegistry).
[Lua] Debug module registered (10 APIs).
[SaveBinding] KAG save/load functions registered (9 APIs).
[Lua] VFX module registered (10 particle APIs).
[Lua] Engine (backend selection) module registered.
[Lua] KAG module registered (32 APIs, via BackendRegistry).
[Lua] Render module registered (via BackendRegistry).
[Lua] DevCore module registered (via BackendRegistry).
[Lua] Debug module registered (8 APIs).
[Lua] VM initialized.
[Lua] KAG module registered (35 APIs, via BackendRegistry).
[Lua] Render module registered (via BackendRegistry).
[Lua] VFX module registered (10 particle APIs).
[Lua] Debug module registered (10 APIs).
[Lua] DevCore module registered (via BackendRegistry).
[GameState] ctx table created in Lua registry.
[Lua] Engine (backend selection) module registered.
[Lua] KAG module registered (35 APIs, via BackendRegistry).
[Lua] Render module registered (via BackendRegistry).
[Lua] DevCore module registered (via BackendRegistry).
[Lua] Debug module registered (10 APIs).
[SaveBinding] KAG save/load functions registered (9 APIs).
[Lua] VFX module registered (10 particle APIs).
[Lua] Engine (backend selection) module registered.
[Lua] KAG module registered (32 APIs, via BackendRegistry).
[Lua] Render module registered (via BackendRegistry).
[Lua] DevCore module registered (via BackendRegistry).
[Lua] Debug module registered (8 APIs).
[Lua] VM initialized.
[Lua] KAG module registered (35 APIs, via BackendRegistry).
[Lua] Render module registered (via BackendRegistry).
[Lua] VFX module registered (10 particle APIs).
[Lua] Debug module registered (10 APIs).
[Lua] DevCore module registered (via BackendRegistry).
[Lua] Unified _CAESURA_BACKEND proxy registered (delegates to Render/KAG/DevCore).
[WARN] [jump] label not found: nonexistent
[GameState] ctx table created in Lua registry.
[Lua] Engine (backend selection) module registered.
[Lua] KAG module registered (35 APIs, via BackendRegistry).
[Lua] Render module registered (via BackendRegistry).
[Lua] DevCore module registered (via BackendRegistry).
[Lua] Debug module registered (10 APIs).
[SaveBinding] KAG save/load functions registered (9 APIs).
[Lua] VFX module registered (10 particle APIs).
[Lua] Engine (backend selection) module registered.
[Lua] KAG module registered (32 APIs, via BackendRegistry).
[Lua] Render module registered (via BackendRegistry).
[Lua] DevCore module registered (via BackendRegistry).
[Lua] Debug module registered (8 APIs).
[Lua] VM initialized.
[Lua] KAG module registered (35 APIs, via BackendRegistry).
[Lua] Render module registered (via BackendRegistry).
[Lua] VFX module registered (10 particle APIs).
[Lua] Debug module registered (10 APIs).
[Lua] DevCore module registered (via BackendRegistry).
[Lua] Unified _CAESURA_BACKEND proxy registered (delegates to Render/KAG/DevCore).
[WARN] [jump] missing target/label/storage parameter
[GameState] ctx table created in Lua registry.
[Lua] Engine (backend selection) module registered.
[Lua] KAG module registered (35 APIs, via BackendRegistry).
[Lua] Render module registered (via BackendRegistry).
[Lua] DevCore module registered (via BackendRegistry).
[Lua] Debug module registered (10 APIs).
[SaveBinding] KAG save/load functions registered (9 APIs).
[Lua] VFX module registered (10 particle APIs).
[Lua] Engine (backend selection) module registered.
[Lua] KAG module registered (32 APIs, via BackendRegistry).
[Lua] Render module registered (via BackendRegistry).
[Lua] DevCore module registered (via BackendRegistry).
[Lua] Debug module registered (8 APIs).
[Lua] VM initialized.
[Lua] KAG module registered (35 APIs, via BackendRegistry).
[Lua] Render module registered (via BackendRegistry).
[Lua] VFX module registered (10 particle APIs).
[Lua] Debug module registered (10 APIs).
[Lua] DevCore module registered (via BackendRegistry).
[GameState] ctx table created in Lua registry.
[Lua] Engine (backend selection) module registered.
[Lua] KAG module registered (35 APIs, via BackendRegistry).
[Lua] Render module registered (via BackendRegistry).
[Lua] DevCore module registered (via BackendRegistry).
[Lua] Debug module registered (10 APIs).
[SaveBinding] KAG save/load functions registered (9 APIs).
[Lua] VFX module registered (10 particle APIs).
[Lua] Engine (backend selection) module registered.
[Lua] KAG module registered (32 APIs, via BackendRegistry).
[Lua] Render module registered (via BackendRegistry).
[Lua] DevCore module registered (via BackendRegistry).
[Lua] Debug module registered (8 APIs).
[Lua] VM initialized.
[Lua] KAG module registered (35 APIs, via BackendRegistry).
[Lua] Render module registered (via BackendRegistry).
[Lua] VFX module registered (10 particle APIs).
[Lua] Debug module registered (10 APIs).
[Lua] DevCore module registered (via BackendRegistry).
[ParticleSystem] Emitter 0 created
[GameState] ctx table created in Lua registry.
[Lua] Engine (backend selection) module registered.
[Lua] KAG module registered (35 APIs, via BackendRegistry).
[Lua] Render module registered (via BackendRegistry).
[Lua] DevCore module registered (via BackendRegistry).
[Lua] Debug module registered (10 APIs).
[SaveBinding] KAG save/load functions registered (9 APIs).
[Lua] VFX module registered (10 particle APIs).
[Lua] Engine (backend selection) module registered.
[Lua] KAG module registered (32 APIs, via BackendRegistry).
[Lua] Render module registered (via BackendRegistry).
[Lua] DevCore module registered (via BackendRegistry).
[Lua] Debug module registered (8 APIs).
[Lua] VM initialized.
[GameState] ctx table created in Lua registry.
[Lua] Engine (backend selection) module registered.
[Lua] KAG module registered (35 APIs, via BackendRegistry).
[Lua] Render module registered (via BackendRegistry).
[Lua] DevCore module registered (via BackendRegistry).
[Lua] Debug module registered (10 APIs).
[SaveBinding] KAG save/load functions registered (9 APIs).
[Lua] VFX module registered (10 particle APIs).
[Lua] Engine (backend selection) module registered.
[Lua] KAG module registered (32 APIs, via BackendRegistry).
[Lua] Render module registered (via BackendRegistry).
[Lua] DevCore module registered (via BackendRegistry).
[Lua] Debug module registered (8 APIs).
[Lua] VM initialized.
[Lua] KAG module registered (35 APIs, via BackendRegistry).
[Lua] Render module registered (via BackendRegistry).
[Lua] VFX module registered (10 particle APIs).
[Lua] Debug module registered (10 APIs).
[Lua] DevCore module registered (via BackendRegistry).
[GameState] ctx table created in Lua registry.
[Lua] Engine (backend selection) module registered.
[Lua] KAG module registered (35 APIs, via BackendRegistry).
[Lua] Render module registered (via BackendRegistry).
[Lua] DevCore module registered (via BackendRegistry).
[Lua] Debug module registered (10 APIs).
[SaveBinding] KAG save/load functions registered (9 APIs).
[Lua] VFX module registered (10 particle APIs).
[Lua] Engine (backend selection) module registered.
[Lua] KAG module registered (32 APIs, via BackendRegistry).
[Lua] Render module registered (via BackendRegistry).
[Lua] DevCore module registered (via BackendRegistry).
[Lua] Debug module registered (8 APIs).
[Lua] VM initialized.
[Lua] KAG module registered (35 APIs, via BackendRegistry).
[Lua] Render module registered (via BackendRegistry).
[Lua] VFX module registered (10 particle APIs).
[Lua] Debug module registered (10 APIs).
[Lua] DevCore module registered (via BackendRegistry).
[GameState] ctx table created in Lua registry.
[Lua] Engine (backend selection) module registered.
[Lua] KAG module registered (35 APIs, via BackendRegistry).
[Lua] Render module registered (via BackendRegistry).
[Lua] DevCore module registered (via BackendRegistry).
[Lua] Debug module registered (10 APIs).
[SaveBinding] KAG save/load functions registered (9 APIs).
[Lua] VFX module registered (10 particle APIs).
[Lua] Engine (backend selection) module registered.
[Lua] KAG module registered (32 APIs, via BackendRegistry).
[Lua] Render module registered (via BackendRegistry).
[Lua] DevCore module registered (via BackendRegistry).
[Lua] Debug module registered (8 APIs).
[Lua] VM initialized.
[Lua] KAG module registered (35 APIs, via BackendRegistry).
[Lua] Render module registered (via BackendRegistry).
[Lua] VFX module registered (10 particle APIs).
[Lua] Debug module registered (10 APIs).
[Lua] DevCore module registered (via BackendRegistry).
===============================================================================
[doctest] test cases:  89 |  89 passed | 0 failed | 427 skipped
[doctest] assertions: 311 | 311 passed | 0 failed |
[doctest] Status: SUCCESS!
<end of output>
Test time =   0.67 sec
----------------------------------------------------------
Test Passed.
"CaesuraScriptTests" end time: Jul 26 03:12 ÖÐ¹ú±ê×¼Ê±¼ä
"CaesuraScriptTests" time elapsed: 00:00:00
----------------------------------------------------------

End testing: Jul 26 03:12 ÖÐ¹ú±ê×¼Ê±¼ä

assets =   0.12 sec*proc

lua =   0.67 sec*proc

script =   0.67 sec*proc

setup =   0.12 sec*proc

